mode: atomic
github.com/MommusWinner/MicroDurak/internal/services/game/core/checkers.go:8.54,9.29 1 16
github.com/MommusWinner/MicroDurak/internal/services/game/core/checkers.go:9.29,11.3 1 0
github.com/MommusWinner/MicroDurak/internal/services/game/core/checkers.go:13.2,13.48 1 16
github.com/MommusWinner/MicroDurak/internal/services/game/core/checkers.go:13.48,14.42 1 1
github.com/MommusWinner/MicroDurak/internal/services/game/core/checkers.go:14.42,16.4 1 0
github.com/MommusWinner/MicroDurak/internal/services/game/core/checkers.go:17.3,17.21 1 1
github.com/MommusWinner/MicroDurak/internal/services/game/core/checkers.go:18.8,19.30 1 15
github.com/MommusWinner/MicroDurak/internal/services/game/core/checkers.go:19.30,21.4 1 15
github.com/MommusWinner/MicroDurak/internal/services/game/core/checkers.go:22.3,22.29 1 0
github.com/MommusWinner/MicroDurak/internal/services/game/core/checkers.go:26.54,27.29 1 5
github.com/MommusWinner/MicroDurak/internal/services/game/core/checkers.go:27.29,29.3 1 0
github.com/MommusWinner/MicroDurak/internal/services/game/core/checkers.go:30.2,30.20 1 5
github.com/MommusWinner/MicroDurak/internal/services/game/core/checkers.go:33.63,35.16 2 16
github.com/MommusWinner/MicroDurak/internal/services/game/core/checkers.go:35.16,38.3 2 0
github.com/MommusWinner/MicroDurak/internal/services/game/core/checkers.go:39.2,39.20 1 16
github.com/MommusWinner/MicroDurak/internal/services/game/core/checkers.go:42.42,43.29 1 17
github.com/MommusWinner/MicroDurak/internal/services/game/core/checkers.go:43.29,45.3 1 0
github.com/MommusWinner/MicroDurak/internal/services/game/core/checkers.go:46.2,47.70 2 17
github.com/MommusWinner/MicroDurak/internal/services/game/core/checkers.go:47.70,49.3 1 1
github.com/MommusWinner/MicroDurak/internal/services/game/core/checkers.go:50.2,50.20 1 16
github.com/MommusWinner/MicroDurak/internal/services/game/core/checkers.go:53.42,54.29 1 5
github.com/MommusWinner/MicroDurak/internal/services/game/core/checkers.go:54.29,56.3 1 0
github.com/MommusWinner/MicroDurak/internal/services/game/core/checkers.go:57.2,58.70 2 5
github.com/MommusWinner/MicroDurak/internal/services/game/core/checkers.go:58.70,60.3 1 1
github.com/MommusWinner/MicroDurak/internal/services/game/core/checkers.go:61.2,61.20 1 4
github.com/MommusWinner/MicroDurak/internal/services/game/core/checkers.go:64.51,65.43 1 3
github.com/MommusWinner/MicroDurak/internal/services/game/core/checkers.go:65.43,67.3 1 1
github.com/MommusWinner/MicroDurak/internal/services/game/core/checkers.go:68.2,68.20 1 2
github.com/MommusWinner/MicroDurak/internal/services/game/core/checkers.go:71.60,74.22 2 4
github.com/MommusWinner/MicroDurak/internal/services/game/core/checkers.go:74.22,76.3 1 0
github.com/MommusWinner/MicroDurak/internal/services/game/core/checkers.go:78.2,78.20 1 4
github.com/MommusWinner/MicroDurak/internal/services/game/core/checkers.go:81.82,83.24 2 4
github.com/MommusWinner/MicroDurak/internal/services/game/core/checkers.go:83.24,85.3 1 0
github.com/MommusWinner/MicroDurak/internal/services/game/core/checkers.go:87.2,87.20 1 4
github.com/MommusWinner/MicroDurak/internal/services/game/core/checkers.go:90.42,91.18 1 23
github.com/MommusWinner/MicroDurak/internal/services/game/core/checkers.go:91.18,93.3 1 0
github.com/MommusWinner/MicroDurak/internal/services/game/core/checkers.go:95.2,95.20 1 23
github.com/MommusWinner/MicroDurak/internal/services/game/core/checkers.go:98.43,99.28 1 4
github.com/MommusWinner/MicroDurak/internal/services/game/core/checkers.go:99.28,101.3 1 0
github.com/MommusWinner/MicroDurak/internal/services/game/core/checkers.go:103.2,103.20 1 4
github.com/MommusWinner/MicroDurak/internal/services/game/core/checkers.go:106.46,107.35 1 4
github.com/MommusWinner/MicroDurak/internal/services/game/core/checkers.go:107.35,109.3 1 0
github.com/MommusWinner/MicroDurak/internal/services/game/core/checkers.go:111.2,111.20 1 4
github.com/MommusWinner/MicroDurak/internal/services/game/core/checkers.go:114.53,115.28 1 12
github.com/MommusWinner/MicroDurak/internal/services/game/core/checkers.go:115.28,117.3 1 0
github.com/MommusWinner/MicroDurak/internal/services/game/core/checkers.go:119.2,119.20 1 12
github.com/MommusWinner/MicroDurak/internal/services/game/core/checkers.go:122.47,124.30 2 12
github.com/MommusWinner/MicroDurak/internal/services/game/core/checkers.go:124.30,126.3 1 0
github.com/MommusWinner/MicroDurak/internal/services/game/core/checkers.go:128.2,128.20 1 12
github.com/MommusWinner/MicroDurak/internal/services/game/core/checkers.go:131.47,132.39 1 23
github.com/MommusWinner/MicroDurak/internal/services/game/core/checkers.go:132.39,133.31 1 117
github.com/MommusWinner/MicroDurak/internal/services/game/core/checkers.go:133.31,135.4 1 3
github.com/MommusWinner/MicroDurak/internal/services/game/core/checkers.go:138.2,138.20 1 20
github.com/MommusWinner/MicroDurak/internal/services/game/core/command_handlers.go:8.78,19.30 3 4
github.com/MommusWinner/MicroDurak/internal/services/game/core/command_handlers.go:19.30,25.3 1 0
github.com/MommusWinner/MicroDurak/internal/services/game/core/command_handlers.go:27.2,32.46 4 4
github.com/MommusWinner/MicroDurak/internal/services/game/core/command_handlers.go:32.46,35.83 2 3
github.com/MommusWinner/MicroDurak/internal/services/game/core/command_handlers.go:35.83,37.4 1 0
github.com/MommusWinner/MicroDurak/internal/services/game/core/command_handlers.go:37.9,37.60 1 3
github.com/MommusWinner/MicroDurak/internal/services/game/core/command_handlers.go:37.60,39.4 1 0
github.com/MommusWinner/MicroDurak/internal/services/game/core/command_handlers.go:39.9,39.60 1 3
github.com/MommusWinner/MicroDurak/internal/services/game/core/command_handlers.go:39.60,41.4 1 1
github.com/MommusWinner/MicroDurak/internal/services/game/core/command_handlers.go:44.2,48.3 1 4
github.com/MommusWinner/MicroDurak/internal/services/game/core/command_handlers.go:51.87,61.28 2 12
github.com/MommusWinner/MicroDurak/internal/services/game/core/command_handlers.go:61.28,65.3 1 3
github.com/MommusWinner/MicroDurak/internal/services/game/core/command_handlers.go:67.2,68.41 2 12
github.com/MommusWinner/MicroDurak/internal/services/game/core/command_handlers.go:68.41,70.3 1 1
github.com/MommusWinner/MicroDurak/internal/services/game/core/command_handlers.go:72.2,72.30 1 12
github.com/MommusWinner/MicroDurak/internal/services/game/core/command_handlers.go:72.30,78.3 1 2
github.com/MommusWinner/MicroDurak/internal/services/game/core/command_handlers.go:80.2,86.16 6 10
github.com/MommusWinner/MicroDurak/internal/services/game/core/command_handlers.go:86.16,92.3 1 0
github.com/MommusWinner/MicroDurak/internal/services/game/core/command_handlers.go:93.2,103.3 4 10
github.com/MommusWinner/MicroDurak/internal/services/game/core/command_handlers.go:106.87,123.41 2 4
github.com/MommusWinner/MicroDurak/internal/services/game/core/command_handlers.go:123.41,125.3 1 1
github.com/MommusWinner/MicroDurak/internal/services/game/core/command_handlers.go:127.2,127.30 1 4
github.com/MommusWinner/MicroDurak/internal/services/game/core/command_handlers.go:127.30,133.3 1 1
github.com/MommusWinner/MicroDurak/internal/services/game/core/command_handlers.go:135.2,151.59 4 3
github.com/MommusWinner/MicroDurak/internal/services/game/core/command_handlers.go:151.59,153.3 1 3
github.com/MommusWinner/MicroDurak/internal/services/game/core/command_handlers.go:155.2,159.3 1 3
github.com/MommusWinner/MicroDurak/internal/services/game/core/command_handlers.go:162.80,170.30 2 1
github.com/MommusWinner/MicroDurak/internal/services/game/core/command_handlers.go:170.30,176.3 1 0
github.com/MommusWinner/MicroDurak/internal/services/game/core/command_handlers.go:178.2,196.3 10 1
github.com/MommusWinner/MicroDurak/internal/services/game/core/command_handlers.go:199.74,200.37 1 22
github.com/MommusWinner/MicroDurak/internal/services/game/core/command_handlers.go:200.37,206.3 1 0
github.com/MommusWinner/MicroDurak/internal/services/game/core/command_handlers.go:208.2,210.39 2 22
github.com/MommusWinner/MicroDurak/internal/services/game/core/command_handlers.go:210.39,215.3 4 10
github.com/MommusWinner/MicroDurak/internal/services/game/core/command_handlers.go:215.8,217.3 1 12
github.com/MommusWinner/MicroDurak/internal/services/game/core/command_handlers.go:219.2,223.3 1 22
github.com/MommusWinner/MicroDurak/internal/services/game/core/command_handlers.go:226.85,233.30 2 1
github.com/MommusWinner/MicroDurak/internal/services/game/core/command_handlers.go:233.30,239.3 1 0
github.com/MommusWinner/MicroDurak/internal/services/game/core/command_handlers.go:241.2,241.52 1 1
github.com/MommusWinner/MicroDurak/internal/services/game/core/command_handlers.go:241.52,243.3 1 0
github.com/MommusWinner/MicroDurak/internal/services/game/core/command_handlers.go:245.2,245.28 1 1
github.com/MommusWinner/MicroDurak/internal/services/game/core/command_handlers.go:245.28,250.3 2 1
github.com/MommusWinner/MicroDurak/internal/services/game/core/command_handlers.go:250.8,252.3 1 0
github.com/MommusWinner/MicroDurak/internal/services/game/core/command_handlers.go:254.2,258.3 1 1
github.com/MommusWinner/MicroDurak/internal/services/game/core/command_handlers.go:261.85,268.30 2 1
github.com/MommusWinner/MicroDurak/internal/services/game/core/command_handlers.go:268.30,274.3 1 0
github.com/MommusWinner/MicroDurak/internal/services/game/core/command_handlers.go:276.2,276.52 1 1
github.com/MommusWinner/MicroDurak/internal/services/game/core/command_handlers.go:276.52,278.3 1 0
github.com/MommusWinner/MicroDurak/internal/services/game/core/command_handlers.go:280.2,280.28 1 1
github.com/MommusWinner/MicroDurak/internal/services/game/core/command_handlers.go:280.28,285.3 2 1
github.com/MommusWinner/MicroDurak/internal/services/game/core/command_handlers.go:285.8,287.3 1 0
github.com/MommusWinner/MicroDurak/internal/services/game/core/command_handlers.go:289.2,293.3 1 1
github.com/MommusWinner/MicroDurak/internal/services/game/core/core.go:86.88,89.16 2 0
github.com/MommusWinner/MicroDurak/internal/services/game/core/core.go:89.16,91.3 1 0
github.com/MommusWinner/MicroDurak/internal/services/game/core/core.go:93.2,99.25 5 0
github.com/MommusWinner/MicroDurak/internal/services/game/core/core.go:99.25,101.3 1 0
github.com/MommusWinner/MicroDurak/internal/services/game/core/core.go:101.8,103.3 1 0
github.com/MommusWinner/MicroDurak/internal/services/game/core/core.go:105.2,105.18 1 0
github.com/MommusWinner/MicroDurak/internal/services/game/core/core.go:108.48,115.25 5 0
github.com/MommusWinner/MicroDurak/internal/services/game/core/core.go:115.25,117.3 1 0
github.com/MommusWinner/MicroDurak/internal/services/game/core/core.go:117.8,119.3 1 0
github.com/MommusWinner/MicroDurak/internal/services/game/core/core.go:122.53,129.23 6 10
github.com/MommusWinner/MicroDurak/internal/services/game/core/core.go:129.23,140.3 3 22
github.com/MommusWinner/MicroDurak/internal/services/game/core/core.go:142.2,155.16 5 10
github.com/MommusWinner/MicroDurak/internal/services/game/core/core.go:155.17,157.3 0 0
github.com/MommusWinner/MicroDurak/internal/services/game/core/core.go:158.2,160.19 2 10
github.com/MommusWinner/MicroDurak/internal/services/game/core/core.go:163.66,166.16 3 0
github.com/MommusWinner/MicroDurak/internal/services/game/core/core.go:166.16,168.3 1 0
github.com/MommusWinner/MicroDurak/internal/services/game/core/core.go:170.2,175.16 4 0
github.com/MommusWinner/MicroDurak/internal/services/game/core/core.go:175.16,177.3 1 0
github.com/MommusWinner/MicroDurak/internal/services/game/core/core.go:179.2,181.19 2 0
github.com/MommusWinner/MicroDurak/internal/services/game/core/core.go:184.69,187.16 3 0
github.com/MommusWinner/MicroDurak/internal/services/game/core/core.go:187.16,189.3 1 0
github.com/MommusWinner/MicroDurak/internal/services/game/core/core.go:191.2,192.16 2 0
github.com/MommusWinner/MicroDurak/internal/services/game/core/core.go:192.16,194.3 1 0
github.com/MommusWinner/MicroDurak/internal/services/game/core/core.go:196.2,198.24 2 0
github.com/MommusWinner/MicroDurak/internal/services/game/core/core.go:199.20,200.43 1 0
github.com/MommusWinner/MicroDurak/internal/services/game/core/core.go:201.21,204.50 3 0
github.com/MommusWinner/MicroDurak/internal/services/game/core/core.go:205.21,208.50 3 0
github.com/MommusWinner/MicroDurak/internal/services/game/core/core.go:209.25,210.47 1 0
github.com/MommusWinner/MicroDurak/internal/services/game/core/core.go:211.29,212.49 1 0
github.com/MommusWinner/MicroDurak/internal/services/game/core/core.go:213.33,214.54 1 0
github.com/MommusWinner/MicroDurak/internal/services/game/core/core.go:215.33,216.54 1 0
github.com/MommusWinner/MicroDurak/internal/services/game/core/core.go:217.10,222.4 1 0
github.com/MommusWinner/MicroDurak/internal/services/game/core/core.go:225.2,225.44 1 0
github.com/MommusWinner/MicroDurak/internal/services/game/core/core.go:228.35,231.2 2 13
github.com/MommusWinner/MicroDurak/internal/services/game/core/core.go:233.35,236.2 2 10
github.com/MommusWinner/MicroDurak/internal/services/game/core/core.go:238.34,240.2 1 5
github.com/MommusWinner/MicroDurak/internal/services/game/core/core.go:242.34,244.2 1 5
github.com/MommusWinner/MicroDurak/internal/services/game/core/core.go:246.72,248.16 2 13
github.com/MommusWinner/MicroDurak/internal/services/game/core/core.go:248.16,250.3 1 0
github.com/MommusWinner/MicroDurak/internal/services/game/core/core.go:252.2,252.28 1 13
github.com/MommusWinner/MicroDurak/internal/services/game/core/core.go:252.28,253.63 1 13
github.com/MommusWinner/MicroDurak/internal/services/game/core/core.go:253.63,256.4 2 13
github.com/MommusWinner/MicroDurak/internal/services/game/core/core.go:259.2,259.37 1 0
github.com/MommusWinner/MicroDurak/internal/services/game/core/core.go:262.70,263.30 1 3
github.com/MommusWinner/MicroDurak/internal/services/game/core/core.go:263.30,264.89 1 3
github.com/MommusWinner/MicroDurak/internal/services/game/core/core.go:264.89,265.78 1 3
github.com/MommusWinner/MicroDurak/internal/services/game/core/core.go:265.78,268.5 2 3
github.com/MommusWinner/MicroDurak/internal/services/game/core/core.go:268.10,270.5 1 0
github.com/MommusWinner/MicroDurak/internal/services/game/core/core.go:274.2,274.14 1 0
github.com/MommusWinner/MicroDurak/internal/services/game/core/core.go:277.85,282.53 3 1
github.com/MommusWinner/MicroDurak/internal/services/game/core/core.go:282.53,283.24 1 2
github.com/MommusWinner/MicroDurak/internal/services/game/core/core.go:283.24,286.4 2 1
github.com/MommusWinner/MicroDurak/internal/services/game/core/core.go:287.3,288.41 2 2
github.com/MommusWinner/MicroDurak/internal/services/game/core/core.go:288.41,289.14 1 0
github.com/MommusWinner/MicroDurak/internal/services/game/core/core.go:291.3,291.41 1 2
github.com/MommusWinner/MicroDurak/internal/services/game/core/core.go:294.2,294.23 1 1
github.com/MommusWinner/MicroDurak/internal/services/game/core/core.go:297.81,299.31 2 1
github.com/MommusWinner/MicroDurak/internal/services/game/core/core.go:299.31,303.32 3 2
github.com/MommusWinner/MicroDurak/internal/services/game/core/core.go:303.32,310.4 5 8
github.com/MommusWinner/MicroDurak/internal/services/game/core/core.go:311.3,314.4 1 2
github.com/MommusWinner/MicroDurak/internal/services/game/core/core.go:317.2,319.15 2 1
github.com/MommusWinner/MicroDurak/internal/services/game/core/core.go:322.28,326.35 3 10
github.com/MommusWinner/MicroDurak/internal/services/game/core/core.go:326.35,327.37 1 40
github.com/MommusWinner/MicroDurak/internal/services/game/core/core.go:327.37,333.4 2 360
github.com/MommusWinner/MicroDurak/internal/services/game/core/core.go:336.2,336.13 1 10
github.com/MommusWinner/MicroDurak/internal/services/game/core/core.go:339.32,340.42 1 10
github.com/MommusWinner/MicroDurak/internal/services/game/core/core.go:340.42,342.3 1 350
github.com/MommusWinner/MicroDurak/internal/services/game/core/core.go:345.55,347.16 2 16
github.com/MommusWinner/MicroDurak/internal/services/game/core/core.go:347.16,349.3 1 0
github.com/MommusWinner/MicroDurak/internal/services/game/core/core.go:351.2,352.31 2 16
github.com/MommusWinner/MicroDurak/internal/services/game/core/core.go:352.31,354.3 1 6
github.com/MommusWinner/MicroDurak/internal/services/game/core/core.go:356.2,356.32 1 16
github.com/MommusWinner/MicroDurak/internal/services/game/core/core.go:359.58,360.28 1 79
github.com/MommusWinner/MicroDurak/internal/services/game/core/core.go:360.28,361.21 1 129
github.com/MommusWinner/MicroDurak/internal/services/game/core/core.go:361.21,363.4 1 79
github.com/MommusWinner/MicroDurak/internal/services/game/core/core.go:366.2,366.37 1 0
github.com/MommusWinner/MicroDurak/internal/services/game/core/core.go:369.57,370.28 1 2
github.com/MommusWinner/MicroDurak/internal/services/game/core/core.go:370.28,371.23 1 5
github.com/MommusWinner/MicroDurak/internal/services/game/core/core.go:371.23,373.4 1 2
github.com/MommusWinner/MicroDurak/internal/services/game/core/core.go:376.2,376.37 1 0
github.com/MommusWinner/MicroDurak/internal/services/game/core/core.go:379.44,381.23 2 2
github.com/MommusWinner/MicroDurak/internal/services/game/core/core.go:381.23,383.3 1 0
github.com/MommusWinner/MicroDurak/internal/services/game/core/core.go:385.2,385.28 1 2
github.com/MommusWinner/MicroDurak/internal/services/game/core/core.go:385.28,386.53 1 6
github.com/MommusWinner/MicroDurak/internal/services/game/core/core.go:386.53,388.4 1 2
github.com/MommusWinner/MicroDurak/internal/services/game/core/core.go:391.2,391.14 1 2
github.com/MommusWinner/MicroDurak/internal/services/game/core/core.go:394.75,395.23 1 16
github.com/MommusWinner/MicroDurak/internal/services/game/core/core.go:395.23,396.53 1 16
github.com/MommusWinner/MicroDurak/internal/services/game/core/core.go:396.53,398.4 1 16
github.com/MommusWinner/MicroDurak/internal/services/game/core/core.go:401.2,401.40 1 0
github.com/MommusWinner/MicroDurak/internal/services/game/core/core.go:404.62,405.28 1 3
github.com/MommusWinner/MicroDurak/internal/services/game/core/core.go:405.28,406.33 1 3
github.com/MommusWinner/MicroDurak/internal/services/game/core/core.go:406.33,408.4 1 2
github.com/MommusWinner/MicroDurak/internal/services/game/core/core.go:410.3,411.25 2 1
github.com/MommusWinner/MicroDurak/internal/services/game/core/core.go:411.25,412.32 1 0
github.com/MommusWinner/MicroDurak/internal/services/game/core/core.go:412.32,414.5 1 0
github.com/MommusWinner/MicroDurak/internal/services/game/core/core.go:418.2,418.14 1 1
github.com/MommusWinner/MicroDurak/internal/services/game/core/core.go:421.68,422.28 1 4
github.com/MommusWinner/MicroDurak/internal/services/game/core/core.go:422.28,423.63 1 4
github.com/MommusWinner/MicroDurak/internal/services/game/core/core.go:423.63,425.4 1 4
github.com/MommusWinner/MicroDurak/internal/services/game/core/core.go:427.3,428.25 2 0
github.com/MommusWinner/MicroDurak/internal/services/game/core/core.go:428.25,429.60 1 0
github.com/MommusWinner/MicroDurak/internal/services/game/core/core.go:429.60,431.5 1 0
github.com/MommusWinner/MicroDurak/internal/services/game/core/core.go:435.2,435.14 1 0
github.com/MommusWinner/MicroDurak/internal/services/game/core/core.go:438.78,439.38 1 7
github.com/MommusWinner/MicroDurak/internal/services/game/core/core.go:439.38,441.3 1 6
github.com/MommusWinner/MicroDurak/internal/services/game/core/core.go:441.8,441.45 1 1
github.com/MommusWinner/MicroDurak/internal/services/game/core/core.go:441.45,443.3 1 0
github.com/MommusWinner/MicroDurak/internal/services/game/core/core.go:443.8,445.3 1 1
github.com/MommusWinner/MicroDurak/internal/services/game/core/core.go:448.45,449.23 1 7
github.com/MommusWinner/MicroDurak/internal/services/game/core/core.go:449.23,450.30 1 7
github.com/MommusWinner/MicroDurak/internal/services/game/core/core.go:450.30,452.4 1 0
github.com/MommusWinner/MicroDurak/internal/services/game/core/core.go:454.2,454.13 1 7
github.com/MommusWinner/MicroDurak/internal/services/game/core/core.go:457.55,460.28 2 1
github.com/MommusWinner/MicroDurak/internal/services/game/core/core.go:460.28,462.35 2 3
github.com/MommusWinner/MicroDurak/internal/services/game/core/core.go:462.35,464.4 1 1
github.com/MommusWinner/MicroDurak/internal/services/game/core/core.go:467.2,467.14 1 1
github.com/MommusWinner/MicroDurak/internal/services/game/core/core.go:470.56,471.26 1 39
github.com/MommusWinner/MicroDurak/internal/services/game/core/core.go:471.26,472.19 1 16
github.com/MommusWinner/MicroDurak/internal/services/game/core/core.go:472.19,474.4 1 1
github.com/MommusWinner/MicroDurak/internal/services/game/core/core.go:476.2,476.14 1 38
github.com/MommusWinner/MicroDurak/internal/services/game/core/core.go:479.36,481.29 2 0
github.com/MommusWinner/MicroDurak/internal/services/game/core/core.go:481.29,483.3 1 0
github.com/MommusWinner/MicroDurak/internal/services/game/core/core.go:484.2,484.15 1 0
github.com/MommusWinner/MicroDurak/internal/services/game/core/core.go:487.59,489.2 1 55
github.com/MommusWinner/MicroDurak/internal/services/game/core/core.go:491.44,500.34 7 5
github.com/MommusWinner/MicroDurak/internal/services/game/core/core.go:500.34,502.3 1 0
github.com/MommusWinner/MicroDurak/internal/services/game/core/core.go:503.2,505.17 2 5
github.com/MommusWinner/MicroDurak/internal/services/game/core/core.go:505.17,510.3 3 4
github.com/MommusWinner/MicroDurak/internal/services/game/core/core.go:512.2,516.30 5 5
github.com/MommusWinner/MicroDurak/internal/services/game/core/core.go:519.43,520.26 1 10
github.com/MommusWinner/MicroDurak/internal/services/game/core/core.go:520.26,522.3 1 3
github.com/MommusWinner/MicroDurak/internal/services/game/core/core.go:524.2,527.26 3 7
github.com/MommusWinner/MicroDurak/internal/services/game/core/core.go:527.26,529.17 2 9
github.com/MommusWinner/MicroDurak/internal/services/game/core/core.go:529.17,530.9 1 2
github.com/MommusWinner/MicroDurak/internal/services/game/core/core.go:533.3,534.50 2 7
github.com/MommusWinner/MicroDurak/internal/services/game/core/core.go:538.49,539.22 1 9
github.com/MommusWinner/MicroDurak/internal/services/game/core/core.go:539.22,541.3 1 2
github.com/MommusWinner/MicroDurak/internal/services/game/core/core.go:543.2,546.18 3 7
github.com/MommusWinner/MicroDurak/internal/services/game/core/core.go:559.51,560.29 1 5
github.com/MommusWinner/MicroDurak/internal/services/game/core/core.go:560.29,561.38 1 0
github.com/MommusWinner/MicroDurak/internal/services/game/core/core.go:561.38,562.29 1 0
github.com/MommusWinner/MicroDurak/internal/services/game/core/core.go:562.29,564.5 1 0
github.com/MommusWinner/MicroDurak/internal/services/game/core/events.go:86.46,93.2 1 22
github.com/MommusWinner/MicroDurak/internal/services/game/core/events.go:95.68,101.2 1 10
github.com/MommusWinner/MicroDurak/internal/services/game/core/events.go:103.63,111.2 1 10
github.com/MommusWinner/MicroDurak/internal/services/game/core/events.go:118.15,127.2 1 3
github.com/MommusWinner/MicroDurak/internal/services/game/core/events.go:129.60,136.2 1 1
github.com/MommusWinner/MicroDurak/internal/services/game/core/events.go:138.41,144.2 1 6
github.com/MommusWinner/MicroDurak/internal/services/game/core/events.go:149.25,157.2 1 1
github.com/MommusWinner/MicroDurak/internal/services/game/core/events.go:162.25,170.2 1 1
github.com/MommusWinner/MicroDurak/internal/services/game/core/events.go:174.16,181.2 1 1
github.com/MommusWinner/MicroDurak/internal/services/game/core/events.go:183.51,184.27 1 45
github.com/MommusWinner/MicroDurak/internal/services/game/core/events.go:185.18,186.21 1 20
github.com/MommusWinner/MicroDurak/internal/services/game/core/events.go:187.22,188.21 1 9
github.com/MommusWinner/MicroDurak/internal/services/game/core/events.go:189.19,190.21 1 7
github.com/MommusWinner/MicroDurak/internal/services/game/core/events.go:191.19,192.21 1 2
github.com/MommusWinner/MicroDurak/internal/services/game/core/events.go:193.22,194.21 1 5
github.com/MommusWinner/MicroDurak/internal/services/game/core/events.go:195.25,196.21 1 1
github.com/MommusWinner/MicroDurak/internal/services/game/core/events.go:197.20,198.21 1 1
github.com/MommusWinner/MicroDurak/internal/services/game/core/events.go:199.29,200.21 1 0
github.com/MommusWinner/MicroDurak/internal/services/game/core/events.go:201.29,202.21 1 0
github.com/MommusWinner/MicroDurak/internal/services/game/core/events.go:205.2,205.19 1 0
github.com/MommusWinner/MicroDurak/internal/services/game/core/messages.go:40.78,50.2 1 60
github.com/MommusWinner/MicroDurak/internal/services/game/core/messages.go:52.57,54.34 2 60
github.com/MommusWinner/MicroDurak/internal/services/game/core/messages.go:54.34,56.3 1 137
github.com/MommusWinner/MicroDurak/internal/services/game/core/messages.go:58.2,58.22 1 60
github.com/MommusWinner/MicroDurak/internal/services/game/core/messages.go:61.49,68.2 1 137
github.com/MommusWinner/MicroDurak/internal/contracts/game/v1/games.pb.go:31.37,36.2 4 0
github.com/MommusWinner/MicroDurak/internal/contracts/game/v1/games.pb.go:38.45,40.2 1 0
github.com/MommusWinner/MicroDurak/internal/contracts/game/v1/games.pb.go:42.43,42.44 0 0
github.com/MommusWinner/MicroDurak/internal/contracts/game/v1/games.pb.go:44.65,46.14 2 0
github.com/MommusWinner/MicroDurak/internal/contracts/game/v1/games.pb.go:46.14,48.34 2 0
github.com/MommusWinner/MicroDurak/internal/contracts/game/v1/games.pb.go:48.34,50.4 1 0
github.com/MommusWinner/MicroDurak/internal/contracts/game/v1/games.pb.go:51.3,51.12 1 0
github.com/MommusWinner/MicroDurak/internal/contracts/game/v1/games.pb.go:53.2,53.24 1 0
github.com/MommusWinner/MicroDurak/internal/contracts/game/v1/games.pb.go:57.56,59.2 1 0
github.com/MommusWinner/MicroDurak/internal/contracts/game/v1/games.pb.go:61.51,62.14 1 0
github.com/MommusWinner/MicroDurak/internal/contracts/game/v1/games.pb.go:62.14,64.3 1 0
github.com/MommusWinner/MicroDurak/internal/contracts/game/v1/games.pb.go:65.2,65.12 1 0
github.com/MommusWinner/MicroDurak/internal/contracts/game/v1/games.pb.go:75.38,80.2 4 0
github.com/MommusWinner/MicroDurak/internal/contracts/game/v1/games.pb.go:82.46,84.2 1 0
github.com/MommusWinner/MicroDurak/internal/contracts/game/v1/games.pb.go:86.44,86.45 0 0
github.com/MommusWinner/MicroDurak/internal/contracts/game/v1/games.pb.go:88.66,90.14 2 0
github.com/MommusWinner/MicroDurak/internal/contracts/game/v1/games.pb.go:90.14,92.34 2 0
github.com/MommusWinner/MicroDurak/internal/contracts/game/v1/games.pb.go:92.34,94.4 1 0
github.com/MommusWinner/MicroDurak/internal/contracts/game/v1/games.pb.go:95.3,95.12 1 0
github.com/MommusWinner/MicroDurak/internal/contracts/game/v1/games.pb.go:97.2,97.24 1 0
github.com/MommusWinner/MicroDurak/internal/contracts/game/v1/games.pb.go:101.57,103.2 1 0
github.com/MommusWinner/MicroDurak/internal/contracts/game/v1/games.pb.go:105.49,106.14 1 0
github.com/MommusWinner/MicroDurak/internal/contracts/game/v1/games.pb.go:106.14,108.3 1 0
github.com/MommusWinner/MicroDurak/internal/contracts/game/v1/games.pb.go:109.2,109.11 1 0
github.com/MommusWinner/MicroDurak/internal/contracts/game/v1/games.pb.go:130.52,131.49 1 0
github.com/MommusWinner/MicroDurak/internal/contracts/game/v1/games.pb.go:131.49,133.3 1 0
github.com/MommusWinner/MicroDurak/internal/contracts/game/v1/games.pb.go:134.2,134.45 1 0
github.com/MommusWinner/MicroDurak/internal/contracts/game/v1/games.pb.go:152.13,152.48 1 0
github.com/MommusWinner/MicroDurak/internal/contracts/game/v1/games.pb.go:153.38,154.37 1 0
github.com/MommusWinner/MicroDurak/internal/contracts/game/v1/games.pb.go:154.37,156.3 1 0
github.com/MommusWinner/MicroDurak/internal/contracts/game/v1/games.pb.go:157.2,173.40 5 0
github.com/MommusWinner/MicroDurak/internal/contracts/game/v1/games_grpc.pb.go:36.60,38.2 1 0
github.com/MommusWinner/MicroDurak/internal/contracts/game/v1/games_grpc.pb.go:40.131,44.16 4 0
github.com/MommusWinner/MicroDurak/internal/contracts/game/v1/games_grpc.pb.go:44.16,46.3 1 0
github.com/MommusWinner/MicroDurak/internal/contracts/game/v1/games_grpc.pb.go:47.2,47.17 1 0
github.com/MommusWinner/MicroDurak/internal/contracts/game/v1/games_grpc.pb.go:65.109,67.2 1 0
github.com/MommusWinner/MicroDurak/internal/contracts/game/v1/games_grpc.pb.go:68.68,68.69 0 0
github.com/MommusWinner/MicroDurak/internal/contracts/game/v1/games_grpc.pb.go:69.68,69.69 0 0
github.com/MommusWinner/MicroDurak/internal/contracts/game/v1/games_grpc.pb.go:78.66,83.59 1 0
github.com/MommusWinner/MicroDurak/internal/contracts/game/v1/games_grpc.pb.go:83.59,85.3 1 0
github.com/MommusWinner/MicroDurak/internal/contracts/game/v1/games_grpc.pb.go:86.2,86.43 1 0
github.com/MommusWinner/MicroDurak/internal/contracts/game/v1/games_grpc.pb.go:89.160,91.32 2 0
github.com/MommusWinner/MicroDurak/internal/contracts/game/v1/games_grpc.pb.go:91.32,93.3 1 0
github.com/MommusWinner/MicroDurak/internal/contracts/game/v1/games_grpc.pb.go:94.2,94.24 1 0
github.com/MommusWinner/MicroDurak/internal/contracts/game/v1/games_grpc.pb.go:94.24,96.3 1 0
github.com/MommusWinner/MicroDurak/internal/contracts/game/v1/games_grpc.pb.go:97.2,101.77 2 0
github.com/MommusWinner/MicroDurak/internal/contracts/game/v1/games_grpc.pb.go:101.77,103.3 1 0
github.com/MommusWinner/MicroDurak/internal/contracts/game/v1/games_grpc.pb.go:104.2,104.44 1 0
github.com/MommusWinner/MicroDurak/internal/contracts/players/v1/players.pb.go:46.40,50.2 3 0
github.com/MommusWinner/MicroDurak/internal/contracts/players/v1/players.pb.go:52.37,54.2 1 0
github.com/MommusWinner/MicroDurak/internal/contracts/players/v1/players.pb.go:56.60,58.2 1 0
github.com/MommusWinner/MicroDurak/internal/contracts/players/v1/players.pb.go:60.48,62.2 1 0
github.com/MommusWinner/MicroDurak/internal/contracts/players/v1/players.pb.go:64.54,66.2 1 0
github.com/MommusWinner/MicroDurak/internal/contracts/players/v1/players.pb.go:69.52,71.2 1 0
github.com/MommusWinner/MicroDurak/internal/contracts/players/v1/players.pb.go:83.26,88.2 4 0
github.com/MommusWinner/MicroDurak/internal/contracts/players/v1/players.pb.go:90.34,92.2 1 0
github.com/MommusWinner/MicroDurak/internal/contracts/players/v1/players.pb.go:94.32,94.33 0 0
github.com/MommusWinner/MicroDurak/internal/contracts/players/v1/players.pb.go:96.54,98.14 2 0
github.com/MommusWinner/MicroDurak/internal/contracts/players/v1/players.pb.go:98.14,100.34 2 0
github.com/MommusWinner/MicroDurak/internal/contracts/players/v1/players.pb.go:100.34,102.4 1 0
github.com/MommusWinner/MicroDurak/internal/contracts/players/v1/players.pb.go:103.3,103.12 1 0
github.com/MommusWinner/MicroDurak/internal/contracts/players/v1/players.pb.go:105.2,105.24 1 0
github.com/MommusWinner/MicroDurak/internal/contracts/players/v1/players.pb.go:109.45,111.2 1 0
github.com/MommusWinner/MicroDurak/internal/contracts/players/v1/players.pb.go:113.33,114.14 1 0
github.com/MommusWinner/MicroDurak/internal/contracts/players/v1/players.pb.go:114.14,116.3 1 0
github.com/MommusWinner/MicroDurak/internal/contracts/players/v1/players.pb.go:117.2,117.11 1 0
github.com/MommusWinner/MicroDurak/internal/contracts/players/v1/players.pb.go:120.35,121.14 1 0
github.com/MommusWinner/MicroDurak/internal/contracts/players/v1/players.pb.go:121.14,123.3 1 0
github.com/MommusWinner/MicroDurak/internal/contracts/players/v1/players.pb.go:124.2,124.11 1 0
github.com/MommusWinner/MicroDurak/internal/contracts/players/v1/players.pb.go:127.33,128.14 1 0
github.com/MommusWinner/MicroDurak/internal/contracts/players/v1/players.pb.go:128.14,130.3 1 0
github.com/MommusWinner/MicroDurak/internal/contracts/players/v1/players.pb.go:131.2,131.10 1 0
github.com/MommusWinner/MicroDurak/internal/contracts/players/v1/players.pb.go:134.36,135.14 1 0
github.com/MommusWinner/MicroDurak/internal/contracts/players/v1/players.pb.go:135.14,137.3 1 0
github.com/MommusWinner/MicroDurak/internal/contracts/players/v1/players.pb.go:138.2,138.10 1 0
github.com/MommusWinner/MicroDurak/internal/contracts/players/v1/players.pb.go:151.35,156.2 4 0
github.com/MommusWinner/MicroDurak/internal/contracts/players/v1/players.pb.go:158.43,160.2 1 0
github.com/MommusWinner/MicroDurak/internal/contracts/players/v1/players.pb.go:162.41,162.42 0 0
github.com/MommusWinner/MicroDurak/internal/contracts/players/v1/players.pb.go:164.63,166.14 2 0
github.com/MommusWinner/MicroDurak/internal/contracts/players/v1/players.pb.go:166.14,168.34 2 0
github.com/MommusWinner/MicroDurak/internal/contracts/players/v1/players.pb.go:168.34,170.4 1 0
github.com/MommusWinner/MicroDurak/internal/contracts/players/v1/players.pb.go:171.3,171.12 1 0
github.com/MommusWinner/MicroDurak/internal/contracts/players/v1/players.pb.go:173.2,173.24 1 0
github.com/MommusWinner/MicroDurak/internal/contracts/players/v1/players.pb.go:177.54,179.2 1 0
github.com/MommusWinner/MicroDurak/internal/contracts/players/v1/players.pb.go:181.53,182.14 1 0
github.com/MommusWinner/MicroDurak/internal/contracts/players/v1/players.pb.go:182.14,184.3 1 0
github.com/MommusWinner/MicroDurak/internal/contracts/players/v1/players.pb.go:185.2,185.11 1 0
github.com/MommusWinner/MicroDurak/internal/contracts/players/v1/players.pb.go:188.48,189.14 1 0
github.com/MommusWinner/MicroDurak/internal/contracts/players/v1/players.pb.go:189.14,191.3 1 0
github.com/MommusWinner/MicroDurak/internal/contracts/players/v1/players.pb.go:192.2,192.11 1 0
github.com/MommusWinner/MicroDurak/internal/contracts/players/v1/players.pb.go:195.50,196.14 1 0
github.com/MommusWinner/MicroDurak/internal/contracts/players/v1/players.pb.go:196.14,198.3 1 0
github.com/MommusWinner/MicroDurak/internal/contracts/players/v1/players.pb.go:199.2,199.10 1 0
github.com/MommusWinner/MicroDurak/internal/contracts/players/v1/players.pb.go:202.49,203.14 1 0
github.com/MommusWinner/MicroDurak/internal/contracts/players/v1/players.pb.go:203.14,205.3 1 0
github.com/MommusWinner/MicroDurak/internal/contracts/players/v1/players.pb.go:206.2,206.10 1 0
github.com/MommusWinner/MicroDurak/internal/contracts/players/v1/players.pb.go:216.36,221.2 4 0
github.com/MommusWinner/MicroDurak/internal/contracts/players/v1/players.pb.go:223.44,225.2 1 0
github.com/MommusWinner/MicroDurak/internal/contracts/players/v1/players.pb.go:227.42,227.43 0 0
github.com/MommusWinner/MicroDurak/internal/contracts/players/v1/players.pb.go:229.64,231.14 2 0
github.com/MommusWinner/MicroDurak/internal/contracts/players/v1/players.pb.go:231.14,233.34 2 0
github.com/MommusWinner/MicroDurak/internal/contracts/players/v1/players.pb.go:233.34,235.4 1 0
github.com/MommusWinner/MicroDurak/internal/contracts/players/v1/players.pb.go:236.3,236.12 1 0
github.com/MommusWinner/MicroDurak/internal/contracts/players/v1/players.pb.go:238.2,238.24 1 0
github.com/MommusWinner/MicroDurak/internal/contracts/players/v1/players.pb.go:242.55,244.2 1 0
github.com/MommusWinner/MicroDurak/internal/contracts/players/v1/players.pb.go:246.43,247.14 1 0
github.com/MommusWinner/MicroDurak/internal/contracts/players/v1/players.pb.go:247.14,249.3 1 0
github.com/MommusWinner/MicroDurak/internal/contracts/players/v1/players.pb.go:250.2,250.11 1 0
github.com/MommusWinner/MicroDurak/internal/contracts/players/v1/players.pb.go:261.39,266.2 4 0
github.com/MommusWinner/MicroDurak/internal/contracts/players/v1/players.pb.go:268.47,270.2 1 0
github.com/MommusWinner/MicroDurak/internal/contracts/players/v1/players.pb.go:272.45,272.46 0 0
github.com/MommusWinner/MicroDurak/internal/contracts/players/v1/players.pb.go:274.67,276.14 2 0
github.com/MommusWinner/MicroDurak/internal/contracts/players/v1/players.pb.go:276.14,278.34 2 0
github.com/MommusWinner/MicroDurak/internal/contracts/players/v1/players.pb.go:278.34,280.4 1 0
github.com/MommusWinner/MicroDurak/internal/contracts/players/v1/players.pb.go:281.3,281.12 1 0
github.com/MommusWinner/MicroDurak/internal/contracts/players/v1/players.pb.go:283.2,283.24 1 0
github.com/MommusWinner/MicroDurak/internal/contracts/players/v1/players.pb.go:287.58,289.2 1 0
github.com/MommusWinner/MicroDurak/internal/contracts/players/v1/players.pb.go:291.48,292.14 1 0
github.com/MommusWinner/MicroDurak/internal/contracts/players/v1/players.pb.go:292.14,294.3 1 0
github.com/MommusWinner/MicroDurak/internal/contracts/players/v1/players.pb.go:295.2,295.11 1 0
github.com/MommusWinner/MicroDurak/internal/contracts/players/v1/players.pb.go:298.46,299.14 1 0
github.com/MommusWinner/MicroDurak/internal/contracts/players/v1/players.pb.go:299.14,301.3 1 0
github.com/MommusWinner/MicroDurak/internal/contracts/players/v1/players.pb.go:302.2,302.10 1 0
github.com/MommusWinner/MicroDurak/internal/contracts/players/v1/players.pb.go:312.37,317.2 4 0
github.com/MommusWinner/MicroDurak/internal/contracts/players/v1/players.pb.go:319.45,321.2 1 0
github.com/MommusWinner/MicroDurak/internal/contracts/players/v1/players.pb.go:323.43,323.44 0 0
github.com/MommusWinner/MicroDurak/internal/contracts/players/v1/players.pb.go:325.65,327.14 2 0
github.com/MommusWinner/MicroDurak/internal/contracts/players/v1/players.pb.go:327.14,329.34 2 0
github.com/MommusWinner/MicroDurak/internal/contracts/players/v1/players.pb.go:329.34,331.4 1 0
github.com/MommusWinner/MicroDurak/internal/contracts/players/v1/players.pb.go:332.3,332.12 1 0
github.com/MommusWinner/MicroDurak/internal/contracts/players/v1/players.pb.go:334.2,334.24 1 0
github.com/MommusWinner/MicroDurak/internal/contracts/players/v1/players.pb.go:338.56,340.2 1 0
github.com/MommusWinner/MicroDurak/internal/contracts/players/v1/players.pb.go:342.44,343.14 1 0
github.com/MommusWinner/MicroDurak/internal/contracts/players/v1/players.pb.go:343.14,345.3 1 0
github.com/MommusWinner/MicroDurak/internal/contracts/players/v1/players.pb.go:346.2,346.11 1 0
github.com/MommusWinner/MicroDurak/internal/contracts/players/v1/players.pb.go:357.44,362.2 4 0
github.com/MommusWinner/MicroDurak/internal/contracts/players/v1/players.pb.go:364.52,366.2 1 0
github.com/MommusWinner/MicroDurak/internal/contracts/players/v1/players.pb.go:368.50,368.51 0 0
github.com/MommusWinner/MicroDurak/internal/contracts/players/v1/players.pb.go:370.72,372.14 2 0
github.com/MommusWinner/MicroDurak/internal/contracts/players/v1/players.pb.go:372.14,374.34 2 0
github.com/MommusWinner/MicroDurak/internal/contracts/players/v1/players.pb.go:374.34,376.4 1 0
github.com/MommusWinner/MicroDurak/internal/contracts/players/v1/players.pb.go:377.3,377.12 1 0
github.com/MommusWinner/MicroDurak/internal/contracts/players/v1/players.pb.go:379.2,379.24 1 0
github.com/MommusWinner/MicroDurak/internal/contracts/players/v1/players.pb.go:383.63,385.2 1 0
github.com/MommusWinner/MicroDurak/internal/contracts/players/v1/players.pb.go:387.63,388.14 1 0
github.com/MommusWinner/MicroDurak/internal/contracts/players/v1/players.pb.go:388.14,390.3 1 0
github.com/MommusWinner/MicroDurak/internal/contracts/players/v1/players.pb.go:391.2,391.23 1 0
github.com/MommusWinner/MicroDurak/internal/contracts/players/v1/players.pb.go:394.84,395.14 1 0
github.com/MommusWinner/MicroDurak/internal/contracts/players/v1/players.pb.go:395.14,397.3 1 0
github.com/MommusWinner/MicroDurak/internal/contracts/players/v1/players.pb.go:398.2,398.12 1 0
github.com/MommusWinner/MicroDurak/internal/contracts/players/v1/players.pb.go:409.45,414.2 4 0
github.com/MommusWinner/MicroDurak/internal/contracts/players/v1/players.pb.go:416.53,418.2 1 0
github.com/MommusWinner/MicroDurak/internal/contracts/players/v1/players.pb.go:420.51,420.52 0 0
github.com/MommusWinner/MicroDurak/internal/contracts/players/v1/players.pb.go:422.73,424.14 2 0
github.com/MommusWinner/MicroDurak/internal/contracts/players/v1/players.pb.go:424.14,426.34 2 0
github.com/MommusWinner/MicroDurak/internal/contracts/players/v1/players.pb.go:426.34,428.4 1 0
github.com/MommusWinner/MicroDurak/internal/contracts/players/v1/players.pb.go:429.3,429.12 1 0
github.com/MommusWinner/MicroDurak/internal/contracts/players/v1/players.pb.go:431.2,431.24 1 0
github.com/MommusWinner/MicroDurak/internal/contracts/players/v1/players.pb.go:435.64,437.2 1 0
github.com/MommusWinner/MicroDurak/internal/contracts/players/v1/players.pb.go:439.63,440.14 1 0
github.com/MommusWinner/MicroDurak/internal/contracts/players/v1/players.pb.go:440.14,442.3 1 0
github.com/MommusWinner/MicroDurak/internal/contracts/players/v1/players.pb.go:443.2,443.11 1 0
github.com/MommusWinner/MicroDurak/internal/contracts/players/v1/players.pb.go:446.83,447.14 1 0
github.com/MommusWinner/MicroDurak/internal/contracts/players/v1/players.pb.go:447.14,449.3 1 0
github.com/MommusWinner/MicroDurak/internal/contracts/players/v1/players.pb.go:450.2,450.12 1 0
github.com/MommusWinner/MicroDurak/internal/contracts/players/v1/players.pb.go:461.42,466.2 4 0
github.com/MommusWinner/MicroDurak/internal/contracts/players/v1/players.pb.go:468.50,470.2 1 0
github.com/MommusWinner/MicroDurak/internal/contracts/players/v1/players.pb.go:472.48,472.49 0 0
github.com/MommusWinner/MicroDurak/internal/contracts/players/v1/players.pb.go:474.70,476.14 2 0
github.com/MommusWinner/MicroDurak/internal/contracts/players/v1/players.pb.go:476.14,478.34 2 0
github.com/MommusWinner/MicroDurak/internal/contracts/players/v1/players.pb.go:478.34,480.4 1 0
github.com/MommusWinner/MicroDurak/internal/contracts/players/v1/players.pb.go:481.3,481.12 1 0
github.com/MommusWinner/MicroDurak/internal/contracts/players/v1/players.pb.go:483.2,483.24 1 0
github.com/MommusWinner/MicroDurak/internal/contracts/players/v1/players.pb.go:487.61,489.2 1 0
github.com/MommusWinner/MicroDurak/internal/contracts/players/v1/players.pb.go:491.55,492.14 1 0
github.com/MommusWinner/MicroDurak/internal/contracts/players/v1/players.pb.go:492.14,494.3 1 0
github.com/MommusWinner/MicroDurak/internal/contracts/players/v1/players.pb.go:495.2,495.11 1 0
github.com/MommusWinner/MicroDurak/internal/contracts/players/v1/players.pb.go:498.57,499.14 1 0
github.com/MommusWinner/MicroDurak/internal/contracts/players/v1/players.pb.go:499.14,501.3 1 0
github.com/MommusWinner/MicroDurak/internal/contracts/players/v1/players.pb.go:502.2,502.10 1 0
github.com/MommusWinner/MicroDurak/internal/contracts/players/v1/players.pb.go:514.43,519.2 4 0
github.com/MommusWinner/MicroDurak/internal/contracts/players/v1/players.pb.go:521.51,523.2 1 0
github.com/MommusWinner/MicroDurak/internal/contracts/players/v1/players.pb.go:525.49,525.50 0 0
github.com/MommusWinner/MicroDurak/internal/contracts/players/v1/players.pb.go:527.71,529.14 2 0
github.com/MommusWinner/MicroDurak/internal/contracts/players/v1/players.pb.go:529.14,531.34 2 0
github.com/MommusWinner/MicroDurak/internal/contracts/players/v1/players.pb.go:531.34,533.4 1 0
github.com/MommusWinner/MicroDurak/internal/contracts/players/v1/players.pb.go:534.3,534.12 1 0
github.com/MommusWinner/MicroDurak/internal/contracts/players/v1/players.pb.go:536.2,536.24 1 0
github.com/MommusWinner/MicroDurak/internal/contracts/players/v1/players.pb.go:540.62,542.2 1 0
github.com/MommusWinner/MicroDurak/internal/contracts/players/v1/players.pb.go:544.56,545.14 1 0
github.com/MommusWinner/MicroDurak/internal/contracts/players/v1/players.pb.go:545.14,547.3 1 0
github.com/MommusWinner/MicroDurak/internal/contracts/players/v1/players.pb.go:548.2,548.11 1 0
github.com/MommusWinner/MicroDurak/internal/contracts/players/v1/players.pb.go:551.59,552.14 1 0
github.com/MommusWinner/MicroDurak/internal/contracts/players/v1/players.pb.go:552.14,554.3 1 0
github.com/MommusWinner/MicroDurak/internal/contracts/players/v1/players.pb.go:555.2,555.10 1 0
github.com/MommusWinner/MicroDurak/internal/contracts/players/v1/players.pb.go:558.65,559.14 1 0
github.com/MommusWinner/MicroDurak/internal/contracts/players/v1/players.pb.go:559.14,561.3 1 0
github.com/MommusWinner/MicroDurak/internal/contracts/players/v1/players.pb.go:562.2,562.10 1 0
github.com/MommusWinner/MicroDurak/internal/contracts/players/v1/players.pb.go:618.57,619.54 1 0
github.com/MommusWinner/MicroDurak/internal/contracts/players/v1/players.pb.go:619.54,621.3 1 0
github.com/MommusWinner/MicroDurak/internal/contracts/players/v1/players.pb.go:622.2,622.50 1 0
github.com/MommusWinner/MicroDurak/internal/contracts/players/v1/players.pb.go:656.13,656.53 1 0
github.com/MommusWinner/MicroDurak/internal/contracts/players/v1/players.pb.go:657.43,658.42 1 0
github.com/MommusWinner/MicroDurak/internal/contracts/players/v1/players.pb.go:658.42,660.3 1 0
github.com/MommusWinner/MicroDurak/internal/contracts/players/v1/players.pb.go:661.2,678.45 5 0
github.com/MommusWinner/MicroDurak/internal/contracts/players/v1/players_grpc.pb.go:40.66,42.2 1 0
github.com/MommusWinner/MicroDurak/internal/contracts/players/v1/players_grpc.pb.go:44.137,48.16 4 0
github.com/MommusWinner/MicroDurak/internal/contracts/players/v1/players_grpc.pb.go:48.16,50.3 1 0
github.com/MommusWinner/MicroDurak/internal/contracts/players/v1/players_grpc.pb.go:51.2,51.17 1 0
github.com/MommusWinner/MicroDurak/internal/contracts/players/v1/players_grpc.pb.go:54.120,58.16 4 0
github.com/MommusWinner/MicroDurak/internal/contracts/players/v1/players_grpc.pb.go:58.16,60.3 1 0
github.com/MommusWinner/MicroDurak/internal/contracts/players/v1/players_grpc.pb.go:61.2,61.17 1 0
github.com/MommusWinner/MicroDurak/internal/contracts/players/v1/players_grpc.pb.go:64.155,68.16 4 0
github.com/MommusWinner/MicroDurak/internal/contracts/players/v1/players_grpc.pb.go:68.16,70.3 1 0
github.com/MommusWinner/MicroDurak/internal/contracts/players/v1/players_grpc.pb.go:71.2,71.17 1 0
github.com/MommusWinner/MicroDurak/internal/contracts/players/v1/players_grpc.pb.go:91.115,93.2 1 0
github.com/MommusWinner/MicroDurak/internal/contracts/players/v1/players_grpc.pb.go:94.98,96.2 1 0
github.com/MommusWinner/MicroDurak/internal/contracts/players/v1/players_grpc.pb.go:97.133,99.2 1 0
github.com/MommusWinner/MicroDurak/internal/contracts/players/v1/players_grpc.pb.go:100.74,100.75 0 0
github.com/MommusWinner/MicroDurak/internal/contracts/players/v1/players_grpc.pb.go:101.74,101.75 0 0
github.com/MommusWinner/MicroDurak/internal/contracts/players/v1/players_grpc.pb.go:110.72,115.59 1 0
github.com/MommusWinner/MicroDurak/internal/contracts/players/v1/players_grpc.pb.go:115.59,117.3 1 0
github.com/MommusWinner/MicroDurak/internal/contracts/players/v1/players_grpc.pb.go:118.2,118.46 1 0
github.com/MommusWinner/MicroDurak/internal/contracts/players/v1/players_grpc.pb.go:121.165,123.32 2 0
github.com/MommusWinner/MicroDurak/internal/contracts/players/v1/players_grpc.pb.go:123.32,125.3 1 0
github.com/MommusWinner/MicroDurak/internal/contracts/players/v1/players_grpc.pb.go:126.2,126.24 1 0
github.com/MommusWinner/MicroDurak/internal/contracts/players/v1/players_grpc.pb.go:126.24,128.3 1 0
github.com/MommusWinner/MicroDurak/internal/contracts/players/v1/players_grpc.pb.go:129.2,133.77 2 0
github.com/MommusWinner/MicroDurak/internal/contracts/players/v1/players_grpc.pb.go:133.77,135.3 1 0
github.com/MommusWinner/MicroDurak/internal/contracts/players/v1/players_grpc.pb.go:136.2,136.44 1 0
github.com/MommusWinner/MicroDurak/internal/contracts/players/v1/players_grpc.pb.go:139.162,141.32 2 0
github.com/MommusWinner/MicroDurak/internal/contracts/players/v1/players_grpc.pb.go:141.32,143.3 1 0
github.com/MommusWinner/MicroDurak/internal/contracts/players/v1/players_grpc.pb.go:144.2,144.24 1 0
github.com/MommusWinner/MicroDurak/internal/contracts/players/v1/players_grpc.pb.go:144.24,146.3 1 0
github.com/MommusWinner/MicroDurak/internal/contracts/players/v1/players_grpc.pb.go:147.2,151.77 2 0
github.com/MommusWinner/MicroDurak/internal/contracts/players/v1/players_grpc.pb.go:151.77,153.3 1 0
github.com/MommusWinner/MicroDurak/internal/contracts/players/v1/players_grpc.pb.go:154.2,154.44 1 0
github.com/MommusWinner/MicroDurak/internal/contracts/players/v1/players_grpc.pb.go:157.170,159.32 2 0
github.com/MommusWinner/MicroDurak/internal/contracts/players/v1/players_grpc.pb.go:159.32,161.3 1 0
github.com/MommusWinner/MicroDurak/internal/contracts/players/v1/players_grpc.pb.go:162.2,162.24 1 0
github.com/MommusWinner/MicroDurak/internal/contracts/players/v1/players_grpc.pb.go:162.24,164.3 1 0
github.com/MommusWinner/MicroDurak/internal/contracts/players/v1/players_grpc.pb.go:165.2,169.77 2 0
github.com/MommusWinner/MicroDurak/internal/contracts/players/v1/players_grpc.pb.go:169.77,171.3 1 0
github.com/MommusWinner/MicroDurak/internal/contracts/players/v1/players_grpc.pb.go:172.2,172.44 1 0
github.com/MommusWinner/MicroDurak/internal/database/auth.sql.go:26.92,31.2 4 0
github.com/MommusWinner/MicroDurak/internal/database/auth.sql.go:39.89,49.2 4 0
github.com/MommusWinner/MicroDurak/internal/database/db.go:20.28,22.2 1 0
github.com/MommusWinner/MicroDurak/internal/database/db.go:28.46,32.2 1 0
github.com/MommusWinner/MicroDurak/internal/database/match.sql.go:27.114,42.2 4 0
github.com/MommusWinner/MicroDurak/internal/database/match.sql.go:55.108,60.2 4 0
github.com/MommusWinner/MicroDurak/internal/database/models.go:22.50,23.25 1 0
github.com/MommusWinner/MicroDurak/internal/database/models.go:24.14,25.21 1 0
github.com/MommusWinner/MicroDurak/internal/database/models.go:26.14,27.21 1 0
github.com/MommusWinner/MicroDurak/internal/database/models.go:28.10,29.69 1 0
github.com/MommusWinner/MicroDurak/internal/database/models.go:31.2,31.12 1 0
github.com/MommusWinner/MicroDurak/internal/database/models.go:40.57,41.18 1 0
github.com/MommusWinner/MicroDurak/internal/database/models.go:41.18,44.3 2 0
github.com/MommusWinner/MicroDurak/internal/database/models.go:45.2,46.34 2 0
github.com/MommusWinner/MicroDurak/internal/database/models.go:50.56,51.15 1 0
github.com/MommusWinner/MicroDurak/internal/database/models.go:51.15,53.3 1 0
github.com/MommusWinner/MicroDurak/internal/database/models.go:54.2,54.35 1 0
github.com/MommusWinner/MicroDurak/internal/database/player.sql.go:25.96,30.2 4 0
github.com/MommusWinner/MicroDurak/internal/database/player.sql.go:36.72,38.16 2 0
github.com/MommusWinner/MicroDurak/internal/database/player.sql.go:38.16,40.3 1 0
github.com/MommusWinner/MicroDurak/internal/database/player.sql.go:41.2,43.18 3 0
github.com/MommusWinner/MicroDurak/internal/database/player.sql.go:43.18,50.17 2 0
github.com/MommusWinner/MicroDurak/internal/database/player.sql.go:50.17,52.4 1 0
github.com/MommusWinner/MicroDurak/internal/database/player.sql.go:53.3,53.27 1 0
github.com/MommusWinner/MicroDurak/internal/database/player.sql.go:55.2,55.35 1 0
github.com/MommusWinner/MicroDurak/internal/database/player.sql.go:55.35,57.3 1 0
github.com/MommusWinner/MicroDurak/internal/database/player.sql.go:58.2,58.19 1 0
github.com/MommusWinner/MicroDurak/internal/database/player.sql.go:65.84,75.2 4 0
github.com/MommusWinner/MicroDurak/internal/database/player.sql.go:89.104,94.2 4 0
github.com/MommusWinner/MicroDurak/internal/services/game/grpc/methods.go:17.98,19.2 1 0
github.com/MommusWinner/MicroDurak/internal/services/game/grpc/methods.go:24.37,26.16 2 0
github.com/MommusWinner/MicroDurak/internal/services/game/grpc/methods.go:26.16,28.3 1 0
github.com/MommusWinner/MicroDurak/internal/services/game/grpc/methods.go:30.2,31.18 2 0
github.com/MommusWinner/MicroDurak/internal/services/auth/connection/auth.go:17.61,19.2 1 0
github.com/MommusWinner/MicroDurak/internal/services/auth/connection/auth.go:21.53,24.2 2 0
github.com/MommusWinner/MicroDurak/internal/services/auth/connection/auth.go:26.71,29.35 2 0
github.com/MommusWinner/MicroDurak/internal/services/auth/connection/auth.go:29.35,31.3 1 0
github.com/MommusWinner/MicroDurak/internal/services/auth/connection/auth.go:31.8,31.23 1 0
github.com/MommusWinner/MicroDurak/internal/services/auth/connection/auth.go:31.23,33.3 1 0
github.com/MommusWinner/MicroDurak/internal/services/auth/connection/auth.go:35.2,36.25 2 0
github.com/MommusWinner/MicroDurak/internal/services/auth/connection/auth.go:39.47,40.26 1 0
github.com/MommusWinner/MicroDurak/internal/services/auth/connection/auth.go:43.73,50.2 1 0
github.com/MommusWinner/MicroDurak/internal/services/auth/connection/connection.go:21.49,28.2 2 0
github.com/MommusWinner/MicroDurak/internal/services/auth/connection/connection.go:30.47,33.16 2 0
github.com/MommusWinner/MicroDurak/internal/services/auth/connection/connection.go:33.16,34.62 1 0
github.com/MommusWinner/MicroDurak/internal/services/auth/connection/connection.go:37.2,37.29 1 0
github.com/MommusWinner/MicroDurak/internal/services/auth/connection/connection.go:40.36,43.2 2 0
github.com/MommusWinner/MicroDurak/internal/services/auth/connection/connection.go:45.67,47.2 1 0
github.com/MommusWinner/MicroDurak/internal/services/auth/delivery/http/handlers.go:16.62,20.2 1 0
github.com/MommusWinner/MicroDurak/internal/services/auth/delivery/http/handlers.go:53.54,55.34 2 0
github.com/MommusWinner/MicroDurak/internal/services/auth/delivery/http/handlers.go:55.34,57.3 1 0
github.com/MommusWinner/MicroDurak/internal/services/auth/delivery/http/handlers.go:58.2,58.38 1 0
github.com/MommusWinner/MicroDurak/internal/services/auth/delivery/http/handlers.go:58.38,60.3 1 0
github.com/MommusWinner/MicroDurak/internal/services/auth/delivery/http/handlers.go:62.2,64.16 2 0
github.com/MommusWinner/MicroDurak/internal/services/auth/delivery/http/handlers.go:64.16,65.49 1 0
github.com/MommusWinner/MicroDurak/internal/services/auth/delivery/http/handlers.go:65.49,67.4 1 0
github.com/MommusWinner/MicroDurak/internal/services/auth/delivery/http/handlers.go:68.3,68.29 1 0
github.com/MommusWinner/MicroDurak/internal/services/auth/delivery/http/handlers.go:71.2,74.4 1 0
github.com/MommusWinner/MicroDurak/internal/services/auth/delivery/http/handlers.go:89.51,91.34 2 0
github.com/MommusWinner/MicroDurak/internal/services/auth/delivery/http/handlers.go:91.34,93.3 1 0
github.com/MommusWinner/MicroDurak/internal/services/auth/delivery/http/handlers.go:95.2,97.16 2 0
github.com/MommusWinner/MicroDurak/internal/services/auth/delivery/http/handlers.go:97.16,98.43 1 0
github.com/MommusWinner/MicroDurak/internal/services/auth/delivery/http/handlers.go:98.43,100.4 1 0
github.com/MommusWinner/MicroDurak/internal/services/auth/delivery/http/handlers.go:100.9,102.4 1 0
github.com/MommusWinner/MicroDurak/internal/services/auth/delivery/http/handlers.go:105.2,108.4 1 0
github.com/MommusWinner/MicroDurak/internal/services/auth/delivery/http/router.go:8.56,15.2 3 0
github.com/MommusWinner/MicroDurak/internal/services/auth/utils/jwt.go:11.61,13.16 2 0
github.com/MommusWinner/MicroDurak/internal/services/auth/utils/jwt.go:13.16,15.3 1 0
github.com/MommusWinner/MicroDurak/internal/services/auth/utils/jwt.go:16.2,16.48 1 0
github.com/MommusWinner/MicroDurak/internal/services/auth/utils/jwt.go:19.67,21.16 2 0
github.com/MommusWinner/MicroDurak/internal/services/auth/utils/jwt.go:21.16,23.3 1 0
github.com/MommusWinner/MicroDurak/internal/services/auth/utils/jwt.go:25.2,30.39 2 0
github.com/MommusWinner/MicroDurak/internal/services/auth/utils/passwords.go:5.52,8.2 2 0
github.com/MommusWinner/MicroDurak/internal/services/auth/utils/passwords.go:10.52,13.2 2 0
github.com/MommusWinner/MicroDurak/internal/services/auth/cmd/main.go:20.13,31.16 7 0
github.com/MommusWinner/MicroDurak/internal/services/auth/cmd/main.go:31.16,32.13 1 0
github.com/MommusWinner/MicroDurak/internal/services/auth/delivery/http/docs/docs.go:171.13,173.2 1 0
github.com/MommusWinner/MicroDurak/internal/services/auth/core/ctx.go:22.30,25.16 3 0
github.com/MommusWinner/MicroDurak/internal/services/auth/core/ctx.go:25.16,27.3 1 0
github.com/MommusWinner/MicroDurak/internal/services/auth/core/ctx.go:30.2,31.16 2 0
github.com/MommusWinner/MicroDurak/internal/services/auth/core/ctx.go:31.16,33.3 1 0
github.com/MommusWinner/MicroDurak/internal/services/auth/core/ctx.go:35.2,35.17 1 0
github.com/MommusWinner/MicroDurak/internal/services/auth/core/ctx.go:44.37,46.2 1 0
github.com/MommusWinner/MicroDurak/internal/services/auth/core/ctx.go:48.37,50.2 1 0
github.com/MommusWinner/MicroDurak/internal/services/auth/core/ctx.go:52.46,54.2 1 0
github.com/MommusWinner/MicroDurak/internal/services/auth/core/ctx.go:55.37,61.2 1 0
github.com/MommusWinner/MicroDurak/internal/services/auth/core/ctx.go:63.21,74.2 4 0
github.com/MommusWinner/MicroDurak/internal/services/auth/core/ctx.go:76.27,78.2 1 0
github.com/MommusWinner/MicroDurak/internal/services/auth/core/di.go:14.18,27.2 4 0
github.com/MommusWinner/MicroDurak/internal/services/auth/core/grpc_players_client.go:21.71,26.16 4 0
github.com/MommusWinner/MicroDurak/internal/services/auth/core/grpc_players_client.go:26.16,28.3 1 0
github.com/MommusWinner/MicroDurak/internal/services/auth/core/grpc_players_client.go:29.2,29.18 1 0
github.com/MommusWinner/MicroDurak/internal/services/auth/core/grpc_players_client.go:32.64,33.23 1 0
github.com/MommusWinner/MicroDurak/internal/services/auth/core/grpc_players_client.go:33.23,35.17 2 0
github.com/MommusWinner/MicroDurak/internal/services/auth/core/grpc_players_client.go:35.17,36.69 1 0
github.com/MommusWinner/MicroDurak/internal/services/auth/core/grpc_players_client.go:38.3,39.56 2 0
github.com/MommusWinner/MicroDurak/internal/services/auth/core/grpc_players_client.go:41.2,41.15 1 0
github.com/MommusWinner/MicroDurak/internal/services/game/cmd/main.go:20.41,22.16 2 0
github.com/MommusWinner/MicroDurak/internal/services/game/cmd/main.go:22.16,24.3 1 0
github.com/MommusWinner/MicroDurak/internal/services/game/cmd/main.go:26.2,27.16 2 0
github.com/MommusWinner/MicroDurak/internal/services/game/cmd/main.go:27.16,29.3 1 0
github.com/MommusWinner/MicroDurak/internal/services/game/cmd/main.go:31.2,34.16 3 0
github.com/MommusWinner/MicroDurak/internal/services/game/cmd/main.go:34.16,36.3 1 0
github.com/MommusWinner/MicroDurak/internal/services/game/cmd/main.go:38.2,43.12 4 0
github.com/MommusWinner/MicroDurak/internal/services/game/cmd/main.go:43.12,45.3 1 0
github.com/MommusWinner/MicroDurak/internal/services/game/cmd/main.go:47.2,52.9 4 0
github.com/MommusWinner/MicroDurak/internal/services/game/cmd/main.go:53.24,54.13 1 0
github.com/MommusWinner/MicroDurak/internal/services/game/cmd/main.go:55.14,60.13 4 0
github.com/MommusWinner/MicroDurak/internal/services/game/cmd/main.go:64.68,67.16 3 0
github.com/MommusWinner/MicroDurak/internal/services/game/cmd/main.go:67.16,69.3 1 0
github.com/MommusWinner/MicroDurak/internal/services/game/cmd/main.go:71.2,71.46 1 0
github.com/MommusWinner/MicroDurak/internal/services/game/cmd/main.go:71.46,73.3 1 0
github.com/MommusWinner/MicroDurak/internal/services/game/cmd/main.go:74.2,74.12 1 0
github.com/MommusWinner/MicroDurak/internal/services/game/cmd/main.go:77.66,79.16 2 0
github.com/MommusWinner/MicroDurak/internal/services/game/cmd/main.go:79.16,81.3 1 0
github.com/MommusWinner/MicroDurak/internal/services/game/cmd/main.go:82.2,83.16 2 0
github.com/MommusWinner/MicroDurak/internal/services/game/cmd/main.go:83.16,85.3 1 0
github.com/MommusWinner/MicroDurak/internal/services/game/cmd/main.go:87.2,87.21 1 0
github.com/MommusWinner/MicroDurak/internal/services/game/cmd/main.go:90.13,93.40 2 0
github.com/MommusWinner/MicroDurak/internal/services/game/cmd/main.go:93.40,94.13 1 0
github.com/MommusWinner/MicroDurak/internal/services/game/controller/controller.go:25.18,31.2 1 0
github.com/MommusWinner/MicroDurak/internal/services/game/controller/controller.go:33.75,35.2 1 0
github.com/MommusWinner/MicroDurak/internal/services/game/controller/controller.go:37.70,39.2 1 0
github.com/MommusWinner/MicroDurak/internal/services/game/controller/controller.go:41.42,42.39 1 0
github.com/MommusWinner/MicroDurak/internal/services/game/controller/controller.go:42.39,46.17 4 0
github.com/MommusWinner/MicroDurak/internal/services/game/controller/controller.go:46.17,49.4 2 0
github.com/MommusWinner/MicroDurak/internal/services/game/controller/controller.go:51.3,52.17 2 0
github.com/MommusWinner/MicroDurak/internal/services/game/controller/controller.go:52.17,55.4 2 0
github.com/MommusWinner/MicroDurak/internal/services/game/controller/controller.go:57.3,57.50 1 0
github.com/MommusWinner/MicroDurak/internal/services/game/controller/controller.go:57.50,59.4 1 0
github.com/MommusWinner/MicroDurak/internal/services/game/controller/controller.go:60.3,60.32 1 0
github.com/MommusWinner/MicroDurak/internal/services/game/controller/controller.go:64.68,76.16 4 0
github.com/MommusWinner/MicroDurak/internal/services/game/controller/controller.go:76.16,78.13 2 0
github.com/MommusWinner/MicroDurak/internal/services/game/controller/controller.go:80.2,89.16 2 0
github.com/MommusWinner/MicroDurak/internal/services/game/controller/controller.go:89.16,91.13 2 0
github.com/MommusWinner/MicroDurak/internal/services/game/controller/controller.go:93.2,103.9 2 0
github.com/MommusWinner/MicroDurak/internal/services/game/controller/controller.go:103.9,104.23 1 0
github.com/MommusWinner/MicroDurak/internal/services/game/controller/controller.go:104.23,106.4 1 0
github.com/MommusWinner/MicroDurak/internal/services/game/controller/controller.go:114.9,126.16 4 0
github.com/MommusWinner/MicroDurak/internal/services/game/controller/controller.go:126.16,129.3 2 0
github.com/MommusWinner/MicroDurak/internal/services/game/controller/controller.go:131.2,140.16 2 0
github.com/MommusWinner/MicroDurak/internal/services/game/controller/controller.go:140.16,143.3 2 0
github.com/MommusWinner/MicroDurak/internal/services/game/controller/controller.go:145.2,153.16 2 0
github.com/MommusWinner/MicroDurak/internal/services/game/controller/controller.go:153.16,156.3 2 0
github.com/MommusWinner/MicroDurak/internal/services/game/controller/controller.go:158.2,170.16 4 0
github.com/MommusWinner/MicroDurak/internal/services/game/controller/controller.go:170.16,173.3 2 0
github.com/MommusWinner/MicroDurak/internal/services/game/controller/controller.go:175.2,175.12 1 0
github.com/MommusWinner/MicroDurak/internal/services/game/config/config.go:15.30,18.16 3 0
github.com/MommusWinner/MicroDurak/internal/services/game/config/config.go:18.16,20.3 1 0
github.com/MommusWinner/MicroDurak/internal/services/game/config/config.go:23.2,24.16 2 0
github.com/MommusWinner/MicroDurak/internal/services/game/config/config.go:24.16,26.3 1 0
github.com/MommusWinner/MicroDurak/internal/services/game/config/config.go:28.2,28.17 1 0
github.com/MommusWinner/MicroDurak/internal/services/game-manager/handlers/handlers.go:25.76,28.2 2 0
github.com/MommusWinner/MicroDurak/internal/services/game-manager/handlers/handlers.go:30.48,33.9 3 0
github.com/MommusWinner/MicroDurak/internal/services/game-manager/handlers/handlers.go:33.9,34.31 1 0
github.com/MommusWinner/MicroDurak/internal/services/game-manager/handlers/handlers.go:37.2,38.18 2 0
github.com/MommusWinner/MicroDurak/internal/services/game-manager/handlers/handlers.go:38.18,41.3 2 0
github.com/MommusWinner/MicroDurak/internal/services/game-manager/handlers/handlers.go:43.2,43.16 1 0
github.com/MommusWinner/MicroDurak/internal/services/game-manager/handlers/handlers.go:43.16,45.3 1 0
github.com/MommusWinner/MicroDurak/internal/services/game-manager/handlers/handlers.go:46.2,55.12 6 0
github.com/MommusWinner/MicroDurak/internal/services/game-manager/handlers/handlers.go:55.12,56.7 1 0
github.com/MommusWinner/MicroDurak/internal/services/game-manager/handlers/handlers.go:56.7,57.11 1 0
github.com/MommusWinner/MicroDurak/internal/services/game-manager/handlers/handlers.go:58.19,59.11 1 0
github.com/MommusWinner/MicroDurak/internal/services/game-manager/handlers/handlers.go:60.12,62.19 2 0
github.com/MommusWinner/MicroDurak/internal/services/game-manager/handlers/handlers.go:62.19,65.6 2 0
github.com/MommusWinner/MicroDurak/internal/services/game-manager/handlers/handlers.go:66.5,68.28 3 0
github.com/MommusWinner/MicroDurak/internal/services/game-manager/handlers/handlers.go:74.2,74.6 1 0
github.com/MommusWinner/MicroDurak/internal/services/game-manager/handlers/handlers.go:74.6,75.55 1 0
github.com/MommusWinner/MicroDurak/internal/services/game-manager/handlers/handlers.go:75.55,76.74 1 0
github.com/MommusWinner/MicroDurak/internal/services/game-manager/handlers/handlers.go:76.74,78.5 1 0
github.com/MommusWinner/MicroDurak/internal/services/game-manager/handlers/handlers.go:82.3,82.36 1 0
github.com/MommusWinner/MicroDurak/internal/services/game-manager/handlers/handlers.go:86.90,98.16 4 0
github.com/MommusWinner/MicroDurak/internal/services/game-manager/handlers/handlers.go:98.16,100.13 2 0
github.com/MommusWinner/MicroDurak/internal/services/game-manager/handlers/handlers.go:102.2,111.16 2 0
github.com/MommusWinner/MicroDurak/internal/services/game-manager/handlers/handlers.go:111.16,113.13 2 0
github.com/MommusWinner/MicroDurak/internal/services/game-manager/handlers/handlers.go:115.2,125.9 2 0
github.com/MommusWinner/MicroDurak/internal/services/game-manager/handlers/handlers.go:125.9,126.23 1 0
github.com/MommusWinner/MicroDurak/internal/services/game-manager/handlers/handlers.go:126.23,128.4 1 0
github.com/MommusWinner/MicroDurak/internal/services/auth/infra/config/config.go:34.21,37.16 3 0
github.com/MommusWinner/MicroDurak/internal/services/auth/infra/config/config.go:37.16,39.3 1 0
github.com/MommusWinner/MicroDurak/internal/services/auth/infra/config/config.go:42.2,43.16 2 0
github.com/MommusWinner/MicroDurak/internal/services/auth/infra/config/config.go:43.16,45.3 1 0
github.com/MommusWinner/MicroDurak/internal/services/auth/infra/config/config.go:46.2,46.12 1 0
github.com/MommusWinner/MicroDurak/internal/services/auth/infra/config/config.go:49.41,51.2 1 0
github.com/MommusWinner/MicroDurak/internal/services/auth/infra/config/config.go:53.41,55.2 1 0
github.com/MommusWinner/MicroDurak/internal/services/auth/infra/config/config.go:57.35,59.2 1 0
github.com/MommusWinner/MicroDurak/internal/services/auth/infra/config/config.go:60.42,62.2 1 0
github.com/MommusWinner/MicroDurak/internal/services/auth/infra/config/config.go:64.39,66.2 1 0
github.com/MommusWinner/MicroDurak/internal/services/game-manager/publisher/publisher.go:11.69,23.16 4 0
github.com/MommusWinner/MicroDurak/internal/services/game-manager/publisher/publisher.go:23.16,26.3 2 0
github.com/MommusWinner/MicroDurak/internal/services/game-manager/publisher/publisher.go:28.2,37.16 2 0
github.com/MommusWinner/MicroDurak/internal/services/game-manager/publisher/publisher.go:37.16,40.3 2 0
github.com/MommusWinner/MicroDurak/internal/services/game-manager/publisher/publisher.go:42.2,50.16 2 0
github.com/MommusWinner/MicroDurak/internal/services/game-manager/publisher/publisher.go:50.16,53.3 2 0
github.com/MommusWinner/MicroDurak/internal/services/game-manager/publisher/publisher.go:55.2,67.16 4 0
github.com/MommusWinner/MicroDurak/internal/services/game-manager/publisher/publisher.go:67.16,70.3 2 0
github.com/MommusWinner/MicroDurak/internal/services/game-manager/publisher/publisher.go:72.2,72.12 1 0
github.com/MommusWinner/MicroDurak/internal/services/game-manager/cmd/main.go:12.51,14.16 2 0
github.com/MommusWinner/MicroDurak/internal/services/game-manager/cmd/main.go:14.16,16.3 1 0
github.com/MommusWinner/MicroDurak/internal/services/game-manager/cmd/main.go:17.2,21.16 3 0
github.com/MommusWinner/MicroDurak/internal/services/game-manager/cmd/main.go:21.16,23.3 1 0
github.com/MommusWinner/MicroDurak/internal/services/game-manager/cmd/main.go:25.2,27.35 2 0
github.com/MommusWinner/MicroDurak/internal/services/game-manager/cmd/main.go:30.66,32.16 2 0
github.com/MommusWinner/MicroDurak/internal/services/game-manager/cmd/main.go:32.16,34.3 1 0
github.com/MommusWinner/MicroDurak/internal/services/game-manager/cmd/main.go:35.2,36.16 2 0
github.com/MommusWinner/MicroDurak/internal/services/game-manager/cmd/main.go:36.16,38.3 1 0
github.com/MommusWinner/MicroDurak/internal/services/game-manager/cmd/main.go:40.2,40.21 1 0
github.com/MommusWinner/MicroDurak/internal/services/game-manager/cmd/main.go:43.13,46.36 3 0
github.com/MommusWinner/MicroDurak/internal/services/game-manager/cmd/main.go:46.36,47.13 1 0
github.com/MommusWinner/MicroDurak/internal/services/players/rating/calculate.go:61.90,63.21 2 0
github.com/MommusWinner/MicroDurak/internal/services/players/rating/calculate.go:63.21,65.3 1 0
github.com/MommusWinner/MicroDurak/internal/services/players/rating/calculate.go:67.2,70.38 3 0
github.com/MommusWinner/MicroDurak/internal/services/players/rating/calculate.go:70.38,72.44 2 0
github.com/MommusWinner/MicroDurak/internal/services/players/rating/calculate.go:72.44,73.14 1 0
github.com/MommusWinner/MicroDurak/internal/services/players/rating/calculate.go:73.14,74.13 1 0
github.com/MommusWinner/MicroDurak/internal/services/players/rating/calculate.go:76.4,77.48 2 0
github.com/MommusWinner/MicroDurak/internal/services/players/rating/calculate.go:80.3,85.125 5 0
github.com/MommusWinner/MicroDurak/internal/services/players/rating/calculate.go:88.2,88.26 1 0
github.com/MommusWinner/MicroDurak/internal/services/auth/domain/cases/login.go:15.91,20.2 1 0
github.com/MommusWinner/MicroDurak/internal/services/auth/domain/cases/login.go:22.85,25.16 2 0
github.com/MommusWinner/MicroDurak/internal/services/auth/domain/cases/login.go:25.16,29.3 3 0
github.com/MommusWinner/MicroDurak/internal/services/auth/domain/cases/login.go:31.2,31.17 1 0
github.com/MommusWinner/MicroDurak/internal/services/auth/domain/cases/login.go:31.17,34.3 2 0
github.com/MommusWinner/MicroDurak/internal/services/auth/domain/cases/login.go:36.2,36.60 1 0
github.com/MommusWinner/MicroDurak/internal/services/auth/domain/cases/login.go:36.60,39.3 2 0
github.com/MommusWinner/MicroDurak/internal/services/auth/domain/cases/login.go:41.2,42.16 2 0
github.com/MommusWinner/MicroDurak/internal/services/auth/domain/cases/login.go:42.16,46.3 3 0
github.com/MommusWinner/MicroDurak/internal/services/auth/domain/cases/login.go:48.2,52.8 2 0
github.com/MommusWinner/MicroDurak/internal/services/auth/domain/cases/register.go:13.94,15.16 2 0
github.com/MommusWinner/MicroDurak/internal/services/auth/domain/cases/register.go:15.16,19.3 3 0
github.com/MommusWinner/MicroDurak/internal/services/auth/domain/cases/register.go:21.2,21.17 1 0
github.com/MommusWinner/MicroDurak/internal/services/auth/domain/cases/register.go:21.17,24.3 2 0
github.com/MommusWinner/MicroDurak/internal/services/auth/domain/cases/register.go:26.2,31.16 2 0
github.com/MommusWinner/MicroDurak/internal/services/auth/domain/cases/register.go:31.16,35.3 3 0
github.com/MommusWinner/MicroDurak/internal/services/auth/domain/cases/register.go:37.2,38.16 2 0
github.com/MommusWinner/MicroDurak/internal/services/auth/domain/cases/register.go:38.16,42.3 3 0
github.com/MommusWinner/MicroDurak/internal/services/auth/domain/cases/register.go:44.2,48.16 4 0
github.com/MommusWinner/MicroDurak/internal/services/auth/domain/cases/register.go:48.16,52.3 3 0
github.com/MommusWinner/MicroDurak/internal/services/auth/domain/cases/register.go:54.2,55.16 2 0
github.com/MommusWinner/MicroDurak/internal/services/auth/domain/cases/register.go:55.16,59.3 3 0
github.com/MommusWinner/MicroDurak/internal/services/auth/domain/cases/register.go:61.2,65.8 2 0
github.com/MommusWinner/MicroDurak/internal/services/game-manager/config/config.go:16.30,19.16 3 0
github.com/MommusWinner/MicroDurak/internal/services/game-manager/config/config.go:19.16,21.3 1 0
github.com/MommusWinner/MicroDurak/internal/services/game-manager/config/config.go:24.2,25.16 2 0
github.com/MommusWinner/MicroDurak/internal/services/game-manager/config/config.go:25.16,27.3 1 0
github.com/MommusWinner/MicroDurak/internal/services/game-manager/config/config.go:29.2,29.17 1 0
github.com/MommusWinner/MicroDurak/internal/services/matchmaker/matchmaker.go:34.15,38.2 3 0
github.com/MommusWinner/MicroDurak/internal/services/matchmaker/matchmaker.go:42.9,44.12 1 0
github.com/MommusWinner/MicroDurak/internal/services/matchmaker/matchmaker.go:44.12,45.7 1 0
github.com/MommusWinner/MicroDurak/internal/services/matchmaker/matchmaker.go:45.7,46.11 1 0
github.com/MommusWinner/MicroDurak/internal/services/matchmaker/matchmaker.go:47.22,48.11 1 0
github.com/MommusWinner/MicroDurak/internal/services/matchmaker/matchmaker.go:49.36,50.44 1 0
github.com/MommusWinner/MicroDurak/internal/services/matchmaker/matchmaker.go:51.41,53.19 2 0
github.com/MommusWinner/MicroDurak/internal/services/matchmaker/matchmaker.go:53.19,54.16 1 0
github.com/MommusWinner/MicroDurak/internal/services/matchmaker/matchmaker.go:56.5,56.44 1 0
github.com/MommusWinner/MicroDurak/internal/services/matchmaker/matchmaker.go:61.2,62.6 2 0
github.com/MommusWinner/MicroDurak/internal/services/matchmaker/matchmaker.go:62.6,63.10 1 0
github.com/MommusWinner/MicroDurak/internal/services/matchmaker/matchmaker.go:64.21,66.14 1 0
github.com/MommusWinner/MicroDurak/internal/services/matchmaker/matchmaker.go:67.19,68.25 1 0
github.com/MommusWinner/MicroDurak/internal/services/matchmaker/matchmaker.go:68.25,69.13 1 0
github.com/MommusWinner/MicroDurak/internal/services/matchmaker/matchmaker.go:71.4,72.18 2 0
github.com/MommusWinner/MicroDurak/internal/services/matchmaker/matchmaker.go:72.18,74.5 1 0
github.com/MommusWinner/MicroDurak/internal/services/matchmaker/matchmaker.go:80.59,81.40 1 0
github.com/MommusWinner/MicroDurak/internal/services/matchmaker/matchmaker.go:81.40,85.17 2 0
github.com/MommusWinner/MicroDurak/internal/services/matchmaker/matchmaker.go:85.17,87.4 1 0
github.com/MommusWinner/MicroDurak/internal/services/matchmaker/matchmaker.go:90.3,90.30 1 0
github.com/MommusWinner/MicroDurak/internal/services/matchmaker/matchmaker.go:91.24,97.46 3 0
github.com/MommusWinner/MicroDurak/internal/services/matchmaker/matchmaker.go:97.46,98.13 1 0
github.com/MommusWinner/MicroDurak/internal/services/matchmaker/matchmaker.go:99.10,99.25 1 0
github.com/MommusWinner/MicroDurak/internal/services/matchmaker/matchmaker.go:99.25,101.5 1 0
github.com/MommusWinner/MicroDurak/internal/services/matchmaker/matchmaker.go:102.23,109.33 4 0
github.com/MommusWinner/MicroDurak/internal/services/matchmaker/matchmaker.go:109.33,111.13 1 0
github.com/MommusWinner/MicroDurak/internal/services/matchmaker/matchmaker.go:112.10,112.25 1 0
github.com/MommusWinner/MicroDurak/internal/services/matchmaker/matchmaker.go:112.25,114.5 1 0
github.com/MommusWinner/MicroDurak/internal/services/matchmaker/matchmaker.go:118.2,118.12 1 0
github.com/MommusWinner/MicroDurak/internal/services/matchmaker/matchmaker.go:121.86,128.16 5 0
github.com/MommusWinner/MicroDurak/internal/services/matchmaker/matchmaker.go:128.16,130.3 1 0
github.com/MommusWinner/MicroDurak/internal/services/matchmaker/matchmaker.go:132.2,132.15 1 0
github.com/MommusWinner/MicroDurak/internal/services/matchmaker/matchmaker.go:132.15,134.17 2 0
github.com/MommusWinner/MicroDurak/internal/services/matchmaker/matchmaker.go:134.17,136.4 1 0
github.com/MommusWinner/MicroDurak/internal/services/matchmaker/matchmaker.go:138.3,138.22 1 0
github.com/MommusWinner/MicroDurak/internal/services/matchmaker/matchmaker.go:138.22,140.18 2 0
github.com/MommusWinner/MicroDurak/internal/services/matchmaker/matchmaker.go:140.18,142.5 1 0
github.com/MommusWinner/MicroDurak/internal/services/matchmaker/matchmaker.go:144.4,146.14 2 0
github.com/MommusWinner/MicroDurak/internal/services/matchmaker/matchmaker.go:148.8,150.17 2 0
github.com/MommusWinner/MicroDurak/internal/services/matchmaker/matchmaker.go:150.17,152.4 1 0
github.com/MommusWinner/MicroDurak/internal/services/matchmaker/matchmaker.go:154.3,154.24 1 0
github.com/MommusWinner/MicroDurak/internal/services/matchmaker/matchmaker.go:154.24,156.4 1 0
github.com/MommusWinner/MicroDurak/internal/services/matchmaker/matchmaker.go:159.3,160.17 2 0
github.com/MommusWinner/MicroDurak/internal/services/matchmaker/matchmaker.go:160.17,162.4 1 0
github.com/MommusWinner/MicroDurak/internal/services/matchmaker/matchmaker.go:164.2,164.12 1 0
github.com/MommusWinner/MicroDurak/internal/services/matchmaker/matchmaker.go:170.9,172.16 2 0
github.com/MommusWinner/MicroDurak/internal/services/matchmaker/matchmaker.go:172.16,174.3 1 0
github.com/MommusWinner/MicroDurak/internal/services/matchmaker/matchmaker.go:176.2,176.21 1 0
github.com/MommusWinner/MicroDurak/internal/services/matchmaker/matchmaker.go:176.21,178.3 1 0
github.com/MommusWinner/MicroDurak/internal/services/matchmaker/matchmaker.go:180.2,181.16 2 0
github.com/MommusWinner/MicroDurak/internal/services/matchmaker/matchmaker.go:181.16,183.3 1 0
github.com/MommusWinner/MicroDurak/internal/services/matchmaker/matchmaker.go:185.2,186.16 2 0
github.com/MommusWinner/MicroDurak/internal/services/matchmaker/matchmaker.go:186.16,188.3 1 0
github.com/MommusWinner/MicroDurak/internal/services/matchmaker/matchmaker.go:190.2,191.16 2 0
github.com/MommusWinner/MicroDurak/internal/services/matchmaker/matchmaker.go:191.16,193.3 1 0
github.com/MommusWinner/MicroDurak/internal/services/matchmaker/matchmaker.go:195.2,200.49 2 0
github.com/MommusWinner/MicroDurak/internal/services/matchmaker/matchmaker.go:200.49,206.3 3 0
github.com/MommusWinner/MicroDurak/internal/services/matchmaker/matchmaker.go:207.2,207.12 1 0
github.com/MommusWinner/MicroDurak/internal/services/matchmaker/types/errors.go:14.42,16.2 1 0
github.com/MommusWinner/MicroDurak/internal/services/matchmaker/types/errors.go:18.38,20.2 1 0
github.com/MommusWinner/MicroDurak/internal/services/matchmaker/types/matches.go:14.37,15.11 1 0
github.com/MommusWinner/MicroDurak/internal/services/matchmaker/types/matches.go:16.20,17.19 1 0
github.com/MommusWinner/MicroDurak/internal/services/matchmaker/types/matches.go:18.20,19.19 1 0
github.com/MommusWinner/MicroDurak/internal/services/matchmaker/types/matches.go:20.23,21.23 1 0
github.com/MommusWinner/MicroDurak/internal/services/matchmaker/types/matches.go:22.18,23.17 1 0
github.com/MommusWinner/MicroDurak/internal/services/matchmaker/types/matches.go:25.2,25.18 1 0
github.com/MommusWinner/MicroDurak/internal/services/matchmaker/cmd/main.go:22.51,27.16 4 0
github.com/MommusWinner/MicroDurak/internal/services/matchmaker/cmd/main.go:27.16,29.3 1 0
github.com/MommusWinner/MicroDurak/internal/services/matchmaker/cmd/main.go:31.2,32.16 2 0
github.com/MommusWinner/MicroDurak/internal/services/matchmaker/cmd/main.go:32.16,34.3 1 0
github.com/MommusWinner/MicroDurak/internal/services/matchmaker/cmd/main.go:35.2,42.16 4 0
github.com/MommusWinner/MicroDurak/internal/services/matchmaker/cmd/main.go:42.16,44.3 1 0
github.com/MommusWinner/MicroDurak/internal/services/matchmaker/cmd/main.go:45.2,48.16 3 0
github.com/MommusWinner/MicroDurak/internal/services/matchmaker/cmd/main.go:48.16,50.3 1 0
github.com/MommusWinner/MicroDurak/internal/services/matchmaker/cmd/main.go:51.2,61.12 7 0
github.com/MommusWinner/MicroDurak/internal/services/matchmaker/cmd/main.go:61.12,61.39 1 0
github.com/MommusWinner/MicroDurak/internal/services/matchmaker/cmd/main.go:62.2,62.12 1 0
github.com/MommusWinner/MicroDurak/internal/services/matchmaker/cmd/main.go:62.12,62.53 1 0
github.com/MommusWinner/MicroDurak/internal/services/matchmaker/cmd/main.go:64.2,67.52 3 0
github.com/MommusWinner/MicroDurak/internal/services/matchmaker/cmd/main.go:67.52,72.49 4 0
github.com/MommusWinner/MicroDurak/internal/services/matchmaker/cmd/main.go:72.49,75.26 2 0
github.com/MommusWinner/MicroDurak/internal/services/matchmaker/cmd/main.go:75.26,77.5 1 0
github.com/MommusWinner/MicroDurak/internal/services/matchmaker/cmd/main.go:78.4,78.14 1 0
github.com/MommusWinner/MicroDurak/internal/services/matchmaker/cmd/main.go:80.3,80.21 1 0
github.com/MommusWinner/MicroDurak/internal/services/matchmaker/cmd/main.go:83.2,83.9 1 0
github.com/MommusWinner/MicroDurak/internal/services/matchmaker/cmd/main.go:84.24,85.31 1 0
github.com/MommusWinner/MicroDurak/internal/services/matchmaker/cmd/main.go:86.14,89.31 2 0
github.com/MommusWinner/MicroDurak/internal/services/matchmaker/cmd/main.go:93.13,96.36 3 0
github.com/MommusWinner/MicroDurak/internal/services/matchmaker/cmd/main.go:96.36,98.3 1 0
github.com/MommusWinner/MicroDurak/internal/services/matchmaker/config/config.go:18.30,21.16 3 0
github.com/MommusWinner/MicroDurak/internal/services/matchmaker/config/config.go:21.16,23.3 1 0
github.com/MommusWinner/MicroDurak/internal/services/matchmaker/config/config.go:26.2,27.16 2 0
[...]
github.com/MommusWinner/MicroDurak/internal/services/matchmaker/handlers/handlers.go:112.2,123.6 5 0
github.com/MommusWinner/MicroDurak/internal/services/matchmaker/handlers/handlers.go:123.6,124.10 1 0
github.com/MommusWinner/MicroDurak/internal/services/matchmaker/handlers/handlers.go:125.36,126.30 1 0
github.com/MommusWinner/MicroDurak/internal/services/matchmaker/handlers/handlers.go:127.28,139.19 7 0
github.com/MommusWinner/MicroDurak/internal/services/matchmaker/handlers/handlers.go:139.19,141.6 1 0
github.com/MommusWinner/MicroDurak/internal/services/matchmaker/handlers/handlers.go:143.5,143.15 1 0
github.com/MommusWinner/MicroDurak/internal/services/matchmaker/handlers/handlers.go:144.26,152.19 4 0
github.com/MommusWinner/MicroDurak/internal/services/matchmaker/handlers/handlers.go:152.19,154.6 1 0
github.com/MommusWinner/MicroDurak/internal/services/matchmaker/handlers/handlers.go:156.5,156.29 1 0
github.com/MommusWinner/MicroDurak/internal/services/matchmaker/handlers/handlers.go:157.12,166.19 4 0
github.com/MommusWinner/MicroDurak/internal/services/matchmaker/handlers/handlers.go:166.19,168.6 1 0
github.com/MommusWinner/MicroDurak/internal/services/matchmaker/handlers/handlers.go:170.19,172.14 2 0
github.com/MommusWinner/MicroDurak/internal/services/players/connection/connection.go:22.49,30.2 2 0
github.com/MommusWinner/MicroDurak/internal/services/players/connection/connection.go:32.47,35.16 2 0
github.com/MommusWinner/MicroDurak/internal/services/players/connection/connection.go:35.16,36.62 1 0
github.com/MommusWinner/MicroDurak/internal/services/players/connection/connection.go:39.2,39.29 1 0
github.com/MommusWinner/MicroDurak/internal/services/players/connection/connection.go:42.36,45.2 2 0
github.com/MommusWinner/MicroDurak/internal/services/players/connection/connection.go:47.67,49.2 1 0
github.com/MommusWinner/MicroDurak/internal/services/players/connection/connection.go:51.69,53.2 1 0
github.com/MommusWinner/MicroDurak/internal/services/players/connection/match.go:19.79,21.2 1 0
github.com/MommusWinner/MicroDurak/internal/services/players/connection/match.go:23.116,26.16 3 0
github.com/MommusWinner/MicroDurak/internal/services/players/connection/match.go:26.16,28.3 1 0
github.com/MommusWinner/MicroDurak/internal/services/players/connection/match.go:29.2,29.102 1 0
github.com/MommusWinner/MicroDurak/internal/services/players/connection/match.go:32.114,40.2 2 0
github.com/MommusWinner/MicroDurak/internal/services/players/connection/match.go:42.178,44.16 2 0
github.com/MommusWinner/MicroDurak/internal/services/players/connection/match.go:44.16,46.3 1 0
github.com/MommusWinner/MicroDurak/internal/services/players/connection/match.go:47.2,53.57 5 0
github.com/MommusWinner/MicroDurak/internal/services/players/connection/match.go:53.57,55.3 1 0
github.com/MommusWinner/MicroDurak/internal/services/players/connection/match.go:57.2,57.23 1 0
github.com/MommusWinner/MicroDurak/internal/services/players/connection/player.go:19.81,21.2 1 0
github.com/MommusWinner/MicroDurak/internal/services/players/connection/player.go:23.87,26.2 2 0
github.com/MommusWinner/MicroDurak/internal/services/players/connection/player.go:28.103,31.2 2 0
github.com/MommusWinner/MicroDurak/internal/services/players/connection/player.go:33.70,34.26 1 0
github.com/MommusWinner/MicroDurak/internal/services/players/connection/player.go:37.87,39.35 2 0
github.com/MommusWinner/MicroDurak/internal/services/players/connection/player.go:39.35,41.3 1 0
github.com/MommusWinner/MicroDurak/internal/services/players/connection/player.go:41.8,41.23 1 0
github.com/MommusWinner/MicroDurak/internal/services/players/connection/player.go:41.23,43.3 1 0
github.com/MommusWinner/MicroDurak/internal/services/players/connection/player.go:45.2,52.21 2 0
github.com/MommusWinner/MicroDurak/internal/services/players/connection/player.go:55.73,57.16 2 0
github.com/MommusWinner/MicroDurak/internal/services/players/connection/player.go:57.16,59.3 1 0
github.com/MommusWinner/MicroDurak/internal/services/players/connection/player.go:60.2,63.18 3 0
github.com/MommusWinner/MicroDurak/internal/services/players/connection/player.go:63.18,68.17 5 0
github.com/MommusWinner/MicroDurak/internal/services/players/connection/player.go:68.17,70.4 1 0
github.com/MommusWinner/MicroDurak/internal/services/players/connection/player.go:71.3,73.31 3 0
github.com/MommusWinner/MicroDurak/internal/services/players/connection/player.go:76.2,76.35 1 0
github.com/MommusWinner/MicroDurak/internal/services/players/connection/player.go:76.35,78.3 1 0
github.com/MommusWinner/MicroDurak/internal/services/players/connection/player.go:80.2,80.21 1 0
github.com/MommusWinner/MicroDurak/lib/validate/validate.go:14.48,15.47 1 0
github.com/MommusWinner/MicroDurak/lib/validate/validate.go:15.47,18.3 1 0
github.com/MommusWinner/MicroDurak/lib/validate/validate.go:19.2,19.12 1 0
github.com/MommusWinner/MicroDurak/lib/validate/validate.go:22.63,24.2 1 0
github.com/MommusWinner/MicroDurak/internal/services/players/delivery/http/docs/docs.go:231.13,233.2 1 0
github.com/MommusWinner/MicroDurak/internal/services/players/delivery/http/handlers.go:22.128,28.2 1 0
github.com/MommusWinner/MicroDurak/internal/services/players/delivery/http/handlers.go:73.54,76.16 2 0
github.com/MommusWinner/MicroDurak/internal/services/players/delivery/http/handlers.go:76.16,77.41 1 0
github.com/MommusWinner/MicroDurak/internal/services/players/delivery/http/handlers.go:77.41,79.4 1 0
github.com/MommusWinner/MicroDurak/internal/services/players/delivery/http/handlers.go:80.3,80.29 1 0
github.com/MommusWinner/MicroDurak/internal/services/players/delivery/http/handlers.go:83.2,84.33 2 0
github.com/MommusWinner/MicroDurak/internal/services/players/delivery/http/handlers.go:84.33,91.3 1 0
github.com/MommusWinner/MicroDurak/internal/services/players/delivery/http/handlers.go:93.2,93.65 1 0
github.com/MommusWinner/MicroDurak/internal/services/players/delivery/http/handlers.go:108.55,111.16 3 0
github.com/MommusWinner/MicroDurak/internal/services/players/delivery/http/handlers.go:111.16,113.3 1 0
github.com/MommusWinner/MicroDurak/internal/services/players/delivery/http/handlers.go:115.2,117.16 2 0
github.com/MommusWinner/MicroDurak/internal/services/players/delivery/http/handlers.go:117.16,119.3 1 0
github.com/MommusWinner/MicroDurak/internal/services/players/delivery/http/handlers.go:121.2,121.24 1 0
github.com/MommusWinner/MicroDurak/internal/services/players/delivery/http/handlers.go:121.24,123.3 1 0
github.com/MommusWinner/MicroDurak/internal/services/players/delivery/http/handlers.go:125.2,130.4 1 0
github.com/MommusWinner/MicroDurak/internal/services/players/delivery/http/handlers.go:144.59,147.36 2 0
github.com/MommusWinner/MicroDurak/internal/services/players/delivery/http/handlers.go:147.36,149.3 1 0
github.com/MommusWinner/MicroDurak/internal/services/players/delivery/http/handlers.go:150.2,150.40 1 0
github.com/MommusWinner/MicroDurak/internal/services/players/delivery/http/handlers.go:150.40,154.3 3 0
github.com/MommusWinner/MicroDurak/internal/services/players/delivery/http/handlers.go:157.2,158.24 2 0
github.com/MommusWinner/MicroDurak/internal/services/players/delivery/http/handlers.go:159.13,160.37 1 0
github.com/MommusWinner/MicroDurak/internal/services/players/delivery/http/handlers.go:161.14,162.38 1 0
github.com/MommusWinner/MicroDurak/internal/services/players/delivery/http/handlers.go:163.21,164.45 1 0
github.com/MommusWinner/MicroDurak/internal/services/players/delivery/http/handlers.go:165.10,166.114 1 0
github.com/MommusWinner/MicroDurak/internal/services/players/delivery/http/handlers.go:170.2,171.49 2 0
github.com/MommusWinner/MicroDurak/internal/services/players/delivery/http/handlers.go:171.49,176.3 1 0
github.com/MommusWinner/MicroDurak/internal/services/players/delivery/http/handlers.go:179.2,186.16 3 0
github.com/MommusWinner/MicroDurak/internal/services/players/delivery/http/handlers.go:186.16,187.41 1 0
github.com/MommusWinner/MicroDurak/internal/services/players/delivery/http/handlers.go:187.41,189.4 1 0
github.com/MommusWinner/MicroDurak/internal/services/players/delivery/http/handlers.go:190.3,190.47 1 0
github.com/MommusWinner/MicroDurak/internal/services/players/delivery/http/handlers.go:190.47,192.4 1 0
github.com/MommusWinner/MicroDurak/internal/services/players/delivery/http/handlers.go:193.3,193.46 1 0
github.com/MommusWinner/MicroDurak/internal/services/players/delivery/http/handlers.go:193.46,195.4 1 0
github.com/MommusWinner/MicroDurak/internal/services/players/delivery/http/handlers.go:196.3,196.29 1 0
github.com/MommusWinner/MicroDurak/internal/services/players/delivery/http/handlers.go:200.2,201.49 2 0
github.com/MommusWinner/MicroDurak/internal/services/players/delivery/http/handlers.go:201.49,207.3 1 0
github.com/MommusWinner/MicroDurak/internal/services/players/delivery/http/handlers.go:209.2,212.4 1 0
github.com/MommusWinner/MicroDurak/internal/services/players/delivery/http/router.go:8.60,16.2 4 0
github.com/MommusWinner/MicroDurak/internal/services/players/domain/cases/match.go:19.56,23.2 1 0
github.com/MommusWinner/MicroDurak/internal/services/players/domain/cases/match.go:25.144,26.36 1 0
github.com/MommusWinner/MicroDurak/internal/services/players/domain/cases/match.go:26.36,29.3 2 0
github.com/MommusWinner/MicroDurak/internal/services/players/domain/cases/match.go:31.2,33.49 2 0
github.com/MommusWinner/MicroDurak/internal/services/players/domain/cases/match.go:33.49,35.17 2 0
github.com/MommusWinner/MicroDurak/internal/services/players/domain/cases/match.go:35.17,38.4 2 0
github.com/MommusWinner/MicroDurak/internal/services/players/domain/cases/match.go:39.3,40.17 2 0
github.com/MommusWinner/MicroDurak/internal/services/players/domain/cases/match.go:40.17,43.4 2 0
github.com/MommusWinner/MicroDurak/internal/services/players/domain/cases/match.go:44.3,44.18 1 0
github.com/MommusWinner/MicroDurak/internal/services/players/domain/cases/match.go:44.18,47.4 2 0
github.com/MommusWinner/MicroDurak/internal/services/players/domain/cases/match.go:48.3,52.4 1 0
github.com/MommusWinner/MicroDurak/internal/services/players/domain/cases/match.go:55.2,57.177 2 0
github.com/MommusWinner/MicroDurak/internal/services/players/domain/cases/match.go:57.177,59.17 2 0
github.com/MommusWinner/MicroDurak/internal/services/players/domain/cases/match.go:59.17,61.4 1 0
github.com/MommusWinner/MicroDurak/internal/services/players/domain/cases/match.go:63.3,65.17 2 0
github.com/MommusWinner/MicroDurak/internal/services/players/domain/cases/match.go:65.17,67.4 1 0
github.com/MommusWinner/MicroDurak/internal/services/players/domain/cases/match.go:69.3,69.39 1 0
github.com/MommusWinner/MicroDurak/internal/services/players/domain/cases/match.go:69.39,70.107 1 0
github.com/MommusWinner/MicroDurak/internal/services/players/domain/cases/match.go:70.107,72.5 1 0
github.com/MommusWinner/MicroDurak/internal/services/players/domain/cases/match.go:74.4,74.88 1 0
github.com/MommusWinner/MicroDurak/internal/services/players/domain/cases/match.go:74.88,76.5 1 0
github.com/MommusWinner/MicroDurak/internal/services/players/domain/cases/match.go:78.4,82.5 1 0
github.com/MommusWinner/MicroDurak/internal/services/players/domain/cases/match.go:85.3,90.13 2 0
github.com/MommusWinner/MicroDurak/internal/services/players/domain/cases/match.go:93.2,93.16 1 0
github.com/MommusWinner/MicroDurak/internal/services/players/domain/cases/match.go:93.16,95.3 1 0
github.com/MommusWinner/MicroDurak/internal/services/players/domain/cases/match.go:97.2,97.8 1 0
github.com/MommusWinner/MicroDurak/internal/services/players/domain/cases/player.go:15.59,19.2 1 0
github.com/MommusWinner/MicroDurak/internal/services/players/domain/cases/player.go:21.102,23.16 2 0
github.com/MommusWinner/MicroDurak/internal/services/players/domain/cases/player.go:23.16,27.3 3 0
github.com/MommusWinner/MicroDurak/internal/services/players/domain/cases/player.go:29.2,32.8 2 0
github.com/MommusWinner/MicroDurak/internal/services/players/domain/cases/player.go:35.105,37.16 2 0
github.com/MommusWinner/MicroDurak/internal/services/players/domain/cases/player.go:37.16,41.3 3 0
github.com/MommusWinner/MicroDurak/internal/services/players/domain/cases/player.go:43.2,46.8 2 0
github.com/MommusWinner/MicroDurak/internal/services/players/domain/cases/player.go:49.104,51.16 2 0
github.com/MommusWinner/MicroDurak/internal/services/players/domain/cases/player.go:51.16,55.3 3 0
github.com/MommusWinner/MicroDurak/internal/services/players/domain/cases/player.go:57.2,60.8 2 0
github.com/MommusWinner/MicroDurak/internal/services/players/infra/config/config.go:18.21,21.16 3 0
github.com/MommusWinner/MicroDurak/internal/services/players/infra/config/config.go:21.16,23.3 1 0
github.com/MommusWinner/MicroDurak/internal/services/players/infra/config/config.go:26.2,27.16 2 0
github.com/MommusWinner/MicroDurak/internal/services/players/infra/config/config.go:27.16,29.3 1 0
github.com/MommusWinner/MicroDurak/internal/services/players/infra/config/config.go:30.2,30.12 1 0
github.com/MommusWinner/MicroDurak/internal/services/players/infra/config/config.go:33.40,35.2 1 0
github.com/MommusWinner/MicroDurak/internal/services/players/infra/config/config.go:37.39,39.2 1 0
github.com/MommusWinner/MicroDurak/internal/services/players/infra/config/config.go:41.39,43.2 1 0
github.com/MommusWinner/MicroDurak/internal/services/players/infra/config/config.go:44.42,46.2 1 0
github.com/MommusWinner/MicroDurak/internal/services/players/infra/config/config.go:48.39,50.2 1 0
github.com/MommusWinner/MicroDurak/internal/services/players/core/ctx.go:22.30,25.16 3 0
github.com/MommusWinner/MicroDurak/internal/services/players/core/ctx.go:25.16,27.3 1 0
github.com/MommusWinner/MicroDurak/internal/services/players/core/ctx.go:30.2,31.16 2 0
github.com/MommusWinner/MicroDurak/internal/services/players/core/ctx.go:31.16,33.3 1 0
github.com/MommusWinner/MicroDurak/internal/services/players/core/ctx.go:35.2,35.17 1 0
github.com/MommusWinner/MicroDurak/internal/services/players/core/ctx.go:44.37,46.2 1 0
github.com/MommusWinner/MicroDurak/internal/services/players/core/ctx.go:48.37,50.2 1 0
github.com/MommusWinner/MicroDurak/internal/services/players/core/ctx.go:52.46,54.2 1 0
github.com/MommusWinner/MicroDurak/internal/services/players/core/ctx.go:55.37,61.2 1 0
github.com/MommusWinner/MicroDurak/internal/services/players/core/ctx.go:63.21,74.2 4 0
github.com/MommusWinner/MicroDurak/internal/services/players/core/ctx.go:76.27,78.2 1 0
github.com/MommusWinner/MicroDurak/internal/services/players/core/di.go:16.18,31.2 3 0
github.com/MommusWinner/MicroDurak/internal/services/players/core/grpc_server.go:18.122,20.16 2 0
github.com/MommusWinner/MicroDurak/internal/services/players/core/grpc_server.go:20.16,21.44 1 0
github.com/MommusWinner/MicroDurak/internal/services/players/core/grpc_server.go:24.2,33.3 5 0
github.com/MommusWinner/MicroDurak/internal/services/players/core/grpc_server.go:36.30,37.55 1 0
github.com/MommusWinner/MicroDurak/internal/services/players/core/grpc_server.go:37.55,38.43 1 0
github.com/MommusWinner/MicroDurak/internal/services/players/core/http_server.go:22.82,34.2 5 0
github.com/MommusWinner/MicroDurak/internal/services/players/core/http_server.go:36.30,38.16 2 0
github.com/MommusWinner/MicroDurak/internal/services/players/core/http_server.go:38.16,39.13 1 0
github.com/MommusWinner/MicroDurak/internal/services/players/core/http_server.go:41.2,41.16 1 0
github.com/MommusWinner/MicroDurak/internal/services/players/core/http_server.go:41.16,42.47 1 0
github.com/MommusWinner/MicroDurak/internal/services/players/core/http_server.go:46.39,48.2 1 0
github.com/MommusWinner/MicroDurak/internal/services/players/cmd/docs/docs.go:34.13,36.2 1 0
github.com/MommusWinner/MicroDurak/lib/jwt/check.go:10.80,12.16 2 0
github.com/MommusWinner/MicroDurak/lib/jwt/check.go:12.16,14.3 1 0
github.com/MommusWinner/MicroDurak/lib/jwt/check.go:15.2,16.16 2 0
github.com/MommusWinner/MicroDurak/lib/jwt/check.go:16.16,18.3 1 0
github.com/MommusWinner/MicroDurak/lib/jwt/check.go:20.2,20.71 1 0
github.com/MommusWinner/MicroDurak/lib/jwt/check.go:20.71,21.53 1 0
github.com/MommusWinner/MicroDurak/lib/jwt/check.go:21.53,23.4 1 0
github.com/MommusWinner/MicroDurak/lib/jwt/check.go:24.3,24.24 1 0
github.com/MommusWinner/MicroDurak/lib/jwt/check.go:27.2,27.16 1 0
github.com/MommusWinner/MicroDurak/lib/jwt/check.go:27.16,29.3 1 0
github.com/MommusWinner/MicroDurak/lib/jwt/check.go:31.2,31.26 1 0
github.com/MommusWinner/MicroDurak/lib/jwt/middleware.go:9.56,10.54 1 0
github.com/MommusWinner/MicroDurak/lib/jwt/middleware.go:10.54,11.37 1 0
github.com/MommusWinner/MicroDurak/lib/jwt/middleware.go:11.37,13.19 2 0
github.com/MommusWinner/MicroDurak/lib/jwt/middleware.go:13.19,15.5 1 0
github.com/MommusWinner/MicroDurak/lib/jwt/middleware.go:17.4,18.18 2 0
github.com/MommusWinner/MicroDurak/lib/jwt/middleware.go:18.18,20.5 1 0
github.com/MommusWinner/MicroDurak/lib/jwt/middleware.go:22.4,23.18 2 0
github.com/MommusWinner/MicroDurak/lib/jwt/middleware.go:23.18,25.5 1 0
github.com/MommusWinner/MicroDurak/lib/jwt/middleware.go:27.4,28.18 2 0
github.com/MommusWinner/MicroDurak/internal/services/players/delivery/grpc/handlers.go:24.128,26.2 1 0
github.com/MommusWinner/MicroDurak/internal/services/players/delivery/grpc/handlers.go:28.130,31.16 2 0
github.com/MommusWinner/MicroDurak/internal/services/players/delivery/grpc/handlers.go:31.16,33.3 1 0
github.com/MommusWinner/MicroDurak/internal/services/players/delivery/grpc/handlers.go:35.2,35.62 1 0
github.com/MommusWinner/MicroDurak/internal/services/players/delivery/grpc/handlers.go:38.113,40.16 2 0
github.com/MommusWinner/MicroDurak/internal/services/players/delivery/grpc/handlers.go:40.16,42.3 1 0
github.com/MommusWinner/MicroDurak/internal/services/players/delivery/grpc/handlers.go:44.2,45.16 2 0
github.com/MommusWinner/MicroDurak/internal/services/players/delivery/grpc/handlers.go:45.16,47.3 1 0
github.com/MommusWinner/MicroDurak/internal/services/players/delivery/grpc/handlers.go:49.2,49.24 1 0
github.com/MommusWinner/MicroDurak/internal/services/players/delivery/grpc/handlers.go:49.24,51.3 1 0
github.com/MommusWinner/MicroDurak/internal/services/players/delivery/grpc/handlers.go:53.2,58.8 1 0
github.com/MommusWinner/MicroDurak/internal/services/players/delivery/grpc/handlers.go:61.70,62.12 1 0
github.com/MommusWinner/MicroDurak/internal/services/players/delivery/grpc/handlers.go:63.31,64.32 1 0
github.com/MommusWinner/MicroDurak/internal/services/players/delivery/grpc/handlers.go:65.30,66.31 1 0
github.com/MommusWinner/MicroDurak/internal/services/players/delivery/grpc/handlers.go:67.38,68.39 1 0
github.com/MommusWinner/MicroDurak/internal/services/players/delivery/grpc/handlers.go:69.10,70.31 1 0
github.com/MommusWinner/MicroDurak/internal/services/players/delivery/grpc/handlers.go:74.148,78.49 3 0
github.com/MommusWinner/MicroDurak/internal/services/players/delivery/grpc/handlers.go:78.49,80.3 1 0
github.com/MommusWinner/MicroDurak/internal/services/players/delivery/grpc/handlers.go:82.2,84.40 3 0
github.com/MommusWinner/MicroDurak/internal/services/players/delivery/grpc/handlers.go:84.40,86.3 1 0
github.com/MommusWinner/MicroDurak/internal/services/players/delivery/grpc/handlers.go:88.2,89.49 2 0
github.com/MommusWinner/MicroDurak/internal/services/players/delivery/grpc/handlers.go:89.49,95.3 1 0
github.com/MommusWinner/MicroDurak/internal/services/players/delivery/grpc/handlers.go:97.2,102.22 2 0
github.com/MommusWinner/MicroDurak/internal/services/players/cmd/main.go:20.13,28.12 6 0
github.com/MommusWinner/MicroDurak/internal/services/players/cmd/main.go:28.12,32.3 3 0
github.com/MommusWinner/MicroDurak/internal/services/players/cmd/main.go:33.2,33.12 1 0
github.com/MommusWinner/MicroDurak/internal/services/players/cmd/main.go:33.12,37.3 3 0
github.com/MommusWinner/MicroDurak/internal/services/players/cmd/main.go:39.2,47.60 7 0
