mode: atomic
github.com/MommusWinner/MicroDurak/internal/services/game/core/checkers.go:8.54,9.29 1 16
github.com/MommusWinner/MicroDurak/internal/services/game/core/checkers.go:9.29,11.3 1 0
github.com/MommusWinner/MicroDurak/internal/services/game/core/checkers.go:13.2,13.48 1 16
github.com/MommusWinner/MicroDurak/internal/services/game/core/checkers.go:13.48,14.42 1 1
github.com/MommusWinner/MicroDurak/internal/services/game/core/checkers.go:14.42,16.4 1 0
github.com/MommusWinner/MicroDurak/internal/services/game/core/checkers.go:17.3,17.21 1 1
github.com/MommusWinner/MicroDurak/internal/services/game/core/checkers.go:18.8,19.30 1 15
github.com/MommusWinner/MicroDurak/internal/services/game/core/checkers.go:19.30,21.4 1 15
github.com/MommusWinner/MicroDurak/internal/services/game/core/checkers.go:22.3,22.29 1 0
github.com/MommusWinner/MicroDurak/internal/services/game/core/checkers.go:26.54,27.29 1 5
github.com/MommusWinner/MicroDurak/internal/services/game/core/checkers.go:27.29,29.3 1 0
github.com/MommusWinner/MicroDurak/internal/services/game/core/checkers.go:30.2,30.20 1 5
github.com/MommusWinner/MicroDurak/internal/services/game/core/checkers.go:33.63,35.16 2 16
github.com/MommusWinner/MicroDurak/internal/services/game/core/checkers.go:35.16,38.3 2 0
github.com/MommusWinner/MicroDurak/internal/services/game/core/checkers.go:39.2,39.20 1 16
github.com/MommusWinner/MicroDurak/internal/services/game/core/checkers.go:42.42,43.29 1 17
github.com/MommusWinner/MicroDurak/internal/services/game/core/checkers.go:43.29,45.3 1 0
github.com/MommusWinner/MicroDurak/internal/services/game/core/checkers.go:46.2,47.70 2 17
github.com/MommusWinner/MicroDurak/internal/services/game/core/checkers.go:47.70,49.3 1 1
github.com/MommusWinner/MicroDurak/internal/services/game/core/checkers.go:50.2,50.20 1 16
github.com/MommusWinner/MicroDurak/internal/services/game/core/checkers.go:53.42,54.29 1 5
github.com/MommusWinner/MicroDurak/internal/services/game/core/checkers.go:54.29,56.3 1 0
github.com/MommusWinner/MicroDurak/internal/services/game/core/checkers.go:57.2,58.70 2 5
github.com/MommusWinner/MicroDurak/internal/services/game/core/checkers.go:58.70,60.3 1 1
github.com/MommusWinner/MicroDurak/internal/services/game/core/checkers.go:61.2,61.20 1 4
github.com/MommusWinner/MicroDurak/internal/services/game/core/checkers.go:64.51,65.43 1 3
github.com/MommusWinner/MicroDurak/internal/services/game/core/checkers.go:65.43,67.3 1 1
github.com/MommusWinner/MicroDurak/internal/services/game/core/checkers.go:68.2,68.20 1 2
github.com/MommusWinner/MicroDurak/internal/services/game/core/checkers.go:71.60,74.22 2 4
github.com/MommusWinner/MicroDurak/internal/services/game/core/checkers.go:74.22,76.3 1 0
github.com/MommusWinner/MicroDurak/internal/services/game/core/checkers.go:78.2,78.20 1 4
github.com/MommusWinner/MicroDurak/internal/services/game/core/checkers.go:81.82,83.24 2 4
github.com/MommusWinner/MicroDurak/internal/services/game/core/checkers.go:83.24,85.3 1 0
github.com/MommusWinner/MicroDurak/internal/services/game/core/checkers.go:87.2,87.20 1 4
github.com/MommusWinner/MicroDurak/internal/services/game/core/checkers.go:90.42,91.18 1 23
github.com/MommusWinner/MicroDurak/internal/services/game/core/checkers.go:91.18,93.3 1 0
github.com/MommusWinner/MicroDurak/internal/services/game/core/checkers.go:95.2,95.20 1 23
github.com/MommusWinner/MicroDurak/internal/services/game/core/checkers.go:98.43,99.28 1 4
github.com/MommusWinner/MicroDurak/internal/services/game/core/checkers.go:99.28,101.3 1 0
github.com/MommusWinner/MicroDurak/internal/services/game/core/checkers.go:103.2,103.20 1 4
github.com/MommusWinner/MicroDurak/internal/services/game/core/checkers.go:106.46,107.35 1 4
github.com/MommusWinner/MicroDurak/internal/services/game/core/checkers.go:107.35,109.3 1 0
github.com/MommusWinner/MicroDurak/internal/services/game/core/checkers.go:111.2,111.20 1 4
github.com/MommusWinner/MicroDurak/internal/services/game/core/checkers.go:114.53,115.28 1 12
github.com/MommusWinner/MicroDurak/internal/services/game/core/checkers.go:115.28,117.3 1 0
github.com/MommusWinner/MicroDurak/internal/services/game/core/checkers.go:119.2,119.20 1 12
github.com/MommusWinner/MicroDurak/internal/services/game/core/checkers.go:122.47,124.30 2 12
github.com/MommusWinner/MicroDurak/internal/services/game/core/checkers.go:124.30,126.3 1 0
github.com/MommusWinner/MicroDurak/internal/services/game/core/checkers.go:128.2,128.20 1 12
github.com/MommusWinner/MicroDurak/internal/services/game/core/checkers.go:131.47,132.39 1 23
github.com/MommusWinner/MicroDurak/internal/services/game/core/checkers.go:132.39,133.31 1 117
github.com/MommusWinner/MicroDurak/internal/services/game/core/checkers.go:133.31,135.4 1 3
github.com/MommusWinner/MicroDurak/internal/services/game/core/checkers.go:138.2,138.20 1 20
github.com/MommusWinner/MicroDurak/internal/services/game/core/command_handlers.go:8.78,19.30 3 4
github.com/MommusWinner/MicroDurak/internal/services/game/core/command_handlers.go:19.30,25.3 1 0
github.com/MommusWinner/MicroDurak/internal/services/game/core/command_handlers.go:27.2,32.46 4 4
github.com/MommusWinner/MicroDurak/internal/services/game/core/command_handlers.go:32.46,35.83 2 3
github.com/MommusWinner/MicroDurak/internal/services/game/core/command_handlers.go:35.83,37.4 1 0
github.com/MommusWinner/MicroDurak/internal/services/game/core/command_handlers.go:37.9,37.60 1 3
github.com/MommusWinner/MicroDurak/internal/services/game/core/command_handlers.go:37.60,39.4 1 0
github.com/MommusWinner/MicroDurak/internal/services/game/core/command_handlers.go:39.9,39.60 1 3
github.com/MommusWinner/MicroDurak/internal/services/game/core/command_handlers.go:39.60,41.4 1 1
github.com/MommusWinner/MicroDurak/internal/services/game/core/command_handlers.go:44.2,48.3 1 4
github.com/MommusWinner/MicroDurak/internal/services/game/core/command_handlers.go:51.87,61.28 2 12
github.com/MommusWinner/MicroDurak/internal/services/game/core/command_handlers.go:61.28,65.3 1 3
github.com/MommusWinner/MicroDurak/internal/services/game/core/command_handlers.go:67.2,68.41 2 12
github.com/MommusWinner/MicroDurak/internal/services/game/core/command_handlers.go:68.41,70.3 1 1
github.com/MommusWinner/MicroDurak/internal/services/game/core/command_handlers.go:72.2,72.30 1 12
github.com/MommusWinner/MicroDurak/internal/services/game/core/command_handlers.go:72.30,78.3 1 2
github.com/MommusWinner/MicroDurak/internal/services/game/core/command_handlers.go:80.2,86.16 6 10
github.com/MommusWinner/MicroDurak/internal/services/game/core/command_handlers.go:86.16,92.3 1 0
github.com/MommusWinner/MicroDurak/internal/services/game/core/command_handlers.go:93.2,103.3 4 10
github.com/MommusWinner/MicroDurak/internal/services/game/core/command_handlers.go:106.87,123.41 2 4
github.com/MommusWinner/MicroDurak/internal/services/game/core/command_handlers.go:123.41,125.3 1 1
github.com/MommusWinner/MicroDurak/internal/services/game/core/command_handlers.go:127.2,127.30 1 4
github.com/MommusWinner/MicroDurak/internal/services/game/core/command_handlers.go:127.30,133.3 1 1
github.com/MommusWinner/MicroDurak/internal/services/game/core/command_handlers.go:135.2,151.59 4 3
github.com/MommusWinner/MicroDurak/internal/services/game/core/command_handlers.go:151.59,153.3 1 3
github.com/MommusWinner/MicroDurak/internal/services/game/core/command_handlers.go:155.2,159.3 1 3
github.com/MommusWinner/MicroDurak/internal/services/game/core/command_handlers.go:162.80,170.30 2 1
github.com/MommusWinner/MicroDurak/internal/services/game/core/command_handlers.go:170.30,176.3 1 0
github.com/MommusWinner/MicroDurak/internal/services/game/core/command_handlers.go:178.2,186.22 6 1
github.com/MommusWinner/MicroDurak/internal/services/game/core/command_handlers.go:186.22,192.3 4 1
github.com/MommusWinner/MicroDurak/internal/services/game/core/command_handlers.go:194.2,198.3 1 1
github.com/MommusWinner/MicroDurak/internal/services/game/core/command_handlers.go:201.74,202.37 1 22
github.com/MommusWinner/MicroDurak/internal/services/game/core/command_handlers.go:202.37,208.3 1 0
github.com/MommusWinner/MicroDurak/internal/services/game/core/command_handlers.go:210.2,212.39 2 22
github.com/MommusWinner/MicroDurak/internal/services/game/core/command_handlers.go:212.39,217.3 4 10
github.com/MommusWinner/MicroDurak/internal/services/game/core/command_handlers.go:217.8,219.3 1 12
github.com/MommusWinner/MicroDurak/internal/services/game/core/command_handlers.go:221.2,225.3 1 22
github.com/MommusWinner/MicroDurak/internal/services/game/core/command_handlers.go:228.85,235.30 2 1
github.com/MommusWinner/MicroDurak/internal/services/game/core/command_handlers.go:235.30,241.3 1 0
github.com/MommusWinner/MicroDurak/internal/services/game/core/command_handlers.go:243.2,243.52 1 1
github.com/MommusWinner/MicroDurak/internal/services/game/core/command_handlers.go:243.52,245.3 1 0
github.com/MommusWinner/MicroDurak/internal/services/game/core/command_handlers.go:247.2,247.28 1 1
github.com/MommusWinner/MicroDurak/internal/services/game/core/command_handlers.go:247.28,252.3 2 1
github.com/MommusWinner/MicroDurak/internal/services/game/core/command_handlers.go:252.8,254.3 1 0
github.com/MommusWinner/MicroDurak/internal/services/game/core/command_handlers.go:256.2,260.3 1 1
github.com/MommusWinner/MicroDurak/internal/services/game/core/command_handlers.go:263.85,270.30 2 1
github.com/MommusWinner/MicroDurak/internal/services/game/core/command_handlers.go:270.30,276.3 1 0
github.com/MommusWinner/MicroDurak/internal/services/game/core/command_handlers.go:278.2,278.52 1 1
github.com/MommusWinner/MicroDurak/internal/services/game/core/command_handlers.go:278.52,280.3 1 0
github.com/MommusWinner/MicroDurak/internal/services/game/core/command_handlers.go:282.2,282.28 1 1
github.com/MommusWinner/MicroDurak/internal/services/game/core/command_handlers.go:282.28,287.3 2 1
github.com/MommusWinner/MicroDurak/internal/services/game/core/command_handlers.go:287.8,289.3 1 0
github.com/MommusWinner/MicroDurak/internal/services/game/core/command_handlers.go:291.2,295.3 1 1
github.com/MommusWinner/MicroDurak/internal/services/game/core/core.go:85.88,88.16 2 0
github.com/MommusWinner/MicroDurak/internal/services/game/core/core.go:88.16,90.3 1 0
github.com/MommusWinner/MicroDurak/internal/services/game/core/core.go:92.2,98.25 5 0
github.com/MommusWinner/MicroDurak/internal/services/game/core/core.go:98.25,100.3 1 0
github.com/MommusWinner/MicroDurak/internal/services/game/core/core.go:100.8,102.3 1 0
github.com/MommusWinner/MicroDurak/internal/services/game/core/core.go:104.2,104.18 1 0
github.com/MommusWinner/MicroDurak/internal/services/game/core/core.go:107.48,114.25 5 0
github.com/MommusWinner/MicroDurak/internal/services/game/core/core.go:114.25,116.3 1 0
github.com/MommusWinner/MicroDurak/internal/services/game/core/core.go:116.8,118.3 1 0
github.com/MommusWinner/MicroDurak/internal/services/game/core/core.go:121.53,128.23 6 10
github.com/MommusWinner/MicroDurak/internal/services/game/core/core.go:128.23,139.3 3 22
github.com/MommusWinner/MicroDurak/internal/services/game/core/core.go:141.2,154.16 5 10
github.com/MommusWinner/MicroDurak/internal/services/game/core/core.go:154.17,156.3 0 0
github.com/MommusWinner/MicroDurak/internal/services/game/core/core.go:157.2,159.19 2 10
github.com/MommusWinner/MicroDurak/internal/services/game/core/core.go:162.66,165.16 3 0
github.com/MommusWinner/MicroDurak/internal/services/game/core/core.go:165.16,167.3 1 0
github.com/MommusWinner/MicroDurak/internal/services/game/core/core.go:169.2,174.16 4 0
github.com/MommusWinner/MicroDurak/internal/services/game/core/core.go:174.16,176.3 1 0
github.com/MommusWinner/MicroDurak/internal/services/game/core/core.go:178.2,180.19 2 0
github.com/MommusWinner/MicroDurak/internal/services/game/core/core.go:183.69,186.16 3 0
github.com/MommusWinner/MicroDurak/internal/services/game/core/core.go:186.16,188.3 1 0
github.com/MommusWinner/MicroDurak/internal/services/game/core/core.go:190.2,191.16 2 0
github.com/MommusWinner/MicroDurak/internal/services/game/core/core.go:191.16,193.3 1 0
github.com/MommusWinner/MicroDurak/internal/services/game/core/core.go:195.2,197.24 2 0
github.com/MommusWinner/MicroDurak/internal/services/game/core/core.go:198.20,199.43 1 0
github.com/MommusWinner/MicroDurak/internal/services/game/core/core.go:200.21,203.50 3 0
github.com/MommusWinner/MicroDurak/internal/services/game/core/core.go:204.21,207.50 3 0
github.com/MommusWinner/MicroDurak/internal/services/game/core/core.go:208.25,209.47 1 0
github.com/MommusWinner/MicroDurak/internal/services/game/core/core.go:210.29,211.49 1 0
github.com/MommusWinner/MicroDurak/internal/services/game/core/core.go:212.33,213.54 1 0
github.com/MommusWinner/MicroDurak/internal/services/game/core/core.go:214.33,215.54 1 0
github.com/MommusWinner/MicroDurak/internal/services/game/core/core.go:216.10,221.4 1 0
github.com/MommusWinner/MicroDurak/internal/services/game/core/core.go:224.2,224.44 1 0
github.com/MommusWinner/MicroDurak/internal/services/game/core/core.go:227.35,230.2 2 13
github.com/MommusWinner/MicroDurak/internal/services/game/core/core.go:232.35,235.2 2 10
github.com/MommusWinner/MicroDurak/internal/services/game/core/core.go:237.34,239.2 1 5
github.com/MommusWinner/MicroDurak/internal/services/game/core/core.go:241.34,243.2 1 5
github.com/MommusWinner/MicroDurak/internal/services/game/core/core.go:245.72,247.16 2 13
github.com/MommusWinner/MicroDurak/internal/services/game/core/core.go:247.16,249.3 1 0
github.com/MommusWinner/MicroDurak/internal/services/game/core/core.go:251.2,251.28 1 13
github.com/MommusWinner/MicroDurak/internal/services/game/core/core.go:251.28,252.63 1 13
github.com/MommusWinner/MicroDurak/internal/services/game/core/core.go:252.63,255.4 2 13
github.com/MommusWinner/MicroDurak/internal/services/game/core/core.go:258.2,258.37 1 0
github.com/MommusWinner/MicroDurak/internal/services/game/core/core.go:261.70,262.30 1 3
github.com/MommusWinner/MicroDurak/internal/services/game/core/core.go:262.30,263.89 1 3
github.com/MommusWinner/MicroDurak/internal/services/game/core/core.go:263.89,264.78 1 3
github.com/MommusWinner/MicroDurak/internal/services/game/core/core.go:264.78,267.5 2 3
github.com/MommusWinner/MicroDurak/internal/services/game/core/core.go:267.10,269.5 1 0
github.com/MommusWinner/MicroDurak/internal/services/game/core/core.go:273.2,273.14 1 0
github.com/MommusWinner/MicroDurak/internal/services/game/core/core.go:276.85,281.53 3 0
github.com/MommusWinner/MicroDurak/internal/services/game/core/core.go:281.53,282.24 1 0
github.com/MommusWinner/MicroDurak/internal/services/game/core/core.go:282.24,285.4 2 0
github.com/MommusWinner/MicroDurak/internal/services/game/core/core.go:286.3,287.41 2 0
github.com/MommusWinner/MicroDurak/internal/services/game/core/core.go:287.41,288.14 1 0
github.com/MommusWinner/MicroDurak/internal/services/game/core/core.go:290.3,290.41 1 0
github.com/MommusWinner/MicroDurak/internal/services/game/core/core.go:293.2,293.23 1 0
github.com/MommusWinner/MicroDurak/internal/services/game/core/core.go:296.81,298.31 2 0
github.com/MommusWinner/MicroDurak/internal/services/game/core/core.go:298.31,302.32 3 0
github.com/MommusWinner/MicroDurak/internal/services/game/core/core.go:302.32,309.4 5 0
github.com/MommusWinner/MicroDurak/internal/services/game/core/core.go:310.3,313.4 1 0
github.com/MommusWinner/MicroDurak/internal/services/game/core/core.go:316.2,318.15 2 0
github.com/MommusWinner/MicroDurak/internal/services/game/core/core.go:321.28,325.35 3 10
github.com/MommusWinner/MicroDurak/internal/services/game/core/core.go:325.35,326.37 1 40
github.com/MommusWinner/MicroDurak/internal/services/game/core/core.go:326.37,332.4 2 360
github.com/MommusWinner/MicroDurak/internal/services/game/core/core.go:335.2,335.13 1 10
github.com/MommusWinner/MicroDurak/internal/services/game/core/core.go:338.32,339.42 1 10
github.com/MommusWinner/MicroDurak/internal/services/game/core/core.go:339.42,341.3 1 350
github.com/MommusWinner/MicroDurak/internal/services/game/core/core.go:344.55,346.16 2 16
github.com/MommusWinner/MicroDurak/internal/services/game/core/core.go:346.16,348.3 1 0
github.com/MommusWinner/MicroDurak/internal/services/game/core/core.go:350.2,351.31 2 16
github.com/MommusWinner/MicroDurak/internal/services/game/core/core.go:351.31,353.3 1 7
github.com/MommusWinner/MicroDurak/internal/services/game/core/core.go:355.2,355.32 1 16
github.com/MommusWinner/MicroDurak/internal/services/game/core/core.go:358.58,359.28 1 79
github.com/MommusWinner/MicroDurak/internal/services/game/core/core.go:359.28,360.21 1 138
github.com/MommusWinner/MicroDurak/internal/services/game/core/core.go:360.21,362.4 1 79
github.com/MommusWinner/MicroDurak/internal/services/game/core/core.go:365.2,365.37 1 0
github.com/MommusWinner/MicroDurak/internal/services/game/core/core.go:368.57,369.28 1 2
github.com/MommusWinner/MicroDurak/internal/services/game/core/core.go:369.28,370.23 1 4
github.com/MommusWinner/MicroDurak/internal/services/game/core/core.go:370.23,372.4 1 2
github.com/MommusWinner/MicroDurak/internal/services/game/core/core.go:375.2,375.37 1 0
github.com/MommusWinner/MicroDurak/internal/services/game/core/core.go:378.44,380.23 2 2
github.com/MommusWinner/MicroDurak/internal/services/game/core/core.go:380.23,382.3 1 0
github.com/MommusWinner/MicroDurak/internal/services/game/core/core.go:384.2,384.28 1 2
github.com/MommusWinner/MicroDurak/internal/services/game/core/core.go:384.28,385.53 1 6
github.com/MommusWinner/MicroDurak/internal/services/game/core/core.go:385.53,387.4 1 2
github.com/MommusWinner/MicroDurak/internal/services/game/core/core.go:390.2,390.14 1 2
github.com/MommusWinner/MicroDurak/internal/services/game/core/core.go:393.75,394.23 1 16
github.com/MommusWinner/MicroDurak/internal/services/game/core/core.go:394.23,395.53 1 16
github.com/MommusWinner/MicroDurak/internal/services/game/core/core.go:395.53,397.4 1 16
github.com/MommusWinner/MicroDurak/internal/services/game/core/core.go:400.2,400.40 1 0
github.com/MommusWinner/MicroDurak/internal/services/game/core/core.go:403.62,404.28 1 3
github.com/MommusWinner/MicroDurak/internal/services/game/core/core.go:404.28,405.33 1 3
github.com/MommusWinner/MicroDurak/internal/services/game/core/core.go:405.33,407.4 1 2
github.com/MommusWinner/MicroDurak/internal/services/game/core/core.go:409.3,410.25 2 1
github.com/MommusWinner/MicroDurak/internal/services/game/core/core.go:410.25,411.32 1 0
github.com/MommusWinner/MicroDurak/internal/services/game/core/core.go:411.32,413.5 1 0
github.com/MommusWinner/MicroDurak/internal/services/game/core/core.go:417.2,417.14 1 1
github.com/MommusWinner/MicroDurak/internal/services/game/core/core.go:420.68,421.28 1 4
github.com/MommusWinner/MicroDurak/internal/services/game/core/core.go:421.28,422.63 1 4
github.com/MommusWinner/MicroDurak/internal/services/game/core/core.go:422.63,424.4 1 4
github.com/MommusWinner/MicroDurak/internal/services/game/core/core.go:426.3,427.25 2 0
github.com/MommusWinner/MicroDurak/internal/services/game/core/core.go:427.25,428.60 1 0
github.com/MommusWinner/MicroDurak/internal/services/game/core/core.go:428.60,430.5 1 0
github.com/MommusWinner/MicroDurak/internal/services/game/core/core.go:434.2,434.14 1 0
github.com/MommusWinner/MicroDurak/internal/services/game/core/core.go:437.78,438.38 1 7
github.com/MommusWinner/MicroDurak/internal/services/game/core/core.go:438.38,440.3 1 6
github.com/MommusWinner/MicroDurak/internal/services/game/core/core.go:440.8,440.45 1 1
github.com/MommusWinner/MicroDurak/internal/services/game/core/core.go:440.45,442.3 1 0
github.com/MommusWinner/MicroDurak/internal/services/game/core/core.go:442.8,444.3 1 1
github.com/MommusWinner/MicroDurak/internal/services/game/core/core.go:447.45,448.23 1 7
github.com/MommusWinner/MicroDurak/internal/services/game/core/core.go:448.23,449.30 1 7
github.com/MommusWinner/MicroDurak/internal/services/game/core/core.go:449.30,451.4 1 0
github.com/MommusWinner/MicroDurak/internal/services/game/core/core.go:453.2,453.13 1 7
github.com/MommusWinner/MicroDurak/internal/services/game/core/core.go:456.55,459.28 2 1
github.com/MommusWinner/MicroDurak/internal/services/game/core/core.go:459.28,461.35 2 3
github.com/MommusWinner/MicroDurak/internal/services/game/core/core.go:461.35,463.4 1 1
github.com/MommusWinner/MicroDurak/internal/services/game/core/core.go:466.2,466.14 1 1
github.com/MommusWinner/MicroDurak/internal/services/game/core/core.go:469.56,470.26 1 39
github.com/MommusWinner/MicroDurak/internal/services/game/core/core.go:470.26,471.19 1 16
github.com/MommusWinner/MicroDurak/internal/services/game/core/core.go:471.19,473.4 1 1
github.com/MommusWinner/MicroDurak/internal/services/game/core/core.go:475.2,475.14 1 38
github.com/MommusWinner/MicroDurak/internal/services/game/core/core.go:478.36,480.29 2 0
github.com/MommusWinner/MicroDurak/internal/services/game/core/core.go:480.29,482.3 1 0
github.com/MommusWinner/MicroDurak/internal/services/game/core/core.go:483.2,483.15 1 0
github.com/MommusWinner/MicroDurak/internal/services/game/core/core.go:486.59,488.2 1 55
github.com/MommusWinner/MicroDurak/internal/services/game/core/core.go:490.44,499.34 7 5
github.com/MommusWinner/MicroDurak/internal/services/game/core/core.go:499.34,501.3 1 2
github.com/MommusWinner/MicroDurak/internal/services/game/core/core.go:502.2,504.17 2 5
github.com/MommusWinner/MicroDurak/internal/services/game/core/core.go:504.17,509.3 3 4
github.com/MommusWinner/MicroDurak/internal/services/game/core/core.go:511.2,515.30 5 5
github.com/MommusWinner/MicroDurak/internal/services/game/core/core.go:518.43,519.26 1 12
github.com/MommusWinner/MicroDurak/internal/services/game/core/core.go:519.26,521.3 1 5
github.com/MommusWinner/MicroDurak/internal/services/game/core/core.go:523.2,526.26 3 7
github.com/MommusWinner/MicroDurak/internal/services/game/core/core.go:526.26,528.17 2 9
github.com/MommusWinner/MicroDurak/internal/services/game/core/core.go:528.17,529.9 1 2
github.com/MommusWinner/MicroDurak/internal/services/game/core/core.go:532.3,533.50 2 7
github.com/MommusWinner/MicroDurak/internal/services/game/core/core.go:537.49,538.22 1 9
github.com/MommusWinner/MicroDurak/internal/services/game/core/core.go:538.22,540.3 1 2
github.com/MommusWinner/MicroDurak/internal/services/game/core/core.go:542.2,545.18 3 7
github.com/MommusWinner/MicroDurak/internal/services/game/core/core.go:548.59,550.29 2 5
github.com/MommusWinner/MicroDurak/internal/services/game/core/core.go:550.29,552.40 2 12
github.com/MommusWinner/MicroDurak/internal/services/game/core/core.go:552.40,553.31 1 19
github.com/MommusWinner/MicroDurak/internal/services/game/core/core.go:553.31,555.10 2 10
github.com/MommusWinner/MicroDurak/internal/services/game/core/core.go:558.3,558.20 1 12
github.com/MommusWinner/MicroDurak/internal/services/game/core/core.go:558.20,560.4 1 2
github.com/MommusWinner/MicroDurak/internal/services/game/core/core.go:562.2,562.15 1 5
github.com/MommusWinner/MicroDurak/internal/services/game/core/events.go:86.46,93.2 1 22
github.com/MommusWinner/MicroDurak/internal/services/game/core/events.go:95.68,101.2 1 10
github.com/MommusWinner/MicroDurak/internal/services/game/core/events.go:103.63,111.2 1 10
github.com/MommusWinner/MicroDurak/internal/services/game/core/events.go:118.15,127.2 1 3
github.com/MommusWinner/MicroDurak/internal/services/game/core/events.go:129.60,136.2 1 1
github.com/MommusWinner/MicroDurak/internal/services/game/core/events.go:138.41,144.2 1 6
github.com/MommusWinner/MicroDurak/internal/services/game/core/events.go:149.25,157.2 1 1
github.com/MommusWinner/MicroDurak/internal/services/game/core/events.go:162.25,170.2 1 1
github.com/MommusWinner/MicroDurak/internal/services/game/core/events.go:174.16,181.2 1 1
github.com/MommusWinner/MicroDurak/internal/services/game/core/events.go:183.51,184.27 1 45
github.com/MommusWinner/MicroDurak/internal/services/game/core/events.go:185.18,186.21 1 20
github.com/MommusWinner/MicroDurak/internal/services/game/core/events.go:187.22,188.21 1 9
github.com/MommusWinner/MicroDurak/internal/services/game/core/events.go:189.19,190.21 1 7
github.com/MommusWinner/MicroDurak/internal/services/game/core/events.go:191.19,192.21 1 2
github.com/MommusWinner/MicroDurak/internal/services/game/core/events.go:193.22,194.21 1 5
github.com/MommusWinner/MicroDurak/internal/services/game/core/events.go:195.25,196.21 1 1
github.com/MommusWinner/MicroDurak/internal/services/game/core/events.go:197.20,198.21 1 1
github.com/MommusWinner/MicroDurak/internal/services/game/core/events.go:199.29,200.21 1 0
github.com/MommusWinner/MicroDurak/internal/services/game/core/events.go:201.29,202.21 1 0
github.com/MommusWinner/MicroDurak/internal/services/game/core/events.go:205.2,205.19 1 0
github.com/MommusWinner/MicroDurak/internal/services/game/core/messages.go:40.78,50.2 1 58
github.com/MommusWinner/MicroDurak/internal/services/game/core/messages.go:52.57,54.34 2 58
github.com/MommusWinner/MicroDurak/internal/services/game/core/messages.go:54.34,56.3 1 133
github.com/MommusWinner/MicroDurak/internal/services/game/core/messages.go:58.2,58.22 1 58
github.com/MommusWinner/MicroDurak/internal/services/game/core/messages.go:61.49,68.2 1 133
github.com/MommusWinner/MicroDurak/internal/database/auth.sql.go:26.92,31.2 4 0
github.com/MommusWinner/MicroDurak/internal/database/auth.sql.go:39.89,49.2 4 0
github.com/MommusWinner/MicroDurak/internal/database/db.go:20.28,22.2 1 0
github.com/MommusWinner/MicroDurak/internal/database/db.go:28.46,32.2 1 0
github.com/MommusWinner/MicroDurak/internal/database/match.sql.go:27.114,42.2 4 0
github.com/MommusWinner/MicroDurak/internal/database/match.sql.go:55.108,60.2 4 0
github.com/MommusWinner/MicroDurak/internal/database/match.sql.go:68.82,70.16 2 0
github.com/MommusWinner/MicroDurak/internal/database/match.sql.go:70.16,72.3 1 0
github.com/MommusWinner/MicroDurak/internal/database/match.sql.go:73.2,75.18 3 0
github.com/MommusWinner/MicroDurak/internal/database/match.sql.go:75.18,77.73 2 0
github.com/MommusWinner/MicroDurak/internal/database/match.sql.go:77.73,79.4 1 0
github.com/MommusWinner/MicroDurak/internal/database/match.sql.go:80.3,80.27 1 0
github.com/MommusWinner/MicroDurak/internal/database/match.sql.go:82.2,82.35 1 0
github.com/MommusWinner/MicroDurak/internal/database/match.sql.go:82.35,84.3 1 0
github.com/MommusWinner/MicroDurak/internal/database/match.sql.go:85.2,85.19 1 0
github.com/MommusWinner/MicroDurak/internal/database/match.sql.go:94.94,99.2 4 0
github.com/MommusWinner/MicroDurak/internal/database/match.sql.go:117.137,119.16 2 0
github.com/MommusWinner/MicroDurak/internal/database/match.sql.go:119.16,121.3 1 0
github.com/MommusWinner/MicroDurak/internal/database/match.sql.go:122.2,124.18 3 0
github.com/MommusWinner/MicroDurak/internal/database/match.sql.go:124.18,132.17 2 0
github.com/MommusWinner/MicroDurak/internal/database/match.sql.go:132.17,134.4 1 0
github.com/MommusWinner/MicroDurak/internal/database/match.sql.go:135.3,135.27 1 0
github.com/MommusWinner/MicroDurak/internal/database/match.sql.go:137.2,137.35 1 0
github.com/MommusWinner/MicroDurak/internal/database/match.sql.go:137.35,139.3 1 0
github.com/MommusWinner/MicroDurak/internal/database/match.sql.go:140.2,140.19 1 0
github.com/MommusWinner/MicroDurak/internal/database/models.go:22.50,23.25 1 0
github.com/MommusWinner/MicroDurak/internal/database/models.go:24.14,25.21 1 0
github.com/MommusWinner/MicroDurak/internal/database/models.go:26.14,27.21 1 0
github.com/MommusWinner/MicroDurak/internal/database/models.go:28.10,29.69 1 0
github.com/MommusWinner/MicroDurak/internal/database/models.go:31.2,31.12 1 0
github.com/MommusWinner/MicroDurak/internal/database/models.go:40.57,41.18 1 0
github.com/MommusWinner/MicroDurak/internal/database/models.go:41.18,44.3 2 0
github.com/MommusWinner/MicroDurak/internal/database/models.go:45.2,46.34 2 0
github.com/MommusWinner/MicroDurak/internal/database/models.go:50.56,51.15 1 0
github.com/MommusWinner/MicroDurak/internal/database/models.go:51.15,53.3 1 0
github.com/MommusWinner/MicroDurak/internal/database/models.go:54.2,54.35 1 0
github.com/MommusWinner/MicroDurak/internal/database/player.sql.go:25.96,30.2 4 0
github.com/MommusWinner/MicroDurak/internal/database/player.sql.go:36.72,38.16 2 0
github.com/MommusWinner/MicroDurak/internal/database/player.sql.go:38.16,40.3 1 0
github.com/MommusWinner/MicroDurak/internal/database/player.sql.go:41.2,43.18 3 0
github.com/MommusWinner/MicroDurak/internal/database/player.sql.go:43.18,50.17 2 0
github.com/MommusWinner/MicroDurak/internal/database/player.sql.go:50.17,52.4 1 0
github.com/MommusWinner/MicroDurak/internal/database/player.sql.go:53.3,53.27 1 0
github.com/MommusWinner/MicroDurak/internal/database/player.sql.go:55.2,55.35 1 0
github.com/MommusWinner/MicroDurak/internal/database/player.sql.go:55.35,57.3 1 0
github.com/MommusWinner/MicroDurak/internal/database/player.sql.go:58.2,58.19 1 0
github.com/MommusWinner/MicroDurak/internal/database/player.sql.go:65.84,75.2 4 0
github.com/MommusWinner/MicroDurak/internal/database/player.sql.go:89.104,94.2 4 0
github.com/MommusWinner/MicroDurak/internal/contracts/game/v1/games.pb.go:31.37,36.2 4 0
github.com/MommusWinner/MicroDurak/internal/contracts/game/v1/games.pb.go:38.45,40.2 1 0
github.com/MommusWinner/MicroDurak/internal/contracts/game/v1/games.pb.go:42.43,42.44 0 0
github.com/MommusWinner/MicroDurak/internal/contracts/game/v1/games.pb.go:44.65,46.14 2 0
github.com/MommusWinner/MicroDurak/internal/contracts/game/v1/games.pb.go:46.14,48.34 2 0
github.com/MommusWinner/MicroDurak/internal/contracts/game/v1/games.pb.go:48.34,50.4 1 0
github.com/MommusWinner/MicroDurak/internal/contracts/game/v1/games.pb.go:51.3,51.12 1 0
github.com/MommusWinner/MicroDurak/internal/contracts/game/v1/games.pb.go:53.2,53.24 1 0
github.com/MommusWinner/MicroDurak/internal/contracts/game/v1/games.pb.go:57.56,59.2 1 0
github.com/MommusWinner/MicroDurak/internal/contracts/game/v1/games.pb.go:61.51,62.14 1 0
github.com/MommusWinner/MicroDurak/internal/contracts/game/v1/games.pb.go:62.14,64.3 1 0
github.com/MommusWinner/MicroDurak/internal/contracts/game/v1/games.pb.go:65.2,65.12 1 0
github.com/MommusWinner/MicroDurak/internal/contracts/game/v1/games.pb.go:75.38,80.2 4 0
github.com/MommusWinner/MicroDurak/internal/contracts/game/v1/games.pb.go:82.46,84.2 1 0
github.com/MommusWinner/MicroDurak/internal/contracts/game/v1/games.pb.go:86.44,86.45 0 0
github.com/MommusWinner/MicroDurak/internal/contracts/game/v1/games.pb.go:88.66,90.14 2 0
github.com/MommusWinner/MicroDurak/internal/contracts/game/v1/games.pb.go:90.14,92.34 2 0
github.com/MommusWinner/MicroDurak/internal/contracts/game/v1/games.pb.go:92.34,94.4 1 0
github.com/MommusWinner/MicroDurak/internal/contracts/game/v1/games.pb.go:95.3,95.12 1 0
github.com/MommusWinner/MicroDurak/internal/contracts/game/v1/games.pb.go:97.2,97.24 1 0
github.com/MommusWinner/MicroDurak/internal/contracts/game/v1/games.pb.go:101.57,103.2 1 0
github.com/MommusWinner/MicroDurak/internal/contracts/game/v1/games.pb.go:105.49,106.14 1 0
github.com/MommusWinner/MicroDurak/internal/contracts/game/v1/games.pb.go:106.14,108.3 1 0
github.com/MommusWinner/MicroDurak/internal/contracts/game/v1/games.pb.go:109.2,109.11 1 0
github.com/MommusWinner/MicroDurak/internal/contracts/game/v1/games.pb.go:130.52,131.49 1 0
github.com/MommusWinner/MicroDurak/internal/contracts/game/v1/games.pb.go:131.49,133.3 1 0
github.com/MommusWinner/MicroDurak/internal/contracts/game/v1/games.pb.go:134.2,134.45 1 0
github.com/MommusWinner/MicroDurak/internal/contracts/game/v1/games.pb.go:152.13,152.48 1 0
github.com/MommusWinner/MicroDurak/internal/contracts/game/v1/games.pb.go:153.38,154.37 1 0
github.com/MommusWinner/MicroDurak/internal/contracts/game/v1/games.pb.go:154.37,156.3 1 0
github.com/MommusWinner/MicroDurak/internal/contracts/game/v1/games.pb.go:157.2,173.40 5 0
github.com/MommusWinner/MicroDurak/internal/contracts/game/v1/games_grpc.pb.go:36.60,38.2 1 0
github.com/MommusWinner/MicroDurak/internal/contracts/game/v1/games_grpc.pb.go:40.131,44.16 4 0
github.com/MommusWinner/MicroDurak/internal/contracts/game/v1/games_grpc.pb.go:44.16,46.3 1 0
github.com/MommusWinner/MicroDurak/internal/contracts/game/v1/games_grpc.pb.go:47.2,47.17 1 0
github.com/MommusWinner/MicroDurak/internal/contracts/game/v1/games_grpc.pb.go:65.109,67.2 1 0
github.com/MommusWinner/MicroDurak/internal/contracts/game/v1/games_grpc.pb.go:68.68,68.69 0 0
github.com/MommusWinner/MicroDurak/internal/contracts/game/v1/games_grpc.pb.go:69.68,69.69 0 0
github.com/MommusWinner/MicroDurak/internal/contracts/game/v1/games_grpc.pb.go:78.66,83.59 1 0
github.com/MommusWinner/MicroDurak/internal/contracts/game/v1/games_grpc.pb.go:83.59,85.3 1 0
github.com/MommusWinner/MicroDurak/internal/contracts/game/v1/games_grpc.pb.go:86.2,86.43 1 0
github.com/MommusWinner/MicroDurak/internal/contracts/game/v1/games_grpc.pb.go:89.160,91.32 2 0
github.com/MommusWinner/MicroDurak/internal/contracts/game/v1/games_grpc.pb.go:91.32,93.3 1 0
github.com/MommusWinner/MicroDurak/internal/contracts/game/v1/games_grpc.pb.go:94.2,94.24 1 0
github.com/MommusWinner/MicroDurak/internal/contracts/game/v1/games_grpc.pb.go:94.24,96.3 1 0
github.com/MommusWinner/MicroDurak/internal/contracts/game/v1/games_grpc.pb.go:97.2,101.77 2 0
github.com/MommusWinner/MicroDurak/internal/contracts/game/v1/games_grpc.pb.go:101.77,103.3 1 0
github.com/MommusWinner/MicroDurak/internal/contracts/game/v1/games_grpc.pb.go:104.2,104.44 1 0
github.com/MommusWinner/MicroDurak/internal/contracts/players/v1/players.pb.go:46.40,50.2 3 0
github.com/MommusWinner/MicroDurak/internal/contracts/players/v1/players.pb.go:52.37,54.2 1 0
github.com/MommusWinner/MicroDurak/internal/contracts/players/v1/players.pb.go:56.60,58.2 1 0
github.com/MommusWinner/MicroDurak/internal/contracts/players/v1/players.pb.go:60.48,62.2 1 0
github.com/MommusWinner/MicroDurak/internal/contracts/players/v1/players.pb.go:64.54,66.2 1 0
github.com/MommusWinner/MicroDurak/internal/contracts/players/v1/players.pb.go:69.52,71.2 1 0
github.com/MommusWinner/MicroDurak/internal/contracts/players/v1/players.pb.go:83.26,88.2 4 0
github.com/MommusWinner/MicroDurak/internal/contracts/players/v1/players.pb.go:90.34,92.2 1 0
github.com/MommusWinner/MicroDurak/internal/contracts/players/v1/players.pb.go:94.32,94.33 0 0
github.com/MommusWinner/MicroDurak/internal/contracts/players/v1/players.pb.go:96.54,98.14 2 0
github.com/MommusWinner/MicroDurak/internal/contracts/players/v1/players.pb.go:98.14,100.34 2 0
github.com/MommusWinner/MicroDurak/internal/contracts/players/v1/players.pb.go:100.34,102.4 1 0
github.com/MommusWinner/MicroDurak/internal/contracts/players/v1/players.pb.go:103.3,103.12 1 0
github.com/MommusWinner/MicroDurak/internal/contracts/players/v1/players.pb.go:105.2,105.24 1 0
github.com/MommusWinner/MicroDurak/internal/contracts/players/v1/players.pb.go:109.45,111.2 1 0
github.com/MommusWinner/MicroDurak/internal/contracts/players/v1/players.pb.go:113.33,114.14 1 0
github.com/MommusWinner/MicroDurak/internal/contracts/players/v1/players.pb.go:114.14,116.3 1 0
github.com/MommusWinner/MicroDurak/internal/contracts/players/v1/players.pb.go:117.2,117.11 1 0
github.com/MommusWinner/MicroDurak/internal/contracts/players/v1/players.pb.go:120.35,121.14 1 0
github.com/MommusWinner/MicroDurak/internal/contracts/players/v1/players.pb.go:121.14,123.3 1 0
github.com/MommusWinner/MicroDurak/internal/contracts/players/v1/players.pb.go:124.2,124.11 1 0
github.com/MommusWinner/MicroDurak/internal/contracts/players/v1/players.pb.go:127.33,128.14 1 0
github.com/MommusWinner/MicroDurak/internal/contracts/players/v1/players.pb.go:128.14,130.3 1 0
github.com/MommusWinner/MicroDurak/internal/contracts/players/v1/players.pb.go:131.2,131.10 1 0
github.com/MommusWinner/MicroDurak/internal/contracts/players/v1/players.pb.go:134.36,135.14 1 0
github.com/MommusWinner/MicroDurak/internal/contracts/players/v1/players.pb.go:135.14,137.3 1 0
github.com/MommusWinner/MicroDurak/internal/contracts/players/v1/players.pb.go:138.2,138.10 1 0
github.com/MommusWinner/MicroDurak/internal/contracts/players/v1/players.pb.go:151.35,156.2 4 0
github.com/MommusWinner/MicroDurak/internal/contracts/players/v1/players.pb.go:158.43,160.2 1 0
github.com/MommusWinner/MicroDurak/internal/contracts/players/v1/players.pb.go:162.41,162.42 0 0
github.com/MommusWinner/MicroDurak/internal/contracts/players/v1/players.pb.go:164.63,166.14 2 0
github.com/MommusWinner/MicroDurak/internal/contracts/players/v1/players.pb.go:166.14,168.34 2 0
github.com/MommusWinner/MicroDurak/internal/contracts/players/v1/players.pb.go:168.34,170.4 1 0
github.com/MommusWinner/MicroDurak/internal/contracts/players/v1/players.pb.go:171.3,171.12 1 0
github.com/MommusWinner/MicroDurak/internal/contracts/players/v1/players.pb.go:173.2,173.24 1 0
github.com/MommusWinner/MicroDurak/internal/contracts/players/v1/players.pb.go:177.54,179.2 1 0
github.com/MommusWinner/MicroDurak/internal/contracts/players/v1/players.pb.go:181.53,182.14 1 0
github.com/MommusWinner/MicroDurak/internal/contracts/players/v1/players.pb.go:182.14,184.3 1 0
github.com/MommusWinner/MicroDurak/internal/contracts/players/v1/players.pb.go:185.2,185.11 1 0
github.com/MommusWinner/MicroDurak/internal/contracts/players/v1/players.pb.go:188.48,189.14 1 0
github.com/MommusWinner/MicroDurak/internal/contracts/players/v1/players.pb.go:189.14,191.3 1 0
github.com/MommusWinner/MicroDurak/internal/contracts/players/v1/players.pb.go:192.2,192.11 1 0
github.com/MommusWinner/MicroDurak/internal/contracts/players/v1/players.pb.go:195.50,196.14 1 0
github.com/MommusWinner/MicroDurak/internal/contracts/players/v1/players.pb.go:196.14,198.3 1 0
github.com/MommusWinner/MicroDurak/internal/contracts/players/v1/players.pb.go:199.2,199.10 1 0
github.com/MommusWinner/MicroDurak/internal/contracts/players/v1/players.pb.go:202.49,203.14 1 0
github.com/MommusWinner/MicroDurak/internal/contracts/players/v1/players.pb.go:203.14,205.3 1 0
github.com/MommusWinner/MicroDurak/internal/contracts/players/v1/players.pb.go:206.2,206.10 1 0
github.com/MommusWinner/MicroDurak/internal/contracts/players/v1/players.pb.go:216.36,221.2 4 0
github.com/MommusWinner/MicroDurak/internal/contracts/players/v1/players.pb.go:223.44,225.2 1 0
github.com/MommusWinner/MicroDurak/internal/contracts/players/v1/players.pb.go:227.42,227.43 0 0
github.com/MommusWinner/MicroDurak/internal/contracts/players/v1/players.pb.go:229.64,231.14 2 0
github.com/MommusWinner/MicroDurak/internal/contracts/players/v1/players.pb.go:231.14,233.34 2 0
github.com/MommusWinner/MicroDurak/internal/contracts/players/v1/players.pb.go:233.34,235.4 1 0
github.com/MommusWinner/MicroDurak/internal/contracts/players/v1/players.pb.go:236.3,236.12 1 0
github.com/MommusWinner/MicroDurak/internal/contracts/players/v1/players.pb.go:238.2,238.24 1 0
github.com/MommusWinner/MicroDurak/internal/contracts/players/v1/players.pb.go:242.55,244.2 1 0
github.com/MommusWinner/MicroDurak/internal/contracts/players/v1/players.pb.go:246.43,247.14 1 0
github.com/MommusWinner/MicroDurak/internal/contracts/players/v1/players.pb.go:247.14,249.3 1 0
github.com/MommusWinner/MicroDurak/internal/contracts/players/v1/players.pb.go:250.2,250.11 1 0
github.com/MommusWinner/MicroDurak/internal/contracts/players/v1/players.pb.go:261.39,266.2 4 0
github.com/MommusWinner/MicroDurak/internal/contracts/players/v1/players.pb.go:268.47,270.2 1 0
github.com/MommusWinner/MicroDurak/internal/contracts/players/v1/players.pb.go:272.45,272.46 0 0
github.com/MommusWinner/MicroDurak/internal/contracts/players/v1/players.pb.go:274.67,276.14 2 0
github.com/MommusWinner/MicroDurak/internal/contracts/players/v1/players.pb.go:276.14,278.34 2 0
github.com/MommusWinner/MicroDurak/internal/contracts/players/v1/players.pb.go:278.34,280.4 1 0
github.com/MommusWinner/MicroDurak/internal/contracts/players/v1/players.pb.go:281.3,281.12 1 0
github.com/MommusWinner/MicroDurak/internal/contracts/players/v1/players.pb.go:283.2,283.24 1 0
github.com/MommusWinner/MicroDurak/internal/contracts/players/v1/players.pb.go:287.58,289.2 1 0
github.com/MommusWinner/MicroDurak/internal/contracts/players/v1/players.pb.go:291.48,292.14 1 0
github.com/MommusWinner/MicroDurak/internal/contracts/players/v1/players.pb.go:292.14,294.3 1 0
github.com/MommusWinner/MicroDurak/internal/contracts/players/v1/players.pb.go:295.2,295.11 1 0
github.com/MommusWinner/MicroDurak/internal/contracts/players/v1/players.pb.go:298.46,299.14 1 0
github.com/MommusWinner/MicroDurak/internal/contracts/players/v1/players.pb.go:299.14,301.3 1 0
github.com/MommusWinner/MicroDurak/internal/contracts/players/v1/players.pb.go:302.2,302.10 1 0
github.com/MommusWinner/MicroDurak/internal/contracts/players/v1/players.pb.go:312.37,317.2 4 0
github.com/MommusWinner/MicroDurak/internal/contracts/players/v1/players.pb.go:319.45,321.2 1 0
github.com/MommusWinner/MicroDurak/internal/contracts/players/v1/players.pb.go:323.43,323.44 0 0
github.com/MommusWinner/MicroDurak/internal/contracts/players/v1/players.pb.go:325.65,327.14 2 0
github.com/MommusWinner/MicroDurak/internal/contracts/players/v1/players.pb.go:327.14,329.34 2 0
github.com/MommusWinner/MicroDurak/internal/contracts/players/v1/players.pb.go:329.34,331.4 1 0
github.com/MommusWinner/MicroDurak/internal/contracts/players/v1/players.pb.go:332.3,332.12 1 0
github.com/MommusWinner/MicroDurak/internal/contracts/players/v1/players.pb.go:334.2,334.24 1 0
github.com/MommusWinner/MicroDurak/internal/contracts/players/v1/players.pb.go:338.56,340.2 1 0
github.com/MommusWinner/MicroDurak/internal/contracts/players/v1/players.pb.go:342.44,343.14 1 0
github.com/MommusWinner/MicroDurak/internal/contracts/players/v1/players.pb.go:343.14,345.3 1 0
github.com/MommusWinner/MicroDurak/internal/contracts/players/v1/players.pb.go:346.2,346.11 1 0
github.com/MommusWinner/MicroDurak/internal/contracts/players/v1/players.pb.go:357.44,362.2 4 0
github.com/MommusWinner/MicroDurak/internal/contracts/players/v1/players.pb.go:364.52,366.2 1 0
github.com/MommusWinner/MicroDurak/internal/contracts/players/v1/players.pb.go:368.50,368.51 0 0
github.com/MommusWinner/MicroDurak/internal/contracts/players/v1/players.pb.go:370.72,372.14 2 0
github.com/MommusWinner/MicroDurak/internal/contracts/players/v1/players.pb.go:372.14,374.34 2 0
github.com/MommusWinner/MicroDurak/internal/contracts/players/v1/players.pb.go:374.34,376.4 1 0
github.com/MommusWinner/MicroDurak/internal/contracts/players/v1/players.pb.go:377.3,377.12 1 0
github.com/MommusWinner/MicroDurak/internal/contracts/players/v1/players.pb.go:379.2,379.24 1 0
github.com/MommusWinner/MicroDurak/internal/contracts/players/v1/players.pb.go:383.63,385.2 1 0
github.com/MommusWinner/MicroDurak/internal/contracts/players/v1/players.pb.go:387.63,388.14 1 0
github.com/MommusWinner/MicroDurak/internal/contracts/players/v1/players.pb.go:388.14,390.3 1 0
github.com/MommusWinner/MicroDurak/internal/contracts/players/v1/players.pb.go:391.2,391.23 1 0
github.com/MommusWinner/MicroDurak/internal/contracts/players/v1/players.pb.go:394.84,395.14 1 0
github.com/MommusWinner/MicroDurak/internal/contracts/players/v1/players.pb.go:395.14,397.3 1 0
github.com/MommusWinner/MicroDurak/internal/contracts/players/v1/players.pb.go:398.2,398.12 1 0
github.com/MommusWinner/MicroDurak/internal/contracts/players/v1/players.pb.go:409.45,414.2 4 0
github.com/MommusWinner/MicroDurak/internal/contracts/players/v1/players.pb.go:416.53,418.2 1 0
github.com/MommusWinner/MicroDurak/internal/contracts/players/v1/players.pb.go:420.51,420.52 0 0
github.com/MommusWinner/MicroDurak/internal/contracts/players/v1/players.pb.go:422.73,424.14 2 0
github.com/MommusWinner/MicroDurak/internal/contracts/players/v1/players.pb.go:424.14,426.34 2 0
github.com/MommusWinner/MicroDurak/internal/contracts/players/v1/players.pb.go:426.34,428.4 1 0
github.com/MommusWinner/MicroDurak/internal/contracts/players/v1/players.pb.go:429.3,429.12 1 0
github.com/MommusWinner/MicroDurak/internal/contracts/players/v1/players.pb.go:431.2,431.24 1 0
github.com/MommusWinner/MicroDurak/internal/contracts/players/v1/players.pb.go:435.64,437.2 1 0
github.com/MommusWinner/MicroDurak/internal/contracts/players/v1/players.pb.go:439.63,440.14 1 0
github.com/MommusWinner/MicroDurak/internal/contracts/players/v1/players.pb.go:440.14,442.3 1 0
github.com/MommusWinner/MicroDurak/internal/contracts/players/v1/players.pb.go:443.2,443.11 1 0
github.com/MommusWinner/MicroDurak/internal/contracts/players/v1/players.pb.go:446.83,447.14 1 0
github.com/MommusWinner/MicroDurak/internal/contracts/players/v1/players.pb.go:447.14,449.3 1 0
github.com/MommusWinner/MicroDurak/internal/contracts/players/v1/players.pb.go:450.2,450.12 1 0
github.com/MommusWinner/MicroDurak/internal/contracts/players/v1/players.pb.go:461.42,466.2 4 0
github.com/MommusWinner/MicroDurak/internal/contracts/players/v1/players.pb.go:468.50,470.2 1 0
github.com/MommusWinner/MicroDurak/internal/contracts/players/v1/players.pb.go:472.48,472.49 0 0
github.com/MommusWinner/MicroDurak/internal/contracts/players/v1/players.pb.go:474.70,476.14 2 0
github.com/MommusWinner/MicroDurak/internal/contracts/players/v1/players.pb.go:476.14,478.34 2 0
github.com/MommusWinner/MicroDurak/internal/contracts/players/v1/players.pb.go:478.34,480.4 1 0
github.com/MommusWinner/MicroDurak/internal/contracts/players/v1/players.pb.go:481.3,481.12 1 0
github.com/MommusWinner/MicroDurak/internal/contracts/players/v1/players.pb.go:483.2,483.24 1 0
github.com/MommusWinner/MicroDurak/internal/contracts/players/v1/players.pb.go:487.61,489.2 1 0
github.com/MommusWinner/MicroDurak/internal/contracts/players/v1/players.pb.go:491.55,492.14 1 0
github.com/MommusWinner/MicroDurak/internal/contracts/players/v1/players.pb.go:492.14,494.3 1 0
github.com/MommusWinner/MicroDurak/internal/contracts/players/v1/players.pb.go:495.2,495.11 1 0
github.com/MommusWinner/MicroDurak/internal/contracts/players/v1/players.pb.go:498.57,499.14 1 0
github.com/MommusWinner/MicroDurak/internal/contracts/players/v1/players.pb.go:499.14,501.3 1 0
github.com/MommusWinner/MicroDurak/internal/contracts/players/v1/players.pb.go:502.2,502.10 1 0
github.com/MommusWinner/MicroDurak/internal/contracts/players/v1/players.pb.go:514.43,519.2 4 0
github.com/MommusWinner/MicroDurak/internal/contracts/players/v1/players.pb.go:521.51,523.2 1 0
github.com/MommusWinner/MicroDurak/internal/contracts/players/v1/players.pb.go:525.49,525.50 0 0
github.com/MommusWinner/MicroDurak/internal/contracts/players/v1/players.pb.go:527.71,529.14 2 0
github.com/MommusWinner/MicroDurak/internal/contracts/players/v1/players.pb.go:529.14,531.34 2 0
github.com/MommusWinner/MicroDurak/internal/contracts/players/v1/players.pb.go:531.34,533.4 1 0
github.com/MommusWinner/MicroDurak/internal/contracts/players/v1/players.pb.go:534.3,534.12 1 0
github.com/MommusWinner/MicroDurak/internal/contracts/players/v1/players.pb.go:536.2,536.24 1 0
github.com/MommusWinner/MicroDurak/internal/contracts/players/v1/players.pb.go:540.62,542.2 1 0
github.com/MommusWinner/MicroDurak/internal/contracts/players/v1/players.pb.go:544.56,545.14 1 0
github.com/MommusWinner/MicroDurak/internal/contracts/players/v1/players.pb.go:545.14,547.3 1 0
github.com/MommusWinner/MicroDurak/internal/contracts/players/v1/players.pb.go:548.2,548.11 1 0
github.com/MommusWinner/MicroDurak/internal/contracts/players/v1/players.pb.go:551.59,552.14 1 0
github.com/MommusWinner/MicroDurak/internal/contracts/players/v1/players.pb.go:552.14,554.3 1 0
github.com/MommusWinner/MicroDurak/internal/contracts/players/v1/players.pb.go:555.2,555.10 1 0
github.com/MommusWinner/MicroDurak/internal/contracts/players/v1/players.pb.go:558.65,559.14 1 0
github.com/MommusWinner/MicroDurak/internal/contracts/players/v1/players.pb.go:559.14,561.3 1 0
github.com/MommusWinner/MicroDurak/internal/contracts/players/v1/players.pb.go:562.2,562.10 1 0
github.com/MommusWinner/MicroDurak/internal/contracts/players/v1/players.pb.go:618.57,619.54 1 0
github.com/MommusWinner/MicroDurak/internal/contracts/players/v1/players.pb.go:619.54,621.3 1 0
github.com/MommusWinner/MicroDurak/internal/contracts/players/v1/players.pb.go:622.2,622.50 1 0
github.com/MommusWinner/MicroDurak/internal/contracts/players/v1/players.pb.go:656.13,656.53 1 0
github.com/MommusWinner/MicroDurak/internal/contracts/players/v1/players.pb.go:657.43,658.42 1 0
github.com/MommusWinner/MicroDurak/internal/contracts/players/v1/players.pb.go:658.42,660.3 1 0
github.com/MommusWinner/MicroDurak/internal/contracts/players/v1/players.pb.go:661.2,678.45 5 0
github.com/MommusWinner/MicroDurak/internal/contracts/players/v1/players_grpc.pb.go:40.66,42.2 1 0
github.com/MommusWinner/MicroDurak/internal/contracts/players/v1/players_grpc.pb.go:44.137,48.16 4 0
github.com/MommusWinner/MicroDurak/internal/contracts/players/v1/players_grpc.pb.go:48.16,50.3 1 0
github.com/MommusWinner/MicroDurak/internal/contracts/players/v1/players_grpc.pb.go:51.2,51.17 1 0
github.com/MommusWinner/MicroDurak/internal/contracts/players/v1/players_grpc.pb.go:54.120,58.16 4 0
github.com/MommusWinner/MicroDurak/internal/contracts/players/v1/players_grpc.pb.go:58.16,60.3 1 0
github.com/MommusWinner/MicroDurak/internal/contracts/players/v1/players_grpc.pb.go:61.2,61.17 1 0
github.com/MommusWinner/MicroDurak/internal/contracts/players/v1/players_grpc.pb.go:64.155,68.16 4 0
github.com/MommusWinner/MicroDurak/internal/contracts/players/v1/players_grpc.pb.go:68.16,70.3 1 0
github.com/MommusWinner/MicroDurak/internal/contracts/players/v1/players_grpc.pb.go:71.2,71.17 1 0
github.com/MommusWinner/MicroDurak/internal/contracts/players/v1/players_grpc.pb.go:91.115,93.2 1 0
github.com/MommusWinner/MicroDurak/internal/contracts/players/v1/players_grpc.pb.go:94.98,96.2 1 0
github.com/MommusWinner/MicroDurak/internal/contracts/players/v1/players_grpc.pb.go:97.133,99.2 1 0
github.com/MommusWinner/MicroDurak/internal/contracts/players/v1/players_grpc.pb.go:100.74,100.75 0 0
github.com/MommusWinner/MicroDurak/internal/contracts/players/v1/players_grpc.pb.go:101.74,101.75 0 0
github.com/MommusWinner/MicroDurak/internal/contracts/players/v1/players_grpc.pb.go:110.72,115.59 1 0
github.com/MommusWinner/MicroDurak/internal/contracts/players/v1/players_grpc.pb.go:115.59,117.3 1 0
github.com/MommusWinner/MicroDurak/internal/contracts/players/v1/players_grpc.pb.go:118.2,118.46 1 0
github.com/MommusWinner/MicroDurak/internal/contracts/players/v1/players_grpc.pb.go:121.165,123.32 2 0
github.com/MommusWinner/MicroDurak/internal/contracts/players/v1/players_grpc.pb.go:123.32,125.3 1 0
github.com/MommusWinner/MicroDurak/internal/contracts/players/v1/players_grpc.pb.go:126.2,126.24 1 0
github.com/MommusWinner/MicroDurak/internal/contracts/players/v1/players_grpc.pb.go:126.24,128.3 1 0
github.com/MommusWinner/MicroDurak/internal/contracts/players/v1/players_grpc.pb.go:129.2,133.77 2 0
github.com/MommusWinner/MicroDurak/internal/contracts/players/v1/players_grpc.pb.go:133.77,135.3 1 0
github.com/MommusWinner/MicroDurak/internal/contracts/players/v1/players_grpc.pb.go:136.2,136.44 1 0
github.com/MommusWinner/MicroDurak/internal/contracts/players/v1/players_grpc.pb.go:139.162,141.32 2 0
github.com/MommusWinner/MicroDurak/internal/contracts/players/v1/players_grpc.pb.go:141.32,143.3 1 0
github.com/MommusWinner/MicroDurak/internal/contracts/players/v1/players_grpc.pb.go:144.2,144.24 1 0
github.com/MommusWinner/MicroDurak/internal/contracts/players/v1/players_grpc.pb.go:144.24,146.3 1 0
github.com/MommusWinner/MicroDurak/internal/contracts/players/v1/players_grpc.pb.go:147.2,151.77 2 0
github.com/MommusWinner/MicroDurak/internal/contracts/players/v1/players_grpc.pb.go:151.77,153.3 1 0
github.com/MommusWinner/MicroDurak/internal/contracts/players/v1/players_grpc.pb.go:154.2,154.44 1 0
github.com/MommusWinner/MicroDurak/internal/contracts/players/v1/players_grpc.pb.go:157.170,159.32 2 0
github.com/MommusWinner/MicroDurak/internal/contracts/players/v1/players_grpc.pb.go:159.32,161.3 1 0
github.com/MommusWinner/MicroDurak/internal/contracts/players/v1/players_grpc.pb.go:162.2,162.24 1 0
github.com/MommusWinner/MicroDurak/internal/contracts/players/v1/players_grpc.pb.go:162.24,164.3 1 0
github.com/MommusWinner/MicroDurak/internal/contracts/players/v1/players_grpc.pb.go:165.2,169.77 2 0
github.com/MommusWinner/MicroDurak/internal/contracts/players/v1/players_grpc.pb.go:169.77,171.3 1 0
github.com/MommusWinner/MicroDurak/internal/contracts/players/v1/players_grpc.pb.go:172.2,172.44 1 0
github.com/MommusWinner/MicroDurak/internal/services/auth/delivery/http/docs/docs.go:171.13,173.2 1 0
github.com/MommusWinner/MicroDurak/internal/services/game/cmd/main.go:20.41,22.16 2 0
github.com/MommusWinner/MicroDurak/internal/services/game/cmd/main.go:22.16,24.3 1 0
github.com/MommusWinner/MicroDurak/internal/services/game/cmd/main.go:26.2,27.16 2 0
github.com/MommusWinner/MicroDurak/internal/services/game/cmd/main.go:27.16,29.3 1 0
github.com/MommusWinner/MicroDurak/internal/services/game/cmd/main.go:31.2,34.16 3 0
github.com/MommusWinner/MicroDurak/internal/services/game/cmd/main.go:34.16,36.3 1 0
github.com/MommusWinner/MicroDurak/internal/services/game/cmd/main.go:38.2,43.12 4 0
github.com/MommusWinner/MicroDurak/internal/services/game/cmd/main.go:43.12,45.3 1 0
github.com/MommusWinner/MicroDurak/internal/services/game/cmd/main.go:47.2,52.9 4 0
github.com/MommusWinner/MicroDurak/internal/services/game/cmd/main.go:53.24,54.13 1 0
github.com/MommusWinner/MicroDurak/internal/services/game/cmd/main.go:55.14,60.13 4 0
github.com/MommusWinner/MicroDurak/internal/services/game/cmd/main.go:64.68,67.16 3 0
github.com/MommusWinner/MicroDurak/internal/services/game/cmd/main.go:67.16,69.3 1 0
github.com/MommusWinner/MicroDurak/internal/services/game/cmd/main.go:71.2,71.46 1 0
github.com/MommusWinner/MicroDurak/internal/services/game/cmd/main.go:71.46,73.3 1 0
github.com/MommusWinner/MicroDurak/internal/services/game/cmd/main.go:74.2,74.12 1 0
github.com/MommusWinner/MicroDurak/internal/services/game/cmd/main.go:77.66,79.16 2 0
github.com/MommusWinner/MicroDurak/internal/services/game/cmd/main.go:79.16,81.3 1 0
github.com/MommusWinner/MicroDurak/internal/services/game/cmd/main.go:82.2,83.16 2 0
github.com/MommusWinner/MicroDurak/internal/services/game/cmd/main.go:83.16,85.3 1 0
github.com/MommusWinner/MicroDurak/internal/services/game/cmd/main.go:87.2,87.21 1 0
github.com/MommusWinner/MicroDurak/internal/services/game/cmd/main.go:90.13,93.40 2 0
github.com/MommusWinner/MicroDurak/internal/services/game/cmd/main.go:93.40,94.13 1 0
github.com/MommusWinner/MicroDurak/internal/services/auth/cmd/main.go:20.13,31.16 7 0
github.com/MommusWinner/MicroDurak/internal/services/auth/cmd/main.go:31.16,32.13 1 0
github.com/MommusWinner/MicroDurak/internal/services/auth/utils/jwt.go:11.61,13.16 2 0
github.com/MommusWinner/MicroDurak/internal/services/auth/utils/jwt.go:13.16,15.3 1 0
github.com/MommusWinner/MicroDurak/internal/services/auth/utils/jwt.go:16.2,16.48 1 0
github.com/MommusWinner/MicroDurak/internal/services/auth/utils/jwt.go:19.67,21.16 2 0
github.com/MommusWinner/MicroDurak/internal/services/auth/utils/jwt.go:21.16,23.3 1 0
github.com/MommusWinner/MicroDurak/internal/services/auth/utils/jwt.go:25.2,30.39 2 0
github.com/MommusWinner/MicroDurak/internal/services/auth/utils/passwords.go:5.52,8.2 2 0
github.com/MommusWinner/MicroDurak/internal/services/auth/utils/passwords.go:10.52,13.2 2 0
github.com/MommusWinner/MicroDurak/internal/services/auth/connection/auth.go:17.61,19.2 1 0
github.com/MommusWinner/MicroDurak/internal/services/auth/connection/auth.go:21.53,24.2 2 0
github.com/MommusWinner/MicroDurak/internal/services/auth/connection/auth.go:26.71,29.35 2 0
github.com/MommusWinner/MicroDurak/internal/services/auth/connection/auth.go:29.35,31.3 1 0
github.com/MommusWinner/MicroDurak/internal/services/auth/connection/auth.go:31.8,31.23 1 0
github.com/MommusWinner/MicroDurak/internal/services/auth/connection/auth.go:31.23,33.3 1 0
github.com/MommusWinner/MicroDurak/internal/services/auth/connection/auth.go:35.2,36.25 2 0
github.com/MommusWinner/MicroDurak/internal/services/auth/connection/auth.go:39.47,40.26 1 0
github.com/MommusWinner/MicroDurak/internal/services/auth/connection/auth.go:43.73,50.2 1 0
github.com/MommusWinner/MicroDurak/internal/services/auth/connection/connection.go:21.49,28.2 2 0
github.com/MommusWinner/MicroDurak/internal/services/auth/connection/connection.go:30.47,33.16 2 0
github.com/MommusWinner/MicroDurak/internal/services/auth/connection/connection.go:33.16,34.62 1 0
github.com/MommusWinner/MicroDurak/internal/services/auth/connection/connection.go:37.2,37.29 1 0
github.com/MommusWinner/MicroDurak/internal/services/auth/connection/connection.go:40.36,43.2 2 0
github.com/MommusWinner/MicroDurak/internal/services/auth/connection/connection.go:45.67,47.2 1 0
github.com/MommusWinner/MicroDurak/internal/services/auth/delivery/http/handlers.go:16.62,20.2 1 0
github.com/MommusWinner/MicroDurak/internal/services/auth/delivery/http/handlers.go:53.54,55.34 2 0
github.com/MommusWinner/MicroDurak/internal/services/auth/delivery/http/handlers.go:55.34,57.3 1 0
github.com/MommusWinner/MicroDurak/internal/services/auth/delivery/http/handlers.go:58.2,58.38 1 0
github.com/MommusWinner/MicroDurak/internal/services/auth/delivery/http/handlers.go:58.38,60.3 1 0
github.com/MommusWinner/MicroDurak/internal/services/auth/delivery/http/handlers.go:62.2,64.16 2 0
github.com/MommusWinner/MicroDurak/internal/services/auth/delivery/http/handlers.go:64.16,65.49 1 0
github.com/MommusWinner/MicroDurak/internal/services/auth/delivery/http/handlers.go:65.49,67.4 1 0
github.com/MommusWinner/MicroDurak/internal/services/auth/delivery/http/handlers.go:68.3,68.29 1 0
github.com/MommusWinner/MicroDurak/internal/services/auth/delivery/http/handlers.go:71.2,74.4 1 0
github.com/MommusWinner/MicroDurak/internal/services/auth/delivery/http/handlers.go:89.51,91.34 2 0
github.com/MommusWinner/MicroDurak/internal/services/auth/delivery/http/handlers.go:91.34,93.3 1 0
github.com/MommusWinner/MicroDurak/internal/services/auth/delivery/http/handlers.go:95.2,97.16 2 0
github.com/MommusWinner/MicroDurak/internal/services/auth/delivery/http/handlers.go:97.16,98.43 1 0
github.com/MommusWinner/MicroDurak/internal/services/auth/delivery/http/handlers.go:98.43,100.4 1 0
github.com/MommusWinner/MicroDurak/internal/services/auth/delivery/http/handlers.go:100.9,102.4 1 0
github.com/MommusWinner/MicroDurak/internal/services/auth/delivery/http/handlers.go:105.2,108.4 1 0
github.com/MommusWinner/MicroDurak/internal/services/auth/delivery/http/router.go:8.56,15.2 3 0
github.com/MommusWinner/MicroDurak/internal/services/auth/core/ctx.go:19.37,21.2 1 0
github.com/MommusWinner/MicroDurak/internal/services/auth/core/ctx.go:23.37,25.2 1 0
github.com/MommusWinner/MicroDurak/internal/services/auth/core/ctx.go:27.46,29.2 1 0
github.com/MommusWinner/MicroDurak/internal/services/auth/core/ctx.go:30.37,36.2 1 0
github.com/MommusWinner/MicroDurak/internal/services/auth/core/ctx.go:38.21,49.2 4 0
github.com/MommusWinner/MicroDurak/internal/services/auth/core/ctx.go:51.27,53.2 1 0
github.com/MommusWinner/MicroDurak/internal/services/auth/core/di.go:16.18,32.2 6 0
github.com/MommusWinner/MicroDurak/internal/services/auth/core/grpc_players_client.go:21.71,26.16 4 0
github.com/MommusWinner/MicroDurak/internal/services/auth/core/grpc_players_client.go:26.16,28.3 1 0
github.com/MommusWinner/MicroDurak/internal/services/auth/core/grpc_players_client.go:29.2,29.18 1 0
github.com/MommusWinner/MicroDurak/internal/services/auth/core/grpc_players_client.go:32.64,33.23 1 0
github.com/MommusWinner/MicroDurak/internal/services/auth/core/grpc_players_client.go:33.23,35.17 2 0
github.com/MommusWinner/MicroDurak/internal/services/auth/core/grpc_players_client.go:35.17,36.69 1 0
github.com/MommusWinner/MicroDurak/internal/services/auth/core/grpc_players_client.go:38.3,39.56 2 0
github.com/MommusWinner/MicroDurak/internal/services/auth/core/grpc_players_client.go:41.2,41.15 1 0
github.com/MommusWinner/MicroDurak/internal/services/auth/core/smtp.go:19.47,21.16 2 0
github.com/MommusWinner/MicroDurak/internal/services/auth/core/smtp.go:21.16,22.13 1 0
github.com/MommusWinner/MicroDurak/internal/services/auth/core/smtp.go:25.2,36.3 2 0
github.com/MommusWinner/MicroDurak/internal/services/auth/core/smtp.go:39.62,44.2 1 0
github.com/MommusWinner/MicroDurak/internal/services/game/grpc/methods.go:17.98,19.2 1 0
github.com/MommusWinner/MicroDurak/internal/services/game/grpc/methods.go:24.37,26.16 2 0
github.com/MommusWinner/MicroDurak/internal/services/game/grpc/methods.go:26.16,28.3 1 0
github.com/MommusWinner/MicroDurak/internal/services/game/grpc/methods.go:30.2,31.18 2 0
github.com/MommusWinner/MicroDurak/internal/services/auth/domain/cases/login.go:16.109,22.2 1 0
github.com/MommusWinner/MicroDurak/internal/services/auth/domain/cases/login.go:24.85,27.16 2 0
github.com/MommusWinner/MicroDurak/internal/services/auth/domain/cases/login.go:27.16,31.3 3 0
github.com/MommusWinner/MicroDurak/internal/services/auth/domain/cases/login.go:33.2,33.17 1 0
github.com/MommusWinner/MicroDurak/internal/services/auth/domain/cases/login.go:33.17,36.3 2 0
github.com/MommusWinner/MicroDurak/internal/services/auth/domain/cases/login.go:38.2,38.60 1 0
github.com/MommusWinner/MicroDurak/internal/services/auth/domain/cases/login.go:38.60,41.3 2 0
github.com/MommusWinner/MicroDurak/internal/services/auth/domain/cases/login.go:43.2,44.16 2 0
github.com/MommusWinner/MicroDurak/internal/services/auth/domain/cases/login.go:44.16,48.3 3 0
github.com/MommusWinner/MicroDurak/internal/services/auth/domain/cases/login.go:50.2,54.8 2 0
github.com/MommusWinner/MicroDurak/internal/services/auth/domain/cases/register.go:14.94,16.16 2 0
github.com/MommusWinner/MicroDurak/internal/services/auth/domain/cases/register.go:16.16,20.3 3 0
github.com/MommusWinner/MicroDurak/internal/services/auth/domain/cases/register.go:22.2,22.17 1 0
github.com/MommusWinner/MicroDurak/internal/services/auth/domain/cases/register.go:22.17,25.3 2 0
github.com/MommusWinner/MicroDurak/internal/services/auth/domain/cases/register.go:27.2,32.16 2 0
github.com/MommusWinner/MicroDurak/internal/services/auth/domain/cases/register.go:32.16,36.3 3 0
github.com/MommusWinner/MicroDurak/internal/services/auth/domain/cases/register.go:38.2,38.20 1 0
github.com/MommusWinner/MicroDurak/internal/services/auth/domain/cases/register.go:38.20,42.3 3 0
github.com/MommusWinner/MicroDurak/internal/services/auth/domain/cases/register.go:42.8,45.17 3 0
github.com/MommusWinner/MicroDurak/internal/services/auth/domain/cases/register.go:45.17,47.4 1 0
github.com/MommusWinner/MicroDurak/internal/services/auth/domain/cases/register.go:50.2,51.16 2 0
github.com/MommusWinner/MicroDurak/internal/services/auth/domain/cases/register.go:51.16,55.3 3 0
github.com/MommusWinner/MicroDurak/internal/services/auth/domain/cases/register.go:57.2,61.16 4 0
github.com/MommusWinner/MicroDurak/internal/services/auth/domain/cases/register.go:61.16,65.3 3 0
github.com/MommusWinner/MicroDurak/internal/services/auth/domain/cases/register.go:67.2,68.16 2 0
github.com/MommusWinner/MicroDurak/internal/services/auth/domain/cases/register.go:68.16,72.3 3 0
github.com/MommusWinner/MicroDurak/internal/services/auth/domain/cases/register.go:74.2,78.8 2 0
github.com/MommusWinner/MicroDurak/internal/services/game/controller/controller.go:25.18,31.2 1 0
github.com/MommusWinner/MicroDurak/internal/services/game/controller/controller.go:33.75,35.2 1 0
github.com/MommusWinner/MicroDurak/internal/services/game/controller/controller.go:37.70,39.2 1 0
github.com/MommusWinner/MicroDurak/internal/services/game/controller/controller.go:41.42,42.39 1 0
github.com/MommusWinner/MicroDurak/internal/services/game/controller/controller.go:42.39,46.17 4 0
github.com/MommusWinner/MicroDurak/internal/services/game/controller/controller.go:46.17,49.4 2 0
github.com/MommusWinner/MicroDurak/internal/services/game/controller/controller.go:51.3,52.17 2 0
github.com/MommusWinner/MicroDurak/internal/services/game/controller/controller.go:52.17,55.4 2 0
github.com/MommusWinner/MicroDurak/internal/services/game/controller/controller.go:57.3,57.50 1 0
github.com/MommusWinner/MicroDurak/internal/services/game/controller/controller.go:57.50,62.4 3 0
github.com/MommusWinner/MicroDurak/internal/services/game/controller/controller.go:63.3,63.32 1 0
github.com/MommusWinner/MicroDurak/internal/services/game/controller/controller.go:67.68,79.16 4 0
github.com/MommusWinner/MicroDurak/internal/services/game/controller/controller.go:79.16,81.13 2 0
github.com/MommusWinner/MicroDurak/internal/services/game/controller/controller.go:83.2,92.16 2 0
github.com/MommusWinner/MicroDurak/internal/services/game/controller/controller.go:92.16,94.13 2 0
github.com/MommusWinner/MicroDurak/internal/services/game/controller/controller.go:96.2,106.9 2 0
github.com/MommusWinner/MicroDurak/internal/services/game/controller/controller.go:106.9,107.23 1 0
github.com/MommusWinner/MicroDurak/internal/services/game/controller/controller.go:107.23,109.4 1 0
github.com/MommusWinner/MicroDurak/internal/services/game/controller/controller.go:117.9,129.16 4 0
github.com/MommusWinner/MicroDurak/internal/services/game/controller/controller.go:129.16,132.3 2 0
github.com/MommusWinner/MicroDurak/internal/services/game/controller/controller.go:134.2,143.16 2 0
github.com/MommusWinner/MicroDurak/internal/services/game/controller/controller.go:143.16,146.3 2 0
github.com/MommusWinner/MicroDurak/internal/services/game/controller/controller.go:148.2,156.16 2 0
github.com/MommusWinner/MicroDurak/internal/services/game/controller/controller.go:156.16,159.3 2 0
github.com/MommusWinner/MicroDurak/internal/services/game/controller/controller.go:161.2,173.16 4 0
github.com/MommusWinner/MicroDurak/internal/services/game/controller/controller.go:173.16,176.3 2 0
github.com/MommusWinner/MicroDurak/internal/services/game/controller/controller.go:178.2,178.12 1 0
github.com/MommusWinner/MicroDurak/internal/services/auth/infra/config/config.go:41.21,44.16 3 0
github.com/MommusWinner/MicroDurak/internal/services/auth/infra/config/config.go:44.16,46.3 1 0
github.com/MommusWinner/MicroDurak/internal/services/auth/infra/config/config.go:49.2,50.16 2 0
github.com/MommusWinner/MicroDurak/internal/services/auth/infra/config/config.go:50.16,52.3 1 0
github.com/MommusWinner/MicroDurak/internal/services/auth/infra/config/config.go:53.2,53.12 1 0
github.com/MommusWinner/MicroDurak/internal/services/auth/infra/config/config.go:56.41,58.2 1 0
github.com/MommusWinner/MicroDurak/internal/services/auth/infra/config/config.go:60.41,62.2 1 0
github.com/MommusWinner/MicroDurak/internal/services/auth/infra/config/config.go:64.35,66.2 1 0
github.com/MommusWinner/MicroDurak/internal/services/auth/infra/config/config.go:67.42,69.2 1 0
github.com/MommusWinner/MicroDurak/internal/services/auth/infra/config/config.go:71.39,73.2 1 0
github.com/MommusWinner/MicroDurak/internal/services/auth/infra/config/config.go:75.40,77.2 1 0
github.com/MommusWinner/MicroDurak/internal/services/auth/infra/config/config.go:79.39,81.2 1 0
github.com/MommusWinner/MicroDurak/internal/services/auth/infra/config/config.go:83.39,85.2 1 0
github.com/MommusWinner/MicroDurak/internal/services/auth/infra/config/config.go:87.36,89.2 1 0
github.com/MommusWinner/MicroDurak/internal/services/auth/infra/config/config.go:91.39,93.2 1 0
github.com/MommusWinner/MicroDurak/internal/services/game/config/config.go:15.30,18.16 3 0
github.com/MommusWinner/MicroDurak/internal/services/game/config/config.go:18.16,20.3 1 0
github.com/MommusWinner/MicroDurak/internal/services/game/config/config.go:23.2,24.16 2 0
github.com/MommusWinner/MicroDurak/internal/services/game/config/config.go:24.16,26.3 1 0
github.com/MommusWinner/MicroDurak/internal/services/game/config/config.go:28.2,28.17 1 0
github.com/MommusWinner/MicroDurak/internal/services/game-manager/delivery/http/handlers.go:20.118,25.2 1 0
github.com/MommusWinner/MicroDurak/internal/services/game-manager/delivery/http/handlers.go:27.60,31.9 3 0
github.com/MommusWinner/MicroDurak/internal/services/game-manager/delivery/http/handlers.go:31.9,32.16 1 0
github.com/MommusWinner/MicroDurak/internal/services/game-manager/delivery/http/handlers.go:32.16,34.4 1 0
github.com/MommusWinner/MicroDurak/internal/services/game-manager/delivery/http/handlers.go:35.3,35.48 1 0
github.com/MommusWinner/MicroDurak/internal/services/game-manager/delivery/http/handlers.go:38.2,39.18 2 0
github.com/MommusWinner/MicroDurak/internal/services/game-manager/delivery/http/handlers.go:39.18,41.16 2 0
github.com/MommusWinner/MicroDurak/internal/services/game-manager/delivery/http/handlers.go:41.16,43.4 1 0
github.com/MommusWinner/MicroDurak/internal/services/game-manager/delivery/http/handlers.go:44.3,44.13 1 0
github.com/MommusWinner/MicroDurak/internal/services/game-manager/delivery/http/handlers.go:47.2,47.16 1 0
github.com/MommusWinner/MicroDurak/internal/services/game-manager/delivery/http/handlers.go:47.16,48.16 1 0
github.com/MommusWinner/MicroDurak/internal/services/game-manager/delivery/http/handlers.go:48.16,50.4 1 0
github.com/MommusWinner/MicroDurak/internal/services/game-manager/delivery/http/handlers.go:51.3,51.13 1 0
github.com/MommusWinner/MicroDurak/internal/services/game-manager/delivery/http/handlers.go:53.2,63.12 4 0
github.com/MommusWinner/MicroDurak/internal/services/game-manager/delivery/http/metrics.go:10.41,12.2 1 0
github.com/MommusWinner/MicroDurak/internal/services/game-manager/delivery/http/metrics.go:14.73,16.2 1 0
github.com/MommusWinner/MicroDurak/internal/services/game-manager/delivery/http/metrics.go:18.73,20.2 1 0
github.com/MommusWinner/MicroDurak/internal/services/game-manager/delivery/http/router.go:9.79,11.2 1 0
github.com/MommusWinner/MicroDurak/internal/services/game-manager/delivery/http/websocket.go:12.65,14.2 1 0
github.com/MommusWinner/MicroDurak/internal/services/game-manager/delivery/http/websocket.go:16.70,19.2 2 0
github.com/MommusWinner/MicroDurak/internal/services/game-manager/delivery/http/websocket.go:21.63,23.2 1 0
github.com/MommusWinner/MicroDurak/internal/services/game-manager/delivery/http/websocket.go:25.42,27.2 1 0
github.com/MommusWinner/MicroDurak/internal/services/game-manager/core/ctx.go:21.37,23.2 1 0
github.com/MommusWinner/MicroDurak/internal/services/game-manager/core/ctx.go:25.37,27.2 1 0
github.com/MommusWinner/MicroDurak/internal/services/game-manager/core/ctx.go:29.44,31.2 1 0
github.com/MommusWinner/MicroDurak/internal/services/game-manager/core/ctx.go:33.37,40.2 1 0
github.com/MommusWinner/MicroDurak/internal/services/game-manager/core/ctx.go:42.21,47.16 4 0
github.com/MommusWinner/MicroDurak/internal/services/game-manager/core/ctx.go:47.16,48.13 1 0
github.com/MommusWinner/MicroDurak/internal/services/game-manager/core/ctx.go:51.2,58.3 2 0
github.com/MommusWinner/MicroDurak/internal/services/game-manager/core/ctx.go:61.27,63.2 1 0
github.com/MommusWinner/MicroDurak/internal/services/game-manager/core/di.go:15.18,29.2 3 0
github.com/MommusWinner/MicroDurak/internal/services/game-manager/cmd/main.go:15.13,24.12 6 0
github.com/MommusWinner/MicroDurak/internal/services/game-manager/cmd/main.go:24.12,26.66 2 0
github.com/MommusWinner/MicroDurak/internal/services/game-manager/cmd/main.go:26.66,28.4 1 0
github.com/MommusWinner/MicroDurak/internal/services/game-manager/cmd/main.go:31.2,34.9 3 0
github.com/MommusWinner/MicroDurak/internal/services/game-manager/cmd/main.go:35.24,37.18 2 0
github.com/MommusWinner/MicroDurak/internal/services/game-manager/cmd/main.go:38.14,41.66 3 0
github.com/MommusWinner/MicroDurak/internal/services/game-manager/cmd/main.go:45.42,49.48 3 0
github.com/MommusWinner/MicroDurak/internal/services/game-manager/cmd/main.go:49.48,51.3 1 0
github.com/MommusWinner/MicroDurak/internal/services/game-manager/connection/rabbitmq.go:20.59,25.2 1 0
github.com/MommusWinner/MicroDurak/internal/services/game-manager/connection/rabbitmq.go:27.99,34.16 5 0
github.com/MommusWinner/MicroDurak/internal/services/game-manager/connection/rabbitmq.go:34.16,37.3 2 0
github.com/MommusWinner/MicroDurak/internal/services/game-manager/connection/rabbitmq.go:39.2,47.16 2 0
github.com/MommusWinner/MicroDurak/internal/services/game-manager/connection/rabbitmq.go:47.16,50.3 2 0
github.com/MommusWinner/MicroDurak/internal/services/game-manager/connection/rabbitmq.go:52.2,61.16 2 0
github.com/MommusWinner/MicroDurak/internal/services/game-manager/connection/rabbitmq.go:61.16,64.3 2 0
github.com/MommusWinner/MicroDurak/internal/services/game-manager/connection/rabbitmq.go:66.2,75.16 2 0
github.com/MommusWinner/MicroDurak/internal/services/game-manager/connection/rabbitmq.go:75.16,78.3 2 0
github.com/MommusWinner/MicroDurak/internal/services/game-manager/connection/rabbitmq.go:80.2,80.22 1 0
github.com/MommusWinner/MicroDurak/internal/services/game-manager/connection/rabbitmq.go:80.22,82.3 1 0
github.com/MommusWinner/MicroDurak/internal/services/game-manager/connection/rabbitmq.go:84.2,84.12 1 0
github.com/MommusWinner/MicroDurak/internal/services/game-manager/connection/rabbitmq.go:87.61,89.16 2 0
github.com/MommusWinner/MicroDurak/internal/services/game-manager/connection/rabbitmq.go:89.16,92.3 2 0
github.com/MommusWinner/MicroDurak/internal/services/game-manager/connection/rabbitmq.go:93.2,106.16 5 0
github.com/MommusWinner/MicroDurak/internal/services/game-manager/connection/rabbitmq.go:106.16,109.3 2 0
github.com/MommusWinner/MicroDurak/internal/services/game-manager/connection/rabbitmq.go:111.2,120.16 2 0
github.com/MommusWinner/MicroDurak/internal/services/game-manager/connection/rabbitmq.go:120.16,123.3 2 0
github.com/MommusWinner/MicroDurak/internal/services/game-manager/connection/rabbitmq.go:125.2,133.16 2 0
github.com/MommusWinner/MicroDurak/internal/services/game-manager/connection/rabbitmq.go:133.16,136.3 2 0
github.com/MommusWinner/MicroDurak/internal/services/game-manager/connection/rabbitmq.go:138.2,150.16 4 0
github.com/MommusWinner/MicroDurak/internal/services/game-manager/connection/rabbitmq.go:150.16,153.3 2 0
github.com/MommusWinner/MicroDurak/internal/services/game-manager/connection/rabbitmq.go:155.2,155.12 1 0
github.com/MommusWinner/MicroDurak/internal/services/game-manager/connection/rabbitmq.go:158.55,160.16 2 0
github.com/MommusWinner/MicroDurak/internal/services/game-manager/connection/rabbitmq.go:160.16,162.3 1 0
github.com/MommusWinner/MicroDurak/internal/services/game-manager/connection/rabbitmq.go:164.2,164.18 1 0
github.com/MommusWinner/MicroDurak/internal/services/game-manager/connection/rabbitmq.go:167.35,168.17 1 0
github.com/MommusWinner/MicroDurak/internal/services/game-manager/connection/rabbitmq.go:168.17,170.3 1 0
github.com/MommusWinner/MicroDurak/internal/services/game-manager/infra/config/config.go:19.26,22.16 3 0
github.com/MommusWinner/MicroDurak/internal/services/game-manager/infra/config/config.go:22.16,24.3 1 0
github.com/MommusWinner/MicroDurak/internal/services/game-manager/infra/config/config.go:27.2,28.16 2 0
github.com/MommusWinner/MicroDurak/internal/services/game-manager/infra/config/config.go:28.16,30.3 1 0
github.com/MommusWinner/MicroDurak/internal/services/game-manager/infra/config/config.go:32.2,32.12 1 0
github.com/MommusWinner/MicroDurak/internal/services/game-manager/infra/config/config.go:35.40,37.2 1 0
github.com/MommusWinner/MicroDurak/internal/services/game-manager/infra/config/config.go:39.42,41.2 1 0
github.com/MommusWinner/MicroDurak/internal/services/game-manager/infra/config/config.go:43.35,45.2 1 0
github.com/MommusWinner/MicroDurak/internal/services/game-manager/infra/config/config.go:47.38,49.2 1 0
github.com/MommusWinner/MicroDurak/internal/services/game-manager/infra/config/config.go:51.40,53.2 1 0
github.com/MommusWinner/MicroDurak/internal/services/game-manager/infra/config/config.go:55.39,57.2 1 0
github.com/MommusWinner/MicroDurak/internal/services/matchmaker/types/errors.go:14.42,16.2 1 0
github.com/MommusWinner/MicroDurak/internal/services/matchmaker/types/errors.go:18.38,20.2 1 0
github.com/MommusWinner/MicroDurak/internal/services/matchmaker/types/matches.go:14.37,15.11 1 0
github.com/MommusWinner/MicroDurak/internal/services/matchmaker/types/matches.go:16.20,17.19 1 0
github.com/MommusWinner/MicroDurak/internal/services/matchmaker/types/matches.go:18.20,19.19 1 0
github.com/MommusWinner/MicroDurak/internal/services/matchmaker/types/matches.go:20.23,21.23 1 0
github.com/MommusWinner/MicroDurak/internal/services/matchmaker/types/matches.go:22.18,23.17 1 0
github.com/MommusWinner/MicroDurak/internal/services/matchmaker/types/matches.go:25.2,25.18 1 0
github.com/MommusWinner/MicroDurak/internal/services/matchmaker/cmd/main.go:25.51,30.16 4 0
github.com/MommusWinner/MicroDurak/internal/services/matchmaker/cmd/main.go:30.16,32.3 1 0
github.com/MommusWinner/MicroDurak/internal/services/matchmaker/cmd/main.go:34.2,35.16 2 0
github.com/MommusWinner/MicroDurak/internal/services/matchmaker/cmd/main.go:35.16,37.3 1 0
github.com/MommusWinner/MicroDurak/internal/services/matchmaker/cmd/main.go:38.2,45.16 4 0
github.com/MommusWinner/MicroDurak/internal/services/matchmaker/cmd/main.go:45.16,47.3 1 0
github.com/MommusWinner/MicroDurak/internal/services/matchmaker/cmd/main.go:48.2,51.16 3 0
github.com/MommusWinner/MicroDurak/internal/services/matchmaker/cmd/main.go:51.16,53.3 1 0
github.com/MommusWinner/MicroDurak/internal/services/matchmaker/cmd/main.go:54.2,64.12 7 0
github.com/MommusWinner/MicroDurak/internal/services/matchmaker/cmd/main.go:64.12,64.39 1 0
github.com/MommusWinner/MicroDurak/internal/services/matchmaker/cmd/main.go:65.2,65.12 1 0
github.com/MommusWinner/MicroDurak/internal/services/matchmaker/cmd/main.go:65.12,65.53 1 0
github.com/MommusWinner/MicroDurak/internal/services/matchmaker/cmd/main.go:67.2,70.52 3 0
github.com/MommusWinner/MicroDurak/internal/services/matchmaker/cmd/main.go:70.52,75.49 4 0
github.com/MommusWinner/MicroDurak/internal/services/matchmaker/cmd/main.go:75.49,78.26 2 0
github.com/MommusWinner/MicroDurak/internal/services/matchmaker/cmd/main.go:78.26,80.5 1 0
github.com/MommusWinner/MicroDurak/internal/services/matchmaker/cmd/main.go:81.4,81.14 1 0
github.com/MommusWinner/MicroDurak/internal/services/matchmaker/cmd/main.go:83.3,83.21 1 0
github.com/MommusWinner/MicroDurak/internal/services/matchmaker/cmd/main.go:86.2,86.9 1 0
github.com/MommusWinner/MicroDurak/internal/services/matchmaker/cmd/main.go:87.24,88.31 1 0
github.com/MommusWinner/MicroDurak/internal/services/matchmaker/cmd/main.go:89.14,92.31 2 0
github.com/MommusWinner/MicroDurak/internal/services/matchmaker/cmd/main.go:101.13,107.36 4 0
github.com/MommusWinner/MicroDurak/internal/services/matchmaker/cmd/main.go:107.36,109.3 1 0
github.com/MommusWinner/MicroDurak/internal/services/players/cmd/docs/docs.go:34.13,36.2 1 0
github.com/MommusWinner/MicroDurak/internal/services/players/cmd/main.go:20.13,28.12 6 0
github.com/MommusWinner/MicroDurak/internal/services/players/cmd/main.go:28.12,32.3 3 0
github.com/MommusWinner/MicroDurak/internal/services/players/cmd/main.go:33.2,33.12 1 0
github.com/MommusWinner/MicroDurak/internal/services/players/cmd/main.go:33.12,37.3 3 0
github.com/MommusWinner/MicroDurak/internal/services/players/cmd/main.go:39.2,47.60 7 0
github.com/MommusWinner/MicroDurak/internal/services/players/core/ctx.go:22.30,25.16 3 0
github.com/MommusWinner/MicroDurak/internal/services/players/core/ctx.go:25.16,27.3 1 0
github.com/MommusWinner/MicroDurak/internal/services/players/core/ctx.go:30.2,31.16 2 0
github.com/MommusWinner/MicroDurak/internal/services/players/core/ctx.go:31.16,33.3 1 0
github.com/MommusWinner/MicroDurak/internal/services/players/core/ctx.go:35.2,35.17 1 0
[...]
github.com/MommusWinner/MicroDurak/internal/services/matchmaker/redis/client.go:257.71,259.16 2 0
github.com/MommusWinner/MicroDurak/internal/services/matchmaker/redis/client.go:259.16,261.3 1 0
github.com/MommusWinner/MicroDurak/internal/services/matchmaker/redis/client.go:263.2,263.24 1 0
github.com/MommusWinner/MicroDurak/internal/services/matchmaker/redis/client.go:266.100,270.16 4 0
github.com/MommusWinner/MicroDurak/internal/services/matchmaker/redis/client.go:270.16,272.3 1 0
github.com/MommusWinner/MicroDurak/internal/services/matchmaker/redis/client.go:274.2,274.20 1 0
github.com/MommusWinner/MicroDurak/internal/services/matchmaker/redis/client.go:277.92,287.16 7 0
github.com/MommusWinner/MicroDurak/internal/services/matchmaker/redis/client.go:287.16,289.3 1 0
github.com/MommusWinner/MicroDurak/internal/services/matchmaker/redis/client.go:291.2,292.16 2 0
github.com/MommusWinner/MicroDurak/internal/services/matchmaker/redis/client.go:292.16,294.3 1 0
github.com/MommusWinner/MicroDurak/internal/services/matchmaker/redis/client.go:296.2,299.16 3 0
github.com/MommusWinner/MicroDurak/internal/services/matchmaker/redis/client.go:299.16,301.3 1 0
github.com/MommusWinner/MicroDurak/internal/services/matchmaker/redis/client.go:303.2,304.16 2 0
github.com/MommusWinner/MicroDurak/internal/services/matchmaker/redis/client.go:304.16,305.13 1 0
github.com/MommusWinner/MicroDurak/internal/services/matchmaker/redis/client.go:308.2,308.12 1 0
github.com/MommusWinner/MicroDurak/internal/services/matchmaker/redis/client.go:311.84,315.16 3 0
github.com/MommusWinner/MicroDurak/internal/services/matchmaker/redis/client.go:315.16,317.3 1 0
github.com/MommusWinner/MicroDurak/internal/services/matchmaker/redis/client.go:319.2,319.22 1 0
github.com/MommusWinner/MicroDurak/internal/services/matchmaker/redis/client.go:322.108,325.16 3 0
github.com/MommusWinner/MicroDurak/internal/services/matchmaker/redis/client.go:325.16,327.3 1 0
github.com/MommusWinner/MicroDurak/internal/services/matchmaker/redis/client.go:329.2,329.21 1 0
github.com/MommusWinner/MicroDurak/internal/services/matchmaker/redis/client.go:332.98,334.16 2 0
github.com/MommusWinner/MicroDurak/internal/services/matchmaker/redis/client.go:334.16,336.3 1 0
github.com/MommusWinner/MicroDurak/internal/services/matchmaker/redis/client.go:337.2,337.12 1 0
github.com/MommusWinner/MicroDurak/internal/services/matchmaker/redis/client.go:340.77,343.16 3 0
github.com/MommusWinner/MicroDurak/internal/services/matchmaker/redis/client.go:343.16,345.3 1 0
github.com/MommusWinner/MicroDurak/internal/services/matchmaker/redis/client.go:347.2,349.16 3 0
github.com/MommusWinner/MicroDurak/internal/services/matchmaker/redis/client.go:349.16,351.3 1 0
github.com/MommusWinner/MicroDurak/internal/services/matchmaker/redis/client.go:352.2,352.12 1 0
github.com/MommusWinner/MicroDurak/internal/services/matchmaker/redis/client.go:355.86,358.16 3 0
github.com/MommusWinner/MicroDurak/internal/services/matchmaker/redis/client.go:358.16,360.3 1 0
github.com/MommusWinner/MicroDurak/internal/services/matchmaker/redis/client.go:362.2,362.24 1 0
github.com/MommusWinner/MicroDurak/internal/services/players/domain/cases/match.go:19.56,23.2 1 0
github.com/MommusWinner/MicroDurak/internal/services/players/domain/cases/match.go:25.144,26.36 1 0
github.com/MommusWinner/MicroDurak/internal/services/players/domain/cases/match.go:26.36,29.3 2 0
github.com/MommusWinner/MicroDurak/internal/services/players/domain/cases/match.go:31.2,33.49 2 0
github.com/MommusWinner/MicroDurak/internal/services/players/domain/cases/match.go:33.49,35.17 2 0
github.com/MommusWinner/MicroDurak/internal/services/players/domain/cases/match.go:35.17,38.4 2 0
github.com/MommusWinner/MicroDurak/internal/services/players/domain/cases/match.go:39.3,40.17 2 0
github.com/MommusWinner/MicroDurak/internal/services/players/domain/cases/match.go:40.17,43.4 2 0
github.com/MommusWinner/MicroDurak/internal/services/players/domain/cases/match.go:44.3,44.18 1 0
github.com/MommusWinner/MicroDurak/internal/services/players/domain/cases/match.go:44.18,47.4 2 0
github.com/MommusWinner/MicroDurak/internal/services/players/domain/cases/match.go:48.3,52.4 1 0
github.com/MommusWinner/MicroDurak/internal/services/players/domain/cases/match.go:55.2,58.113 2 0
github.com/MommusWinner/MicroDurak/internal/services/players/domain/cases/match.go:58.113,60.18 2 0
github.com/MommusWinner/MicroDurak/internal/services/players/domain/cases/match.go:60.18,62.5 1 0
github.com/MommusWinner/MicroDurak/internal/services/players/domain/cases/match.go:64.4,66.18 2 0
github.com/MommusWinner/MicroDurak/internal/services/players/domain/cases/match.go:66.18,68.5 1 0
github.com/MommusWinner/MicroDurak/internal/services/players/domain/cases/match.go:70.4,70.40 1 0
github.com/MommusWinner/MicroDurak/internal/services/players/domain/cases/match.go:70.40,71.122 1 0
github.com/MommusWinner/MicroDurak/internal/services/players/domain/cases/match.go:71.122,73.6 1 0
github.com/MommusWinner/MicroDurak/internal/services/players/domain/cases/match.go:75.5,75.89 1 0
github.com/MommusWinner/MicroDurak/internal/services/players/domain/cases/match.go:75.89,77.6 1 0
github.com/MommusWinner/MicroDurak/internal/services/players/domain/cases/match.go:79.5,83.6 1 0
github.com/MommusWinner/MicroDurak/internal/services/players/domain/cases/match.go:86.4,91.14 2 0
github.com/MommusWinner/MicroDurak/internal/services/players/domain/cases/match.go:94.2,94.16 1 0
github.com/MommusWinner/MicroDurak/internal/services/players/domain/cases/match.go:94.16,96.3 1 0
github.com/MommusWinner/MicroDurak/internal/services/players/domain/cases/match.go:98.2,98.8 1 0
github.com/MommusWinner/MicroDurak/internal/services/players/domain/cases/match.go:101.147,103.16 2 0
github.com/MommusWinner/MicroDurak/internal/services/players/domain/cases/match.go:103.16,106.3 2 0
github.com/MommusWinner/MicroDurak/internal/services/players/domain/cases/match.go:108.2,109.16 2 0
github.com/MommusWinner/MicroDurak/internal/services/players/domain/cases/match.go:109.16,112.3 2 0
github.com/MommusWinner/MicroDurak/internal/services/players/domain/cases/match.go:114.2,118.39 4 0
github.com/MommusWinner/MicroDurak/internal/services/players/domain/cases/match.go:118.39,127.3 2 0
github.com/MommusWinner/MicroDurak/internal/services/players/domain/cases/match.go:129.2,129.18 1 0
github.com/MommusWinner/MicroDurak/internal/services/players/domain/cases/match.go:132.147,134.16 2 0
github.com/MommusWinner/MicroDurak/internal/services/players/domain/cases/match.go:134.16,137.3 2 0
github.com/MommusWinner/MicroDurak/internal/services/players/domain/cases/match.go:139.2,142.32 3 0
github.com/MommusWinner/MicroDurak/internal/services/players/domain/cases/match.go:142.32,147.17 4 0
github.com/MommusWinner/MicroDurak/internal/services/players/domain/cases/match.go:147.17,149.12 2 0
github.com/MommusWinner/MicroDurak/internal/services/players/domain/cases/match.go:152.3,152.40 1 0
github.com/MommusWinner/MicroDurak/internal/services/players/domain/cases/match.go:152.40,161.4 2 0
github.com/MommusWinner/MicroDurak/internal/services/players/domain/cases/match.go:164.2,164.18 1 0
github.com/MommusWinner/MicroDurak/internal/services/players/domain/cases/player.go:15.59,19.2 1 0
github.com/MommusWinner/MicroDurak/internal/services/players/domain/cases/player.go:21.102,23.16 2 0
github.com/MommusWinner/MicroDurak/internal/services/players/domain/cases/player.go:23.16,27.3 3 0
github.com/MommusWinner/MicroDurak/internal/services/players/domain/cases/player.go:29.2,32.8 2 0
github.com/MommusWinner/MicroDurak/internal/services/players/domain/cases/player.go:35.105,37.16 2 0
github.com/MommusWinner/MicroDurak/internal/services/players/domain/cases/player.go:37.16,42.3 3 0
github.com/MommusWinner/MicroDurak/internal/services/players/domain/cases/player.go:44.2,47.8 2 0
github.com/MommusWinner/MicroDurak/internal/services/players/domain/cases/player.go:50.104,52.16 2 0
github.com/MommusWinner/MicroDurak/internal/services/players/domain/cases/player.go:52.16,56.3 3 0
github.com/MommusWinner/MicroDurak/internal/services/players/domain/cases/player.go:58.2,61.8 2 0
github.com/MommusWinner/MicroDurak/internal/services/players/infra/config/config.go:18.21,21.16 3 0
github.com/MommusWinner/MicroDurak/internal/services/players/infra/config/config.go:21.16,23.3 1 0
github.com/MommusWinner/MicroDurak/internal/services/players/infra/config/config.go:26.2,27.16 2 0
github.com/MommusWinner/MicroDurak/internal/services/players/infra/config/config.go:27.16,29.3 1 0
github.com/MommusWinner/MicroDurak/internal/services/players/infra/config/config.go:30.2,30.12 1 0
github.com/MommusWinner/MicroDurak/internal/services/players/infra/config/config.go:33.40,35.2 1 0
github.com/MommusWinner/MicroDurak/internal/services/players/infra/config/config.go:37.39,39.2 1 0
github.com/MommusWinner/MicroDurak/internal/services/players/infra/config/config.go:41.39,43.2 1 0
github.com/MommusWinner/MicroDurak/internal/services/players/infra/config/config.go:44.42,46.2 1 0
github.com/MommusWinner/MicroDurak/internal/services/players/infra/config/config.go:48.39,50.2 1 0
github.com/MommusWinner/MicroDurak/lib/smtp/smtp.go:25.118,35.69 8 0
github.com/MommusWinner/MicroDurak/lib/smtp/smtp.go:35.69,37.3 1 0
github.com/MommusWinner/MicroDurak/lib/smtp/smtp.go:39.2,50.25 9 0
github.com/MommusWinner/MicroDurak/lib/amqppool/pool.go:16.71,17.36 1 0
github.com/MommusWinner/MicroDurak/lib/amqppool/pool.go:17.36,18.62 1 0
github.com/MommusWinner/MicroDurak/lib/amqppool/pool.go:21.2,23.21 2 0
github.com/MommusWinner/MicroDurak/lib/amqppool/pool.go:23.21,25.17 2 0
github.com/MommusWinner/MicroDurak/lib/amqppool/pool.go:25.17,27.12 2 0
github.com/MommusWinner/MicroDurak/lib/amqppool/pool.go:29.3,29.36 1 0
github.com/MommusWinner/MicroDurak/lib/amqppool/pool.go:31.2,31.13 1 0
github.com/MommusWinner/MicroDurak/lib/amqppool/pool.go:34.52,38.21 3 0
github.com/MommusWinner/MicroDurak/lib/amqppool/pool.go:38.21,42.3 3 0
github.com/MommusWinner/MicroDurak/lib/amqppool/pool.go:44.2,44.25 1 0
github.com/MommusWinner/MicroDurak/lib/amqppool/pool.go:47.48,51.30 3 0
github.com/MommusWinner/MicroDurak/lib/amqppool/pool.go:51.30,53.3 1 0
github.com/MommusWinner/MicroDurak/lib/amqppool/pool.go:53.8,55.3 1 0
github.com/MommusWinner/MicroDurak/lib/amqppool/pool.go:58.31,62.28 3 0
github.com/MommusWinner/MicroDurak/lib/amqppool/pool.go:62.28,64.3 1 0
github.com/MommusWinner/MicroDurak/lib/amqppool/pool.go:65.2,65.14 1 0
github.com/MommusWinner/MicroDurak/lib/validate/validate.go:14.48,15.47 1 0
github.com/MommusWinner/MicroDurak/lib/validate/validate.go:15.47,18.3 1 0
github.com/MommusWinner/MicroDurak/lib/validate/validate.go:19.2,19.12 1 0
github.com/MommusWinner/MicroDurak/lib/validate/validate.go:22.63,24.2 1 0
github.com/MommusWinner/MicroDurak/lib/jwt/check.go:10.80,12.16 2 0
github.com/MommusWinner/MicroDurak/lib/jwt/check.go:12.16,14.3 1 0
github.com/MommusWinner/MicroDurak/lib/jwt/check.go:15.2,16.16 2 0
github.com/MommusWinner/MicroDurak/lib/jwt/check.go:16.16,18.3 1 0
github.com/MommusWinner/MicroDurak/lib/jwt/check.go:20.2,20.71 1 0
github.com/MommusWinner/MicroDurak/lib/jwt/check.go:20.71,21.53 1 0
github.com/MommusWinner/MicroDurak/lib/jwt/check.go:21.53,23.4 1 0
github.com/MommusWinner/MicroDurak/lib/jwt/check.go:24.3,24.24 1 0
github.com/MommusWinner/MicroDurak/lib/jwt/check.go:27.2,27.16 1 0
github.com/MommusWinner/MicroDurak/lib/jwt/check.go:27.16,29.3 1 0
github.com/MommusWinner/MicroDurak/lib/jwt/check.go:31.2,31.26 1 0
github.com/MommusWinner/MicroDurak/lib/jwt/middleware.go:9.56,10.54 1 0
github.com/MommusWinner/MicroDurak/lib/jwt/middleware.go:10.54,11.37 1 0
github.com/MommusWinner/MicroDurak/lib/jwt/middleware.go:11.37,13.19 2 0
github.com/MommusWinner/MicroDurak/lib/jwt/middleware.go:13.19,15.5 1 0
github.com/MommusWinner/MicroDurak/lib/jwt/middleware.go:17.4,18.18 2 0
github.com/MommusWinner/MicroDurak/lib/jwt/middleware.go:18.18,20.5 1 0
github.com/MommusWinner/MicroDurak/lib/jwt/middleware.go:22.4,23.18 2 0
github.com/MommusWinner/MicroDurak/lib/jwt/middleware.go:23.18,25.5 1 0
github.com/MommusWinner/MicroDurak/lib/jwt/middleware.go:27.4,28.18 2 0
github.com/MommusWinner/MicroDurak/internal/services/game-manager/domain/cases/handle_message.go:16.96,21.2 1 7
github.com/MommusWinner/MicroDurak/internal/services/game-manager/domain/cases/handle_message.go:23.118,25.16 2 4
github.com/MommusWinner/MicroDurak/internal/services/game-manager/domain/cases/handle_message.go:25.16,29.3 3 2
github.com/MommusWinner/MicroDurak/internal/services/game-manager/domain/cases/handle_message.go:31.2,34.8 2 2
github.com/MommusWinner/MicroDurak/internal/services/game-manager/domain/cases/handle_message.go:37.88,46.12 6 5
github.com/MommusWinner/MicroDurak/internal/services/game-manager/domain/cases/handle_message.go:46.12,47.7 1 5
github.com/MommusWinner/MicroDurak/internal/services/game-manager/domain/cases/handle_message.go:47.7,48.11 1 6
github.com/MommusWinner/MicroDurak/internal/services/game-manager/domain/cases/handle_message.go:49.19,50.11 1 0
github.com/MommusWinner/MicroDurak/internal/services/game-manager/domain/cases/handle_message.go:51.12,53.19 2 6
github.com/MommusWinner/MicroDurak/internal/services/game-manager/domain/cases/handle_message.go:53.19,56.6 2 4
github.com/MommusWinner/MicroDurak/internal/services/game-manager/domain/cases/handle_message.go:57.5,64.19 3 2
github.com/MommusWinner/MicroDurak/internal/services/game-manager/domain/cases/handle_message.go:64.19,67.6 2 1
github.com/MommusWinner/MicroDurak/internal/services/game-manager/domain/cases/handle_message.go:68.5,68.28 1 1
github.com/MommusWinner/MicroDurak/internal/services/game-manager/domain/cases/handle_message.go:73.2,73.6 1 5
github.com/MommusWinner/MicroDurak/internal/services/game-manager/domain/cases/handle_message.go:73.6,74.89 1 281
github.com/MommusWinner/MicroDurak/internal/services/game-manager/domain/cases/handle_message.go:74.89,75.51 1 1
github.com/MommusWinner/MicroDurak/internal/services/game-manager/domain/cases/handle_message.go:75.51,77.5 1 1
github.com/MommusWinner/MicroDurak/internal/services/game-manager/domain/cases/handle_message.go:79.3,79.17 1 281
github.com/MommusWinner/MicroDurak/internal/services/game-manager/domain/cases/handle_message.go:79.17,81.4 1 280
github.com/MommusWinner/MicroDurak/internal/services/game-manager/domain/cases/handle_message.go:83.3,83.36 1 281
github.com/MommusWinner/MicroDurak/internal/services/matchmaker/matchmaker.go:50.15,54.2 3 1
github.com/MommusWinner/MicroDurak/internal/services/matchmaker/matchmaker.go:58.9,60.12 1 0
github.com/MommusWinner/MicroDurak/internal/services/matchmaker/matchmaker.go:60.12,61.7 1 0
github.com/MommusWinner/MicroDurak/internal/services/matchmaker/matchmaker.go:61.7,62.11 1 0
github.com/MommusWinner/MicroDurak/internal/services/matchmaker/matchmaker.go:63.22,64.11 1 0
github.com/MommusWinner/MicroDurak/internal/services/matchmaker/matchmaker.go:65.36,66.44 1 0
github.com/MommusWinner/MicroDurak/internal/services/matchmaker/matchmaker.go:67.41,69.19 2 0
github.com/MommusWinner/MicroDurak/internal/services/matchmaker/matchmaker.go:69.19,70.16 1 0
github.com/MommusWinner/MicroDurak/internal/services/matchmaker/matchmaker.go:72.5,72.44 1 0
github.com/MommusWinner/MicroDurak/internal/services/matchmaker/matchmaker.go:77.2,78.6 2 0
github.com/MommusWinner/MicroDurak/internal/services/matchmaker/matchmaker.go:78.6,79.10 1 0
github.com/MommusWinner/MicroDurak/internal/services/matchmaker/matchmaker.go:80.21,82.14 1 0
github.com/MommusWinner/MicroDurak/internal/services/matchmaker/matchmaker.go:83.19,84.25 1 0
github.com/MommusWinner/MicroDurak/internal/services/matchmaker/matchmaker.go:84.25,85.13 1 0
github.com/MommusWinner/MicroDurak/internal/services/matchmaker/matchmaker.go:87.4,88.18 2 0
github.com/MommusWinner/MicroDurak/internal/services/matchmaker/matchmaker.go:88.18,90.5 1 0
github.com/MommusWinner/MicroDurak/internal/services/matchmaker/matchmaker.go:96.59,97.40 1 4
github.com/MommusWinner/MicroDurak/internal/services/matchmaker/matchmaker.go:97.40,101.17 2 4
github.com/MommusWinner/MicroDurak/internal/services/matchmaker/matchmaker.go:101.17,103.4 1 1
github.com/MommusWinner/MicroDurak/internal/services/matchmaker/matchmaker.go:106.3,106.30 1 4
github.com/MommusWinner/MicroDurak/internal/services/matchmaker/matchmaker.go:107.24,113.46 3 3
github.com/MommusWinner/MicroDurak/internal/services/matchmaker/matchmaker.go:113.46,114.13 1 3
github.com/MommusWinner/MicroDurak/internal/services/matchmaker/matchmaker.go:115.10,115.25 1 0
github.com/MommusWinner/MicroDurak/internal/services/matchmaker/matchmaker.go:115.25,117.5 1 0
github.com/MommusWinner/MicroDurak/internal/services/matchmaker/matchmaker.go:118.23,125.33 4 1
github.com/MommusWinner/MicroDurak/internal/services/matchmaker/matchmaker.go:125.33,127.13 1 1
github.com/MommusWinner/MicroDurak/internal/services/matchmaker/matchmaker.go:128.10,128.25 1 0
github.com/MommusWinner/MicroDurak/internal/services/matchmaker/matchmaker.go:128.25,130.5 1 0
github.com/MommusWinner/MicroDurak/internal/services/matchmaker/matchmaker.go:134.2,134.12 1 4
github.com/MommusWinner/MicroDurak/internal/services/matchmaker/matchmaker.go:137.86,144.16 5 7
github.com/MommusWinner/MicroDurak/internal/services/matchmaker/matchmaker.go:144.16,146.3 1 0
github.com/MommusWinner/MicroDurak/internal/services/matchmaker/matchmaker.go:148.2,148.15 1 7
github.com/MommusWinner/MicroDurak/internal/services/matchmaker/matchmaker.go:148.15,150.17 2 2
github.com/MommusWinner/MicroDurak/internal/services/matchmaker/matchmaker.go:150.17,152.4 1 0
github.com/MommusWinner/MicroDurak/internal/services/matchmaker/matchmaker.go:154.3,154.22 1 2
github.com/MommusWinner/MicroDurak/internal/services/matchmaker/matchmaker.go:154.22,156.18 2 1
github.com/MommusWinner/MicroDurak/internal/services/matchmaker/matchmaker.go:156.18,158.5 1 0
github.com/MommusWinner/MicroDurak/internal/services/matchmaker/matchmaker.go:160.4,162.14 2 1
github.com/MommusWinner/MicroDurak/internal/services/matchmaker/matchmaker.go:164.8,166.17 2 5
github.com/MommusWinner/MicroDurak/internal/services/matchmaker/matchmaker.go:166.17,168.4 1 0
github.com/MommusWinner/MicroDurak/internal/services/matchmaker/matchmaker.go:170.3,170.24 1 5
github.com/MommusWinner/MicroDurak/internal/services/matchmaker/matchmaker.go:170.24,172.4 1 4
github.com/MommusWinner/MicroDurak/internal/services/matchmaker/matchmaker.go:175.3,176.17 2 1
github.com/MommusWinner/MicroDurak/internal/services/matchmaker/matchmaker.go:176.17,178.4 1 0
github.com/MommusWinner/MicroDurak/internal/services/matchmaker/matchmaker.go:180.2,180.12 1 2
github.com/MommusWinner/MicroDurak/internal/services/matchmaker/matchmaker.go:186.9,188.16 2 3
github.com/MommusWinner/MicroDurak/internal/services/matchmaker/matchmaker.go:188.16,190.3 1 0
github.com/MommusWinner/MicroDurak/internal/services/matchmaker/matchmaker.go:192.2,192.21 1 3
github.com/MommusWinner/MicroDurak/internal/services/matchmaker/matchmaker.go:192.21,194.3 1 2
github.com/MommusWinner/MicroDurak/internal/services/matchmaker/matchmaker.go:196.2,197.16 2 1
github.com/MommusWinner/MicroDurak/internal/services/matchmaker/matchmaker.go:197.16,199.3 1 0
github.com/MommusWinner/MicroDurak/internal/services/matchmaker/matchmaker.go:201.2,202.16 2 1
github.com/MommusWinner/MicroDurak/internal/services/matchmaker/matchmaker.go:202.16,204.3 1 0
github.com/MommusWinner/MicroDurak/internal/services/matchmaker/matchmaker.go:206.2,207.16 2 1
github.com/MommusWinner/MicroDurak/internal/services/matchmaker/matchmaker.go:207.16,209.3 1 0
github.com/MommusWinner/MicroDurak/internal/services/matchmaker/matchmaker.go:211.2,216.49 2 1
github.com/MommusWinner/MicroDurak/internal/services/matchmaker/matchmaker.go:216.49,222.3 3 2
github.com/MommusWinner/MicroDurak/internal/services/matchmaker/matchmaker.go:223.2,223.12 1 1
